[0.414s] DEBUG:colcon:Command line arguments: ['/usr/bin/colcon', 'build', '--symlink-install']
[0.415s] DEBUG:colcon:Parsed command line arguments: Namespace(allow_overriding=[], ament_cmake_args=None, base_paths=['.'], build_base='build', catkin_cmake_args=None, catkin_skip_building_tests=False, cmake_args=None, cmake_clean_cache=False, cmake_clean_first=False, cmake_force_configure=False, cmake_target=None, cmake_target_skip_unavailable=False, continue_on_error=False, event_handlers=None, executor='parallel', ignore_user_meta=False, install_base='install', log_base=None, log_level=None, main=<bound method BuildVerb.main of <colcon_core.verb.build.BuildVerb object at 0x7fd1050f7d60>>, merge_install=False, metas=['./colcon.meta'], packages_above=None, packages_above_and_dependencies=None, packages_above_depth=None, packages_end=None, packages_ignore=None, packages_ignore_regex=None, packages_select=None, packages_select_build_failed=False, packages_select_by_dep=None, packages_select_regex=None, packages_select_test_failures=False, packages_skip=None, packages_skip_build_finished=False, packages_skip_by_dep=None, packages_skip_regex=None, packages_skip_test_passed=False, packages_skip_up_to=None, packages_start=None, packages_up_to=None, packages_up_to_regex=None, parallel_workers=1, paths=None, symlink_install=True, test_result_base=None, verb_extension=<colcon_core.verb.build.BuildVerb object at 0x7fd1050f7d60>, verb_name='build', verb_parser=<colcon_defaults.argument_parser.defaults.DefaultArgumentsDecorator object at 0x7fd105102310>)
[0.486s] Level 1:colcon.colcon_core.package_discovery:discover_packages(colcon_meta) check parameters
[0.486s] Level 1:colcon.colcon_core.package_discovery:discover_packages(recursive) check parameters
[0.487s] Level 1:colcon.colcon_core.package_discovery:discover_packages(ignore) check parameters
[0.487s] Level 1:colcon.colcon_core.package_discovery:discover_packages(path) check parameters
[0.487s] Level 1:colcon.colcon_core.package_discovery:discover_packages(colcon_meta) discover
[0.487s] Level 1:colcon.colcon_core.package_discovery:discover_packages(recursive) discover
[0.487s] INFO:colcon.colcon_core.package_discovery:Crawling recursively for packages in '/home/psh/ros_code'
[0.487s] Level 1:colcon.colcon_core.package_identification:_identify(.) by extensions ['ignore', 'ignore_ament_install']
[0.488s] Level 1:colcon.colcon_core.package_identification:_identify(.) by extension 'ignore'
[0.488s] Level 1:colcon.colcon_core.package_identification:_identify(.) by extension 'ignore_ament_install'
[0.488s] Level 1:colcon.colcon_core.package_identification:_identify(.) by extensions ['colcon_pkg']
[0.488s] Level 1:colcon.colcon_core.package_identification:_identify(.) by extension 'colcon_pkg'
[0.488s] Level 1:colcon.colcon_core.package_identification:_identify(.) by extensions ['colcon_meta']
[0.488s] Level 1:colcon.colcon_core.package_identification:_identify(.) by extension 'colcon_meta'
[0.488s] Level 1:colcon.colcon_core.package_identification:_identify(.) by extensions ['ros']
[0.488s] Level 1:colcon.colcon_core.package_identification:_identify(.) by extension 'ros'
[0.529s] Level 1:colcon.colcon_core.package_identification:_identify(.) by extensions ['cmake', 'python']
[0.530s] Level 1:colcon.colcon_core.package_identification:_identify(.) by extension 'cmake'
[0.530s] Level 1:colcon.colcon_core.package_identification:_identify(.) by extension 'python'
[0.530s] Level 1:colcon.colcon_core.package_identification:_identify(.) by extensions ['python_setup_py']
[0.530s] Level 1:colcon.colcon_core.package_identification:_identify(.) by extension 'python_setup_py'
[0.530s] Level 1:colcon.colcon_core.package_identification:_identify(backup) by extensions ['ignore', 'ignore_ament_install']
[0.530s] Level 1:colcon.colcon_core.package_identification:_identify(backup) by extension 'ignore'
[0.530s] Level 1:colcon.colcon_core.package_identification:_identify(backup) by extension 'ignore_ament_install'
[0.531s] Level 1:colcon.colcon_core.package_identification:_identify(backup) by extensions ['colcon_pkg']
[0.531s] Level 1:colcon.colcon_core.package_identification:_identify(backup) by extension 'colcon_pkg'
[0.531s] Level 1:colcon.colcon_core.package_identification:_identify(backup) by extensions ['colcon_meta']
[0.531s] Level 1:colcon.colcon_core.package_identification:_identify(backup) by extension 'colcon_meta'
[0.531s] Level 1:colcon.colcon_core.package_identification:_identify(backup) by extensions ['ros']
[0.531s] Level 1:colcon.colcon_core.package_identification:_identify(backup) by extension 'ros'
[0.531s] Level 1:colcon.colcon_core.package_identification:_identify(backup) by extensions ['cmake', 'python']
[0.531s] Level 1:colcon.colcon_core.package_identification:_identify(backup) by extension 'cmake'
[0.532s] Level 1:colcon.colcon_core.package_identification:_identify(backup) by extension 'python'
[0.532s] Level 1:colcon.colcon_core.package_identification:_identify(backup) by extensions ['python_setup_py']
[0.532s] Level 1:colcon.colcon_core.package_identification:_identify(backup) by extension 'python_setup_py'
[1.382s] ERROR:colcon.colcon_core.package_identification:Exception in package identification extension 'python_setup_py' in 'backup': Command '['/usr/bin/python3', '-c', "import sys;from setuptools.extern.packaging.specifiers import SpecifierSet;from distutils.core import run_setup;dist = run_setup(    'setup.py', script_args=('--dry-run',), stop_after='config');skip_keys = ('cmdclass', 'distclass', 'ext_modules', 'metadata');data = {    key: value for key, value in dist.__dict__.items()     if (        not key.startswith('_') and         not callable(value) and         key not in skip_keys and         key not in dist.display_option_names    )};data['metadata'] = {    k: v for k, v in dist.metadata.__dict__.items()     if k not in ('license_files', 'provides_extras')};sys.stdout.buffer.write(repr(data).encode('utf-8'))"]' returned non-zero exit status 1.
Traceback (most recent call last):
  File "/usr/lib/python3/dist-packages/colcon_core/package_identification/__init__.py", line 142, in _identify
    retval = extension.identify(_reused_descriptor_instance)
  File "/usr/lib/python3/dist-packages/colcon_python_setup_py/package_identification/python_setup_py.py", line 48, in identify
    config = get_setup_information(setup_py)
  File "/usr/lib/python3/dist-packages/colcon_python_setup_py/package_identification/python_setup_py.py", line 241, in get_setup_information
    _setup_information_cache[hashable_env] = _get_setup_information(
  File "/usr/lib/python3/dist-packages/colcon_python_setup_py/package_identification/python_setup_py.py", line 281, in _get_setup_information
    result = subprocess.run(
  File "/usr/lib/python3.8/subprocess.py", line 516, in run
    raise CalledProcessError(retcode, process.args,
subprocess.CalledProcessError: Command '['/usr/bin/python3', '-c', "import sys;from setuptools.extern.packaging.specifiers import SpecifierSet;from distutils.core import run_setup;dist = run_setup(    'setup.py', script_args=('--dry-run',), stop_after='config');skip_keys = ('cmdclass', 'distclass', 'ext_modules', 'metadata');data = {    key: value for key, value in dist.__dict__.items()     if (        not key.startswith('_') and         not callable(value) and         key not in skip_keys and         key not in dist.display_option_names    )};data['metadata'] = {    k: v for k, v in dist.metadata.__dict__.items()     if k not in ('license_files', 'provides_extras')};sys.stdout.buffer.write(repr(data).encode('utf-8'))"]' returned non-zero exit status 1.

[1.383s] Level 1:colcon.colcon_core.package_identification:_identify(build) by extensions ['ignore', 'ignore_ament_install']
[1.383s] Level 1:colcon.colcon_core.package_identification:_identify(build) by extension 'ignore'
[1.384s] Level 1:colcon.colcon_core.package_identification:_identify(build) ignored
[1.384s] Level 1:colcon.colcon_core.package_identification:_identify(install) by extensions ['ignore', 'ignore_ament_install']
[1.384s] Level 1:colcon.colcon_core.package_identification:_identify(install) by extension 'ignore'
[1.384s] Level 1:colcon.colcon_core.package_identification:_identify(install) ignored
[1.385s] Level 1:colcon.colcon_core.package_identification:_identify(log) by extensions ['ignore', 'ignore_ament_install']
[1.385s] Level 1:colcon.colcon_core.package_identification:_identify(log) by extension 'ignore'
[1.385s] Level 1:colcon.colcon_core.package_identification:_identify(log) ignored
[1.385s] Level 1:colcon.colcon_core.package_identification:_identify(move_turtle_pkg) by extensions ['ignore', 'ignore_ament_install']
[1.385s] Level 1:colcon.colcon_core.package_identification:_identify(move_turtle_pkg) by extension 'ignore'
[1.385s] Level 1:colcon.colcon_core.package_identification:_identify(move_turtle_pkg) by extension 'ignore_ament_install'
[1.386s] Level 1:colcon.colcon_core.package_identification:_identify(move_turtle_pkg) by extensions ['colcon_pkg']
[1.386s] Level 1:colcon.colcon_core.package_identification:_identify(move_turtle_pkg) by extension 'colcon_pkg'
[1.386s] Level 1:colcon.colcon_core.package_identification:_identify(move_turtle_pkg) by extensions ['colcon_meta']
[1.386s] Level 1:colcon.colcon_core.package_identification:_identify(move_turtle_pkg) by extension 'colcon_meta'
[1.386s] Level 1:colcon.colcon_core.package_identification:_identify(move_turtle_pkg) by extensions ['ros']
[1.386s] Level 1:colcon.colcon_core.package_identification:_identify(move_turtle_pkg) by extension 'ros'
[1.395s] DEBUG:colcon.colcon_core.package_identification:Package 'move_turtle_pkg' with type 'ros.ament_python' and name 'move_turtle_pkg'
[1.396s] Level 1:colcon.colcon_core.package_identification:_identify(opencv_test) by extensions ['ignore', 'ignore_ament_install']
[1.396s] Level 1:colcon.colcon_core.package_identification:_identify(opencv_test) by extension 'ignore'
[1.396s] Level 1:colcon.colcon_core.package_identification:_identify(opencv_test) by extension 'ignore_ament_install'
[1.396s] Level 1:colcon.colcon_core.package_identification:_identify(opencv_test) by extensions ['colcon_pkg']
[1.397s] Level 1:colcon.colcon_core.package_identification:_identify(opencv_test) by extension 'colcon_pkg'
[1.397s] Level 1:colcon.colcon_core.package_identification:_identify(opencv_test) by extensions ['colcon_meta']
[1.397s] Level 1:colcon.colcon_core.package_identification:_identify(opencv_test) by extension 'colcon_meta'
[1.397s] Level 1:colcon.colcon_core.package_identification:_identify(opencv_test) by extensions ['ros']
[1.397s] Level 1:colcon.colcon_core.package_identification:_identify(opencv_test) by extension 'ros'
[1.397s] Level 1:colcon.colcon_core.package_identification:_identify(opencv_test) by extensions ['cmake', 'python']
[1.397s] Level 1:colcon.colcon_core.package_identification:_identify(opencv_test) by extension 'cmake'
[1.397s] Level 1:colcon.colcon_core.package_identification:_identify(opencv_test) by extension 'python'
[1.397s] Level 1:colcon.colcon_core.package_identification:_identify(opencv_test) by extensions ['python_setup_py']
[1.398s] Level 1:colcon.colcon_core.package_identification:_identify(opencv_test) by extension 'python_setup_py'
[1.398s] Level 1:colcon.colcon_core.package_identification:_identify(opencv_test/img) by extensions ['ignore', 'ignore_ament_install']
[1.398s] Level 1:colcon.colcon_core.package_identification:_identify(opencv_test/img) by extension 'ignore'
[1.398s] Level 1:colcon.colcon_core.package_identification:_identify(opencv_test/img) by extension 'ignore_ament_install'
[1.398s] Level 1:colcon.colcon_core.package_identification:_identify(opencv_test/img) by extensions ['colcon_pkg']
[1.398s] Level 1:colcon.colcon_core.package_identification:_identify(opencv_test/img) by extension 'colcon_pkg'
[1.398s] Level 1:colcon.colcon_core.package_identification:_identify(opencv_test/img) by extensions ['colcon_meta']
[1.398s] Level 1:colcon.colcon_core.package_identification:_identify(opencv_test/img) by extension 'colcon_meta'
[1.399s] Level 1:colcon.colcon_core.package_identification:_identify(opencv_test/img) by extensions ['ros']
[1.399s] Level 1:colcon.colcon_core.package_identification:_identify(opencv_test/img) by extension 'ros'
[1.399s] Level 1:colcon.colcon_core.package_identification:_identify(opencv_test/img) by extensions ['cmake', 'python']
[1.399s] Level 1:colcon.colcon_core.package_identification:_identify(opencv_test/img) by extension 'cmake'
[1.399s] Level 1:colcon.colcon_core.package_identification:_identify(opencv_test/img) by extension 'python'
[1.399s] Level 1:colcon.colcon_core.package_identification:_identify(opencv_test/img) by extensions ['python_setup_py']
[1.399s] Level 1:colcon.colcon_core.package_identification:_identify(opencv_test/img) by extension 'python_setup_py'
[1.399s] Level 1:colcon.colcon_core.package_identification:_identify(src) by extensions ['ignore', 'ignore_ament_install']
[1.400s] Level 1:colcon.colcon_core.package_identification:_identify(src) by extension 'ignore'
[1.400s] Level 1:colcon.colcon_core.package_identification:_identify(src) by extension 'ignore_ament_install'
[1.400s] Level 1:colcon.colcon_core.package_identification:_identify(src) by extensions ['colcon_pkg']
[1.403s] Level 1:colcon.colcon_core.package_identification:_identify(src) by extension 'colcon_pkg'
[1.403s] Level 1:colcon.colcon_core.package_identification:_identify(src) by extensions ['colcon_meta']
[1.403s] Level 1:colcon.colcon_core.package_identification:_identify(src) by extension 'colcon_meta'
[1.403s] Level 1:colcon.colcon_core.package_identification:_identify(src) by extensions ['ros']
[1.403s] Level 1:colcon.colcon_core.package_identification:_identify(src) by extension 'ros'
[1.403s] Level 1:colcon.colcon_core.package_identification:_identify(src) by extensions ['cmake', 'python']
[1.403s] Level 1:colcon.colcon_core.package_identification:_identify(src) by extension 'cmake'
[1.404s] Level 1:colcon.colcon_core.package_identification:_identify(src) by extension 'python'
[1.404s] Level 1:colcon.colcon_core.package_identification:_identify(src) by extensions ['python_setup_py']
[1.404s] Level 1:colcon.colcon_core.package_identification:_identify(src) by extension 'python_setup_py'
[1.404s] Level 1:colcon.colcon_core.package_identification:_identify(src/m_pubsub) by extensions ['ignore', 'ignore_ament_install']
[1.404s] Level 1:colcon.colcon_core.package_identification:_identify(src/m_pubsub) by extension 'ignore'
[1.404s] Level 1:colcon.colcon_core.package_identification:_identify(src/m_pubsub) by extension 'ignore_ament_install'
[1.405s] Level 1:colcon.colcon_core.package_identification:_identify(src/m_pubsub) by extensions ['colcon_pkg']
[1.405s] Level 1:colcon.colcon_core.package_identification:_identify(src/m_pubsub) by extension 'colcon_pkg'
[1.405s] Level 1:colcon.colcon_core.package_identification:_identify(src/m_pubsub) by extensions ['colcon_meta']
[1.405s] Level 1:colcon.colcon_core.package_identification:_identify(src/m_pubsub) by extension 'colcon_meta'
[1.405s] Level 1:colcon.colcon_core.package_identification:_identify(src/m_pubsub) by extensions ['ros']
[1.405s] Level 1:colcon.colcon_core.package_identification:_identify(src/m_pubsub) by extension 'ros'
[1.406s] DEBUG:colcon.colcon_core.package_identification:Package 'src/m_pubsub' with type 'ros.ament_python' and name 'm_pubsub'
[1.407s] Level 1:colcon.colcon_core.package_identification:_identify(src/test_interfaces) by extensions ['ignore', 'ignore_ament_install']
[1.407s] Level 1:colcon.colcon_core.package_identification:_identify(src/test_interfaces) by extension 'ignore'
[1.407s] Level 1:colcon.colcon_core.package_identification:_identify(src/test_interfaces) by extension 'ignore_ament_install'
[1.407s] Level 1:colcon.colcon_core.package_identification:_identify(src/test_interfaces) by extensions ['colcon_pkg']
[1.407s] Level 1:colcon.colcon_core.package_identification:_identify(src/test_interfaces) by extension 'colcon_pkg'
[1.407s] Level 1:colcon.colcon_core.package_identification:_identify(src/test_interfaces) by extensions ['colcon_meta']
[1.407s] Level 1:colcon.colcon_core.package_identification:_identify(src/test_interfaces) by extension 'colcon_meta'
[1.407s] Level 1:colcon.colcon_core.package_identification:_identify(src/test_interfaces) by extensions ['ros']
[1.408s] Level 1:colcon.colcon_core.package_identification:_identify(src/test_interfaces) by extension 'ros'
[1.414s] DEBUG:colcon.colcon_core.package_identification:Package 'src/test_interfaces' with type 'ros.ament_cmake' and name 'test_interfaces'
[1.415s] Level 1:colcon.colcon_core.package_identification:_identify(test_num) by extensions ['ignore', 'ignore_ament_install']
[1.416s] Level 1:colcon.colcon_core.package_identification:_identify(test_num) by extension 'ignore'
[1.416s] Level 1:colcon.colcon_core.package_identification:_identify(test_num) by extension 'ignore_ament_install'
[1.417s] Level 1:colcon.colcon_core.package_identification:_identify(test_num) by extensions ['colcon_pkg']
[1.417s] Level 1:colcon.colcon_core.package_identification:_identify(test_num) by extension 'colcon_pkg'
[1.417s] Level 1:colcon.colcon_core.package_identification:_identify(test_num) by extensions ['colcon_meta']
[1.421s] Level 1:colcon.colcon_core.package_identification:_identify(test_num) by extension 'colcon_meta'
[1.421s] Level 1:colcon.colcon_core.package_identification:_identify(test_num) by extensions ['ros']
[1.422s] Level 1:colcon.colcon_core.package_identification:_identify(test_num) by extension 'ros'
[1.424s] DEBUG:colcon.colcon_core.package_identification:Package 'test_num' with type 'ros.ament_python' and name 'test_num'
[1.425s] Level 1:colcon.colcon_core.package_discovery:discover_packages(recursive) using defaults
[1.425s] Level 1:colcon.colcon_core.package_discovery:discover_packages(ignore) discover
[1.425s] Level 1:colcon.colcon_core.package_discovery:discover_packages(ignore) using defaults
[1.425s] Level 1:colcon.colcon_core.package_discovery:discover_packages(path) discover
[1.425s] Level 1:colcon.colcon_core.package_discovery:discover_packages(path) using defaults
[1.495s] Level 1:colcon.colcon_core.package_discovery:discover_packages(prefix_path) check parameters
[1.495s] Level 1:colcon.colcon_core.package_discovery:discover_packages(prefix_path) discover
[1.506s] DEBUG:colcon.colcon_installed_package_information.package_discovery:Found 4 installed packages in /home/psh/ros_code/install
[1.511s] DEBUG:colcon.colcon_installed_package_information.package_discovery:Found 258 installed packages in /opt/ros/foxy
[1.515s] Level 1:colcon.colcon_core.package_discovery:discover_packages(prefix_path) using defaults
[1.670s] Level 5:colcon.colcon_core.verb:set package 'm_pubsub' build argument 'cmake_args' from command line to 'None'
[1.670s] Level 5:colcon.colcon_core.verb:set package 'm_pubsub' build argument 'cmake_target' from command line to 'None'
[1.670s] Level 5:colcon.colcon_core.verb:set package 'm_pubsub' build argument 'cmake_target_skip_unavailable' from command line to 'False'
[1.670s] Level 5:colcon.colcon_core.verb:set package 'm_pubsub' build argument 'cmake_clean_cache' from command line to 'False'
[1.670s] Level 5:colcon.colcon_core.verb:set package 'm_pubsub' build argument 'cmake_clean_first' from command line to 'False'
[1.670s] Level 5:colcon.colcon_core.verb:set package 'm_pubsub' build argument 'cmake_force_configure' from command line to 'False'
[1.670s] Level 5:colcon.colcon_core.verb:set package 'm_pubsub' build argument 'ament_cmake_args' from command line to 'None'
[1.671s] Level 5:colcon.colcon_core.verb:set package 'm_pubsub' build argument 'catkin_cmake_args' from command line to 'None'
[1.671s] Level 5:colcon.colcon_core.verb:set package 'm_pubsub' build argument 'catkin_skip_building_tests' from command line to 'False'
[1.671s] DEBUG:colcon.colcon_core.verb:Building package 'm_pubsub' with the following arguments: {'ament_cmake_args': None, 'build_base': '/home/psh/ros_code/build/m_pubsub', 'catkin_cmake_args': None, 'catkin_skip_building_tests': False, 'cmake_args': None, 'cmake_clean_cache': False, 'cmake_clean_first': False, 'cmake_force_configure': False, 'cmake_target': None, 'cmake_target_skip_unavailable': False, 'install_base': '/home/psh/ros_code/install/m_pubsub', 'merge_install': False, 'path': '/home/psh/ros_code/src/m_pubsub', 'symlink_install': True, 'test_result_base': None}
[1.674s] Level 5:colcon.colcon_core.verb:set package 'move_turtle_pkg' build argument 'cmake_args' from command line to 'None'
[1.674s] Level 5:colcon.colcon_core.verb:set package 'move_turtle_pkg' build argument 'cmake_target' from command line to 'None'
[1.674s] Level 5:colcon.colcon_core.verb:set package 'move_turtle_pkg' build argument 'cmake_target_skip_unavailable' from command line to 'False'
[1.675s] Level 5:colcon.colcon_core.verb:set package 'move_turtle_pkg' build argument 'cmake_clean_cache' from command line to 'False'
[1.675s] Level 5:colcon.colcon_core.verb:set package 'move_turtle_pkg' build argument 'cmake_clean_first' from command line to 'False'
[1.675s] Level 5:colcon.colcon_core.verb:set package 'move_turtle_pkg' build argument 'cmake_force_configure' from command line to 'False'
[1.675s] Level 5:colcon.colcon_core.verb:set package 'move_turtle_pkg' build argument 'ament_cmake_args' from command line to 'None'
[1.675s] Level 5:colcon.colcon_core.verb:set package 'move_turtle_pkg' build argument 'catkin_cmake_args' from command line to 'None'
[1.675s] Level 5:colcon.colcon_core.verb:set package 'move_turtle_pkg' build argument 'catkin_skip_building_tests' from command line to 'False'
[1.675s] DEBUG:colcon.colcon_core.verb:Building package 'move_turtle_pkg' with the following arguments: {'ament_cmake_args': None, 'build_base': '/home/psh/ros_code/build/move_turtle_pkg', 'catkin_cmake_args': None, 'catkin_skip_building_tests': False, 'cmake_args': None, 'cmake_clean_cache': False, 'cmake_clean_first': False, 'cmake_force_configure': False, 'cmake_target': None, 'cmake_target_skip_unavailable': False, 'install_base': '/home/psh/ros_code/install/move_turtle_pkg', 'merge_install': False, 'path': '/home/psh/ros_code/move_turtle_pkg', 'symlink_install': True, 'test_result_base': None}
[1.679s] Level 5:colcon.colcon_core.verb:set package 'test_interfaces' build argument 'cmake_args' from command line to 'None'
[1.679s] Level 5:colcon.colcon_core.verb:set package 'test_interfaces' build argument 'cmake_target' from command line to 'None'
[1.679s] Level 5:colcon.colcon_core.verb:set package 'test_interfaces' build argument 'cmake_target_skip_unavailable' from command line to 'False'
[1.679s] Level 5:colcon.colcon_core.verb:set package 'test_interfaces' build argument 'cmake_clean_cache' from command line to 'False'
[1.679s] Level 5:colcon.colcon_core.verb:set package 'test_interfaces' build argument 'cmake_clean_first' from command line to 'False'
[1.679s] Level 5:colcon.colcon_core.verb:set package 'test_interfaces' build argument 'cmake_force_configure' from command line to 'False'
[1.680s] Level 5:colcon.colcon_core.verb:set package 'test_interfaces' build argument 'ament_cmake_args' from command line to 'None'
[1.680s] Level 5:colcon.colcon_core.verb:set package 'test_interfaces' build argument 'catkin_cmake_args' from command line to 'None'
[1.680s] Level 5:colcon.colcon_core.verb:set package 'test_interfaces' build argument 'catkin_skip_building_tests' from command line to 'False'
[1.680s] DEBUG:colcon.colcon_core.verb:Building package 'test_interfaces' with the following arguments: {'ament_cmake_args': None, 'build_base': '/home/psh/ros_code/build/test_interfaces', 'catkin_cmake_args': None, 'catkin_skip_building_tests': False, 'cmake_args': None, 'cmake_clean_cache': False, 'cmake_clean_first': False, 'cmake_force_configure': False, 'cmake_target': None, 'cmake_target_skip_unavailable': False, 'install_base': '/home/psh/ros_code/install/test_interfaces', 'merge_install': False, 'path': '/home/psh/ros_code/src/test_interfaces', 'symlink_install': True, 'test_result_base': None}
[1.683s] Level 5:colcon.colcon_core.verb:set package 'test_num' build argument 'cmake_args' from command line to 'None'
[1.684s] Level 5:colcon.colcon_core.verb:set package 'test_num' build argument 'cmake_target' from command line to 'None'
[1.684s] Level 5:colcon.colcon_core.verb:set package 'test_num' build argument 'cmake_target_skip_unavailable' from command line to 'False'
[1.684s] Level 5:colcon.colcon_core.verb:set package 'test_num' build argument 'cmake_clean_cache' from command line to 'False'
[1.684s] Level 5:colcon.colcon_core.verb:set package 'test_num' build argument 'cmake_clean_first' from command line to 'False'
[1.684s] Level 5:colcon.colcon_core.verb:set package 'test_num' build argument 'cmake_force_configure' from command line to 'False'
[1.684s] Level 5:colcon.colcon_core.verb:set package 'test_num' build argument 'ament_cmake_args' from command line to 'None'
[1.684s] Level 5:colcon.colcon_core.verb:set package 'test_num' build argument 'catkin_cmake_args' from command line to 'None'
[1.684s] Level 5:colcon.colcon_core.verb:set package 'test_num' build argument 'catkin_skip_building_tests' from command line to 'False'
[1.684s] DEBUG:colcon.colcon_core.verb:Building package 'test_num' with the following arguments: {'ament_cmake_args': None, 'build_base': '/home/psh/ros_code/build/test_num', 'catkin_cmake_args': None, 'catkin_skip_building_tests': False, 'cmake_args': None, 'cmake_clean_cache': False, 'cmake_clean_first': False, 'cmake_force_configure': False, 'cmake_target': None, 'cmake_target_skip_unavailable': False, 'install_base': '/home/psh/ros_code/install/test_num', 'merge_install': False, 'path': '/home/psh/ros_code/test_num', 'symlink_install': True, 'test_result_base': None}
[1.689s] INFO:colcon.colcon_core.executor:Executing jobs using 'parallel' executor
[1.708s] DEBUG:colcon.colcon_parallel_executor.executor.parallel:run_until_complete
[1.708s] INFO:colcon.colcon_ros.task.ament_python.build:Building ROS package in '/home/psh/ros_code/src/m_pubsub' with build type 'ament_python'
[1.709s] Level 1:colcon.colcon_core.shell:create_environment_hook('m_pubsub', 'ament_prefix_path')
[1.727s] INFO:colcon.colcon_core.plugin_system:Skipping extension 'colcon_core.shell.bat': Not used on non-Windows systems
[1.727s] INFO:colcon.colcon_core.shell:Creating environment hook '/home/psh/ros_code/install/m_pubsub/share/m_pubsub/hook/ament_prefix_path.ps1'
[1.728s] INFO:colcon.colcon_core.shell:Creating environment descriptor '/home/psh/ros_code/install/m_pubsub/share/m_pubsub/hook/ament_prefix_path.dsv'
[1.729s] INFO:colcon.colcon_core.shell:Creating environment hook '/home/psh/ros_code/install/m_pubsub/share/m_pubsub/hook/ament_prefix_path.sh'
[1.745s] INFO:colcon.colcon_core.shell:Skip shell extension 'powershell' for command environment: Not usable outside of PowerShell
[1.746s] DEBUG:colcon.colcon_core.shell:Skip shell extension 'dsv' for command environment
[2.293s] INFO:colcon.colcon_core.task.python.build:Building Python package in '/home/psh/ros_code/src/m_pubsub'
[2.300s] INFO:colcon.colcon_core.shell:Skip shell extension 'powershell' for command environment: Not usable outside of PowerShell
[2.301s] DEBUG:colcon.colcon_core.shell:Skip shell extension 'dsv' for command environment
[3.177s] DEBUG:colcon.colcon_core.event_handler.log_command:Invoking command in '/home/psh/ros_code/build/m_pubsub': PYTHONPATH=/home/psh/ros_code/build/m_pubsub/prefix_override:/home/psh/ros_code/install/m_pubsub/lib/python3.8/site-packages:${PYTHONPATH} /usr/bin/python3 setup.py develop --editable --build-directory /home/psh/ros_code/build/m_pubsub/build --no-deps install_data
[4.242s] Level 1:colcon.colcon_core.shell:create_environment_hook('m_pubsub', 'pythonpath_develop')
[4.243s] DEBUG:colcon.colcon_core.event_handler.log_command:Invoked command in '/home/psh/ros_code/build/m_pubsub' returned '0': PYTHONPATH=/home/psh/ros_code/build/m_pubsub/prefix_override:/home/psh/ros_code/install/m_pubsub/lib/python3.8/site-packages:${PYTHONPATH} /usr/bin/python3 setup.py develop --editable --build-directory /home/psh/ros_code/build/m_pubsub/build --no-deps install_data
[4.251s] INFO:colcon.colcon_core.shell:Creating environment hook '/home/psh/ros_code/build/m_pubsub/share/m_pubsub/hook/pythonpath_develop.ps1'
[4.253s] INFO:colcon.colcon_core.shell:Creating environment descriptor '/home/psh/ros_code/build/m_pubsub/share/m_pubsub/hook/pythonpath_develop.dsv'
[4.254s] INFO:colcon.colcon_core.shell:Creating environment hook '/home/psh/ros_code/build/m_pubsub/share/m_pubsub/hook/pythonpath_develop.sh'
[4.276s] Level 1:colcon.colcon_core.environment:checking '/home/psh/ros_code/install/m_pubsub' for CMake module files
[4.277s] Level 1:colcon.colcon_core.environment:checking '/home/psh/ros_code/install/m_pubsub' for CMake config files
[4.279s] Level 1:colcon.colcon_core.environment:checking '/home/psh/ros_code/install/m_pubsub/lib'
[4.279s] Level 1:colcon.colcon_core.environment:checking '/home/psh/ros_code/install/m_pubsub/bin'
[4.279s] Level 1:colcon.colcon_core.environment:checking '/home/psh/ros_code/install/m_pubsub/lib/pkgconfig/m_pubsub.pc'
[4.280s] Level 1:colcon.colcon_core.environment:checking '/home/psh/ros_code/install/m_pubsub/lib/python3.8/site-packages'
[4.280s] Level 1:colcon.colcon_core.shell:create_environment_hook('m_pubsub', 'pythonpath')
[4.286s] INFO:colcon.colcon_core.shell:Creating environment hook '/home/psh/ros_code/install/m_pubsub/share/m_pubsub/hook/pythonpath.ps1'
[4.287s] INFO:colcon.colcon_core.shell:Creating environment descriptor '/home/psh/ros_code/install/m_pubsub/share/m_pubsub/hook/pythonpath.dsv'
[4.288s] INFO:colcon.colcon_core.shell:Creating environment hook '/home/psh/ros_code/install/m_pubsub/share/m_pubsub/hook/pythonpath.sh'
[4.289s] Level 1:colcon.colcon_core.environment:checking '/home/psh/ros_code/install/m_pubsub/bin'
[4.289s] Level 1:colcon.colcon_core.environment:create_environment_scripts_only(m_pubsub)
[4.297s] INFO:colcon.colcon_core.shell:Creating package script '/home/psh/ros_code/install/m_pubsub/share/m_pubsub/package.ps1'
[4.299s] INFO:colcon.colcon_core.shell:Creating package descriptor '/home/psh/ros_code/install/m_pubsub/share/m_pubsub/package.dsv'
[4.300s] INFO:colcon.colcon_core.shell:Creating package script '/home/psh/ros_code/install/m_pubsub/share/m_pubsub/package.sh'
[4.302s] INFO:colcon.colcon_core.shell:Creating package script '/home/psh/ros_code/install/m_pubsub/share/m_pubsub/package.bash'
[4.304s] INFO:colcon.colcon_core.shell:Creating package script '/home/psh/ros_code/install/m_pubsub/share/m_pubsub/package.zsh'
[4.308s] Level 1:colcon.colcon_core.environment:create_file_with_runtime_dependencies(/home/psh/ros_code/install/m_pubsub/share/colcon-core/packages/m_pubsub)
[4.312s] INFO:colcon.colcon_ros.task.ament_python.build:Building ROS package in '/home/psh/ros_code/move_turtle_pkg' with build type 'ament_python'
[4.313s] Level 1:colcon.colcon_core.shell:create_environment_hook('move_turtle_pkg', 'ament_prefix_path')
[4.319s] INFO:colcon.colcon_core.shell:Creating environment hook '/home/psh/ros_code/install/move_turtle_pkg/share/move_turtle_pkg/hook/ament_prefix_path.ps1'
[4.329s] INFO:colcon.colcon_core.shell:Creating environment descriptor '/home/psh/ros_code/install/move_turtle_pkg/share/move_turtle_pkg/hook/ament_prefix_path.dsv'
[4.329s] INFO:colcon.colcon_core.shell:Creating environment hook '/home/psh/ros_code/install/move_turtle_pkg/share/move_turtle_pkg/hook/ament_prefix_path.sh'
[4.341s] INFO:colcon.colcon_core.shell:Skip shell extension 'powershell' for command environment: Not usable outside of PowerShell
[4.341s] DEBUG:colcon.colcon_core.shell:Skip shell extension 'dsv' for command environment
[4.931s] INFO:colcon.colcon_core.task.python.build:Building Python package in '/home/psh/ros_code/move_turtle_pkg'
[4.938s] INFO:colcon.colcon_core.shell:Skip shell extension 'powershell' for command environment: Not usable outside of PowerShell
[4.939s] DEBUG:colcon.colcon_core.shell:Skip shell extension 'dsv' for command environment
[5.853s] DEBUG:colcon.colcon_core.event_handler.log_command:Invoking command in '/home/psh/ros_code/build/move_turtle_pkg': PYTHONPATH=/home/psh/ros_code/build/move_turtle_pkg/prefix_override:/home/psh/ros_code/install/move_turtle_pkg/lib/python3.8/site-packages:${PYTHONPATH} /usr/bin/python3 setup.py develop --editable --build-directory /home/psh/ros_code/build/move_turtle_pkg/build --no-deps install_data
[6.878s] Level 1:colcon.colcon_core.shell:create_environment_hook('move_turtle_pkg', 'pythonpath_develop')
[6.879s] DEBUG:colcon.colcon_core.event_handler.log_command:Invoked command in '/home/psh/ros_code/build/move_turtle_pkg' returned '0': PYTHONPATH=/home/psh/ros_code/build/move_turtle_pkg/prefix_override:/home/psh/ros_code/install/move_turtle_pkg/lib/python3.8/site-packages:${PYTHONPATH} /usr/bin/python3 setup.py develop --editable --build-directory /home/psh/ros_code/build/move_turtle_pkg/build --no-deps install_data
[6.889s] INFO:colcon.colcon_core.shell:Creating environment hook '/home/psh/ros_code/build/move_turtle_pkg/share/move_turtle_pkg/hook/pythonpath_develop.ps1'
[6.890s] INFO:colcon.colcon_core.shell:Creating environment descriptor '/home/psh/ros_code/build/move_turtle_pkg/share/move_turtle_pkg/hook/pythonpath_develop.dsv'
[6.891s] INFO:colcon.colcon_core.shell:Creating environment hook '/home/psh/ros_code/build/move_turtle_pkg/share/move_turtle_pkg/hook/pythonpath_develop.sh'
[6.901s] Level 1:colcon.colcon_core.environment:checking '/home/psh/ros_code/install/move_turtle_pkg' for CMake module files
[6.902s] Level 1:colcon.colcon_core.environment:checking '/home/psh/ros_code/install/move_turtle_pkg' for CMake config files
[6.902s] Level 1:colcon.colcon_core.environment:checking '/home/psh/ros_code/install/move_turtle_pkg/lib'
[6.903s] Level 1:colcon.colcon_core.environment:checking '/home/psh/ros_code/install/move_turtle_pkg/bin'
[6.903s] Level 1:colcon.colcon_core.environment:checking '/home/psh/ros_code/install/move_turtle_pkg/lib/pkgconfig/move_turtle_pkg.pc'
[6.903s] Level 1:colcon.colcon_core.environment:checking '/home/psh/ros_code/install/move_turtle_pkg/lib/python3.8/site-packages'
[6.904s] Level 1:colcon.colcon_core.shell:create_environment_hook('move_turtle_pkg', 'pythonpath')
[6.910s] INFO:colcon.colcon_core.shell:Creating environment hook '/home/psh/ros_code/install/move_turtle_pkg/share/move_turtle_pkg/hook/pythonpath.ps1'
[6.911s] INFO:colcon.colcon_core.shell:Creating environment descriptor '/home/psh/ros_code/install/move_turtle_pkg/share/move_turtle_pkg/hook/pythonpath.dsv'
[6.912s] INFO:colcon.colcon_core.shell:Creating environment hook '/home/psh/ros_code/install/move_turtle_pkg/share/move_turtle_pkg/hook/pythonpath.sh'
[6.913s] Level 1:colcon.colcon_core.environment:checking '/home/psh/ros_code/install/move_turtle_pkg/bin'
[6.913s] Level 1:colcon.colcon_core.environment:create_environment_scripts_only(move_turtle_pkg)
[6.919s] INFO:colcon.colcon_core.shell:Creating package script '/home/psh/ros_code/install/move_turtle_pkg/share/move_turtle_pkg/package.ps1'
[6.921s] INFO:colcon.colcon_core.shell:Creating package descriptor '/home/psh/ros_code/install/move_turtle_pkg/share/move_turtle_pkg/package.dsv'
[6.922s] INFO:colcon.colcon_core.shell:Creating package script '/home/psh/ros_code/install/move_turtle_pkg/share/move_turtle_pkg/package.sh'
[6.923s] INFO:colcon.colcon_core.shell:Creating package script '/home/psh/ros_code/install/move_turtle_pkg/share/move_turtle_pkg/package.bash'
[6.924s] INFO:colcon.colcon_core.shell:Creating package script '/home/psh/ros_code/install/move_turtle_pkg/share/move_turtle_pkg/package.zsh'
[6.924s] Level 1:colcon.colcon_core.environment:create_file_with_runtime_dependencies(/home/psh/ros_code/install/move_turtle_pkg/share/colcon-core/packages/move_turtle_pkg)
[6.926s] INFO:colcon.colcon_ros.task.ament_cmake.build:Building ROS package in '/home/psh/ros_code/src/test_interfaces' with build type 'ament_cmake'
[6.927s] INFO:colcon.colcon_cmake.task.cmake.build:Building CMake package in '/home/psh/ros_code/src/test_interfaces'
[6.933s] INFO:colcon.colcon_core.shell:Skip shell extension 'powershell' for command environment: Not usable outside of PowerShell
[6.934s] DEBUG:colcon.colcon_core.shell:Skip shell extension 'dsv' for command environment
[6.999s] DEBUG:colcon.colcon_core.event_handler.log_command:Invoking command in '/home/psh/ros_code/build/test_interfaces': CMAKE_PREFIX_PATH=${CMAKE_PREFIX_PATH}:/home/psh/ros_code/install/test_num:/home/psh/ros_code/install/move_turtle_pkg:/home/psh/ros_code/install/m_pubsub:/opt/ros/foxy /usr/bin/cmake --build /home/psh/ros_code/build/test_interfaces -- -j1 -l1
[7.781s] DEBUG:colcon.colcon_core.event_handler.log_command:Invoked command in '/home/psh/ros_code/build/test_interfaces' returned '0': CMAKE_PREFIX_PATH=${CMAKE_PREFIX_PATH}:/home/psh/ros_code/install/test_num:/home/psh/ros_code/install/move_turtle_pkg:/home/psh/ros_code/install/m_pubsub:/opt/ros/foxy /usr/bin/cmake --build /home/psh/ros_code/build/test_interfaces -- -j1 -l1
[7.991s] DEBUG:colcon.colcon_core.event_handler.log_command:Invoking command in '/home/psh/ros_code/build/test_interfaces': CMAKE_PREFIX_PATH=${CMAKE_PREFIX_PATH}:/home/psh/ros_code/install/test_num:/home/psh/ros_code/install/move_turtle_pkg:/home/psh/ros_code/install/m_pubsub:/opt/ros/foxy /usr/bin/cmake --install /home/psh/ros_code/build/test_interfaces
[8.253s] Level 1:colcon.colcon_core.environment:create_environment_scripts_only(test_interfaces)
[8.254s] DEBUG:colcon.colcon_core.event_handler.log_command:Invoked command in '/home/psh/ros_code/build/test_interfaces' returned '0': CMAKE_PREFIX_PATH=${CMAKE_PREFIX_PATH}:/home/psh/ros_code/install/test_num:/home/psh/ros_code/install/move_turtle_pkg:/home/psh/ros_code/install/m_pubsub:/opt/ros/foxy /usr/bin/cmake --install /home/psh/ros_code/build/test_interfaces
[8.263s] Level 1:colcon.colcon_core.environment:checking '/home/psh/ros_code/install/test_interfaces' for CMake module files
[8.265s] Level 1:colcon.colcon_core.environment:checking '/home/psh/ros_code/install/test_interfaces' for CMake config files
[8.266s] Level 1:colcon.colcon_core.shell:create_environment_hook('test_interfaces', 'cmake_prefix_path')
[8.272s] INFO:colcon.colcon_core.shell:Creating environment hook '/home/psh/ros_code/install/test_interfaces/share/test_interfaces/hook/cmake_prefix_path.ps1'
[8.274s] INFO:colcon.colcon_core.shell:Creating environment descriptor '/home/psh/ros_code/install/test_interfaces/share/test_interfaces/hook/cmake_prefix_path.dsv'
[8.274s] INFO:colcon.colcon_core.shell:Creating environment hook '/home/psh/ros_code/install/test_interfaces/share/test_interfaces/hook/cmake_prefix_path.sh'
[8.275s] Level 1:colcon.colcon_core.environment:checking '/home/psh/ros_code/install/test_interfaces/lib'
[8.276s] Level 1:colcon.colcon_core.shell:create_environment_hook('test_interfaces', 'ld_library_path_lib')
[8.282s] INFO:colcon.colcon_core.shell:Creating environment hook '/home/psh/ros_code/install/test_interfaces/share/test_interfaces/hook/ld_library_path_lib.ps1'
[8.284s] INFO:colcon.colcon_core.shell:Creating environment descriptor '/home/psh/ros_code/install/test_interfaces/share/test_interfaces/hook/ld_library_path_lib.dsv'
[8.285s] INFO:colcon.colcon_core.shell:Creating environment hook '/home/psh/ros_code/install/test_interfaces/share/test_interfaces/hook/ld_library_path_lib.sh'
[8.286s] Level 1:colcon.colcon_core.environment:checking '/home/psh/ros_code/install/test_interfaces/bin'
[8.286s] Level 1:colcon.colcon_core.environment:checking '/home/psh/ros_code/install/test_interfaces/lib/pkgconfig/test_interfaces.pc'
[8.287s] Level 1:colcon.colcon_core.environment:checking '/home/psh/ros_code/install/test_interfaces/lib/python3.8/site-packages'
[8.287s] Level 1:colcon.colcon_core.shell:create_environment_hook('test_interfaces', 'pythonpath')
[8.293s] INFO:colcon.colcon_core.shell:Creating environment hook '/home/psh/ros_code/install/test_interfaces/share/test_interfaces/hook/pythonpath.ps1'
[8.294s] INFO:colcon.colcon_core.shell:Creating environment descriptor '/home/psh/ros_code/install/test_interfaces/share/test_interfaces/hook/pythonpath.dsv'
[8.295s] INFO:colcon.colcon_core.shell:Creating environment hook '/home/psh/ros_code/install/test_interfaces/share/test_interfaces/hook/pythonpath.sh'
[8.296s] Level 1:colcon.colcon_core.environment:checking '/home/psh/ros_code/install/test_interfaces/bin'
[8.306s] INFO:colcon.colcon_core.shell:Creating package script '/home/psh/ros_code/install/test_interfaces/share/test_interfaces/package.ps1'
[8.307s] INFO:colcon.colcon_core.shell:Creating package descriptor '/home/psh/ros_code/install/test_interfaces/share/test_interfaces/package.dsv'
[8.309s] INFO:colcon.colcon_core.shell:Creating package script '/home/psh/ros_code/install/test_interfaces/share/test_interfaces/package.sh'
[8.310s] INFO:colcon.colcon_core.shell:Creating package script '/home/psh/ros_code/install/test_interfaces/share/test_interfaces/package.bash'
[8.310s] INFO:colcon.colcon_core.shell:Creating package script '/home/psh/ros_code/install/test_interfaces/share/test_interfaces/package.zsh'
[8.311s] Level 1:colcon.colcon_core.environment:create_file_with_runtime_dependencies(/home/psh/ros_code/install/test_interfaces/share/colcon-core/packages/test_interfaces)
[8.468s] Level 1:colcon.colcon_core.environment:create_environment_scripts_only(test_interfaces)
[8.477s] Level 1:colcon.colcon_core.environment:checking '/home/psh/ros_code/install/test_interfaces' for CMake module files
[8.479s] Level 1:colcon.colcon_core.environment:checking '/home/psh/ros_code/install/test_interfaces' for CMake config files
[8.480s] Level 1:colcon.colcon_core.shell:create_environment_hook('test_interfaces', 'cmake_prefix_path')
[8.486s] INFO:colcon.colcon_core.shell:Creating environment hook '/home/psh/ros_code/install/test_interfaces/share/test_interfaces/hook/cmake_prefix_path.ps1'
[8.487s] INFO:colcon.colcon_core.shell:Creating environment descriptor '/home/psh/ros_code/install/test_interfaces/share/test_interfaces/hook/cmake_prefix_path.dsv'
[8.489s] INFO:colcon.colcon_core.shell:Creating environment hook '/home/psh/ros_code/install/test_interfaces/share/test_interfaces/hook/cmake_prefix_path.sh'
[8.490s] Level 1:colcon.colcon_core.environment:checking '/home/psh/ros_code/install/test_interfaces/lib'
[8.490s] Level 1:colcon.colcon_core.shell:create_environment_hook('test_interfaces', 'ld_library_path_lib')
[8.496s] INFO:colcon.colcon_core.shell:Creating environment hook '/home/psh/ros_code/install/test_interfaces/share/test_interfaces/hook/ld_library_path_lib.ps1'
[8.497s] INFO:colcon.colcon_core.shell:Creating environment descriptor '/home/psh/ros_code/install/test_interfaces/share/test_interfaces/hook/ld_library_path_lib.dsv'
[8.498s] INFO:colcon.colcon_core.shell:Creating environment hook '/home/psh/ros_code/install/test_interfaces/share/test_interfaces/hook/ld_library_path_lib.sh'
[8.499s] Level 1:colcon.colcon_core.environment:checking '/home/psh/ros_code/install/test_interfaces/bin'
[8.499s] Level 1:colcon.colcon_core.environment:checking '/home/psh/ros_code/install/test_interfaces/lib/pkgconfig/test_interfaces.pc'
[8.499s] Level 1:colcon.colcon_core.environment:checking '/home/psh/ros_code/install/test_interfaces/lib/python3.8/site-packages'
[8.499s] Level 1:colcon.colcon_core.shell:create_environment_hook('test_interfaces', 'pythonpath')
[8.510s] INFO:colcon.colcon_core.shell:Creating environment hook '/home/psh/ros_code/install/test_interfaces/share/test_interfaces/hook/pythonpath.ps1'
[8.510s] INFO:colcon.colcon_core.shell:Creating environment descriptor '/home/psh/ros_code/install/test_interfaces/share/test_interfaces/hook/pythonpath.dsv'
[8.511s] INFO:colcon.colcon_core.shell:Creating environment hook '/home/psh/ros_code/install/test_interfaces/share/test_interfaces/hook/pythonpath.sh'
[8.513s] Level 1:colcon.colcon_core.environment:checking '/home/psh/ros_code/install/test_interfaces/bin'
[8.529s] INFO:colcon.colcon_core.shell:Creating package script '/home/psh/ros_code/install/test_interfaces/share/test_interfaces/package.ps1'
[8.531s] INFO:colcon.colcon_core.shell:Creating package descriptor '/home/psh/ros_code/install/test_interfaces/share/test_interfaces/package.dsv'
[8.532s] INFO:colcon.colcon_core.shell:Creating package script '/home/psh/ros_code/install/test_interfaces/share/test_interfaces/package.sh'
[8.533s] INFO:colcon.colcon_core.shell:Creating package script '/home/psh/ros_code/install/test_interfaces/share/test_interfaces/package.bash'
[8.534s] INFO:colcon.colcon_core.shell:Creating package script '/home/psh/ros_code/install/test_interfaces/share/test_interfaces/package.zsh'
[8.536s] Level 1:colcon.colcon_core.environment:create_file_with_runtime_dependencies(/home/psh/ros_code/install/test_interfaces/share/colcon-core/packages/test_interfaces)
[8.538s] INFO:colcon.colcon_ros.task.ament_python.build:Building ROS package in '/home/psh/ros_code/test_num' with build type 'ament_python'
[8.539s] Level 1:colcon.colcon_core.shell:create_environment_hook('test_num', 'ament_prefix_path')
[8.545s] INFO:colcon.colcon_core.shell:Creating environment hook '/home/psh/ros_code/install/test_num/share/test_num/hook/ament_prefix_path.ps1'
[8.557s] INFO:colcon.colcon_core.shell:Creating environment descriptor '/home/psh/ros_code/install/test_num/share/test_num/hook/ament_prefix_path.dsv'
[8.558s] INFO:colcon.colcon_core.shell:Creating environment hook '/home/psh/ros_code/install/test_num/share/test_num/hook/ament_prefix_path.sh'
[8.571s] INFO:colcon.colcon_core.shell:Skip shell extension 'powershell' for command environment: Not usable outside of PowerShell
[8.576s] DEBUG:colcon.colcon_core.shell:Skip shell extension 'dsv' for command environment
[9.141s] INFO:colcon.colcon_core.task.python.build:Building Python package in '/home/psh/ros_code/test_num'
[9.147s] INFO:colcon.colcon_core.shell:Skip shell extension 'powershell' for command environment: Not usable outside of PowerShell
[9.148s] DEBUG:colcon.colcon_core.shell:Skip shell extension 'dsv' for command environment
[10.078s] DEBUG:colcon.colcon_core.event_handler.log_command:Invoking command in '/home/psh/ros_code/build/test_num': PYTHONPATH=/home/psh/ros_code/build/test_num/prefix_override:/home/psh/ros_code/install/test_num/lib/python3.8/site-packages:${PYTHONPATH} /usr/bin/python3 setup.py develop --editable --build-directory /home/psh/ros_code/build/test_num/build --no-deps install_data
[11.112s] Level 1:colcon.colcon_core.shell:create_environment_hook('test_num', 'pythonpath_develop')
[11.113s] DEBUG:colcon.colcon_core.event_handler.log_command:Invoked command in '/home/psh/ros_code/build/test_num' returned '0': PYTHONPATH=/home/psh/ros_code/build/test_num/prefix_override:/home/psh/ros_code/install/test_num/lib/python3.8/site-packages:${PYTHONPATH} /usr/bin/python3 setup.py develop --editable --build-directory /home/psh/ros_code/build/test_num/build --no-deps install_data
[11.121s] INFO:colcon.colcon_core.shell:Creating environment hook '/home/psh/ros_code/build/test_num/share/test_num/hook/pythonpath_develop.ps1'
[11.122s] INFO:colcon.colcon_core.shell:Creating environment descriptor '/home/psh/ros_code/build/test_num/share/test_num/hook/pythonpath_develop.dsv'
[11.123s] INFO:colcon.colcon_core.shell:Creating environment hook '/home/psh/ros_code/build/test_num/share/test_num/hook/pythonpath_develop.sh'
[11.136s] Level 1:colcon.colcon_core.environment:checking '/home/psh/ros_code/install/test_num' for CMake module files
[11.137s] Level 1:colcon.colcon_core.environment:checking '/home/psh/ros_code/install/test_num' for CMake config files
[11.138s] Level 1:colcon.colcon_core.environment:checking '/home/psh/ros_code/install/test_num/lib'
[11.139s] Level 1:colcon.colcon_core.environment:checking '/home/psh/ros_code/install/test_num/bin'
[11.139s] Level 1:colcon.colcon_core.environment:checking '/home/psh/ros_code/install/test_num/lib/pkgconfig/test_num.pc'
[11.139s] Level 1:colcon.colcon_core.environment:checking '/home/psh/ros_code/install/test_num/lib/python3.8/site-packages'
[11.139s] Level 1:colcon.colcon_core.shell:create_environment_hook('test_num', 'pythonpath')
[11.146s] INFO:colcon.colcon_core.shell:Creating environment hook '/home/psh/ros_code/install/test_num/share/test_num/hook/pythonpath.ps1'
[11.147s] INFO:colcon.colcon_core.shell:Creating environment descriptor '/home/psh/ros_code/install/test_num/share/test_num/hook/pythonpath.dsv'
[11.148s] INFO:colcon.colcon_core.shell:Creating environment hook '/home/psh/ros_code/install/test_num/share/test_num/hook/pythonpath.sh'
[11.149s] Level 1:colcon.colcon_core.environment:checking '/home/psh/ros_code/install/test_num/bin'
[11.150s] Level 1:colcon.colcon_core.environment:create_environment_scripts_only(test_num)
[11.156s] INFO:colcon.colcon_core.shell:Creating package script '/home/psh/ros_code/install/test_num/share/test_num/package.ps1'
[11.158s] INFO:colcon.colcon_core.shell:Creating package descriptor '/home/psh/ros_code/install/test_num/share/test_num/package.dsv'
[11.159s] INFO:colcon.colcon_core.shell:Creating package script '/home/psh/ros_code/install/test_num/share/test_num/package.sh'
[11.160s] INFO:colcon.colcon_core.shell:Creating package script '/home/psh/ros_code/install/test_num/share/test_num/package.bash'
[11.161s] INFO:colcon.colcon_core.shell:Creating package script '/home/psh/ros_code/install/test_num/share/test_num/package.zsh'
[11.162s] Level 1:colcon.colcon_core.environment:create_file_with_runtime_dependencies(/home/psh/ros_code/install/test_num/share/colcon-core/packages/test_num)
[11.165s] DEBUG:colcon.colcon_parallel_executor.executor.parallel:closing loop
[11.165s] DEBUG:colcon.colcon_parallel_executor.executor.parallel:loop closed
[11.165s] DEBUG:colcon.colcon_parallel_executor.executor.parallel:run_until_complete finished with '0'
[11.166s] DEBUG:colcon.colcon_core.event_reactor:joining thread
[11.202s] INFO:colcon.colcon_core.plugin_system:Skipping extension 'colcon_notification.desktop_notification.terminal_notifier': Not used on non-Darwin systems
[11.203s] INFO:colcon.colcon_core.plugin_system:Skipping extension 'colcon_notification.desktop_notification.win32': Not used on non-Windows systems
[11.203s] INFO:colcon.colcon_notification.desktop_notification:Sending desktop notification using 'notify2'
[11.238s] DEBUG:colcon.colcon_core.event_reactor:joined thread
[11.250s] INFO:colcon.colcon_core.shell:Creating prefix script '/home/psh/ros_code/install/local_setup.ps1'
[11.256s] INFO:colcon.colcon_core.shell:Creating prefix util module '/home/psh/ros_code/install/_local_setup_util_ps1.py'
[11.264s] INFO:colcon.colcon_core.shell:Creating prefix chain script '/home/psh/ros_code/install/setup.ps1'
[11.273s] INFO:colcon.colcon_core.shell:Creating prefix script '/home/psh/ros_code/install/local_setup.sh'
[11.275s] INFO:colcon.colcon_core.shell:Creating prefix util module '/home/psh/ros_code/install/_local_setup_util_sh.py'
[11.276s] INFO:colcon.colcon_core.shell:Creating prefix chain script '/home/psh/ros_code/install/setup.sh'
[11.286s] INFO:colcon.colcon_core.shell:Creating prefix script '/home/psh/ros_code/install/local_setup.bash'
[11.288s] INFO:colcon.colcon_core.shell:Creating prefix chain script '/home/psh/ros_code/install/setup.bash'
[11.297s] INFO:colcon.colcon_core.shell:Creating prefix script '/home/psh/ros_code/install/local_setup.zsh'
[11.300s] INFO:colcon.colcon_core.shell:Creating prefix chain script '/home/psh/ros_code/install/setup.zsh'
