[0.877s] Invoking command in '/home/psh/ros_code/build/m_pubsub': PYTHONPATH=/home/psh/ros_code/build/m_pubsub/prefix_override:/home/psh/ros_code/install/m_pubsub/lib/python3.8/site-packages:${PYTHONPATH} /usr/bin/python3 setup.py develop --editable --build-directory /home/psh/ros_code/build/m_pubsub/build --no-deps install_data
[1.192s] running develop
[1.384s] running egg_info
[1.384s] writing m_pubsub.egg-info/PKG-INFO
[1.385s] writing dependency_links to m_pubsub.egg-info/dependency_links.txt
[1.386s] writing entry points to m_pubsub.egg-info/entry_points.txt
[1.386s] writing requirements to m_pubsub.egg-info/requires.txt
[1.387s] writing top-level names to m_pubsub.egg-info/top_level.txt
[1.429s] reading manifest file 'm_pubsub.egg-info/SOURCES.txt'
[1.430s] writing manifest file 'm_pubsub.egg-info/SOURCES.txt'
[1.476s] running build_ext
[1.477s] Creating /home/psh/ros_code/install/m_pubsub/lib/python3.8/site-packages/m-pubsub.egg-link (link to .)
[1.478s] Installing met script to /home/psh/ros_code/install/m_pubsub/lib/m_pubsub
[1.479s] Installing mp script to /home/psh/ros_code/install/m_pubsub/lib/m_pubsub
[1.479s] Installing ms script to /home/psh/ros_code/install/m_pubsub/lib/m_pubsub
[1.480s] Installing mt script to /home/psh/ros_code/install/m_pubsub/lib/m_pubsub
[1.480s] Installing tp script to /home/psh/ros_code/install/m_pubsub/lib/m_pubsub
[1.481s] 
[1.481s] Installed /home/psh/ros_code/build/m_pubsub
[1.481s] running install_data
[1.515s] Invoked command in '/home/psh/ros_code/build/m_pubsub' returned '0': PYTHONPATH=/home/psh/ros_code/build/m_pubsub/prefix_override:/home/psh/ros_code/install/m_pubsub/lib/python3.8/site-packages:${PYTHONPATH} /usr/bin/python3 setup.py develop --editable --build-directory /home/psh/ros_code/build/m_pubsub/build --no-deps install_data
