[1.595s] Invoking command in '/home/psh/ros_code/build/m_pubsub': PYTHONPATH=/home/psh/ros_code/build/m_pubsub/prefix_override:/home/psh/ros_code/install/m_pubsub/lib/python3.8/site-packages:${PYTHONPATH} /usr/bin/python3 setup.py develop --editable --build-directory /home/psh/ros_code/build/m_pubsub/build --no-deps install_data
[2.184s] running develop
[2.487s] running egg_info
[2.488s] writing m_pubsub.egg-info/PKG-INFO
[2.489s] writing dependency_links to m_pubsub.egg-info/dependency_links.txt
[2.490s] writing entry points to m_pubsub.egg-info/entry_points.txt
[2.491s] writing requirements to m_pubsub.egg-info/requires.txt
[2.492s] writing top-level names to m_pubsub.egg-info/top_level.txt
[2.575s] reading manifest file 'm_pubsub.egg-info/SOURCES.txt'
[2.578s] writing manifest file 'm_pubsub.egg-info/SOURCES.txt'
[2.664s] running build_ext
[2.666s] Creating /home/psh/ros_code/install/m_pubsub/lib/python3.8/site-packages/m-pubsub.egg-link (link to .)
[2.673s] Installing met script to /home/psh/ros_code/install/m_pubsub/lib/m_pubsub
[2.675s] Installing mp script to /home/psh/ros_code/install/m_pubsub/lib/m_pubsub
[2.676s] Installing ms script to /home/psh/ros_code/install/m_pubsub/lib/m_pubsub
[2.676s] Installing mt script to /home/psh/ros_code/install/m_pubsub/lib/m_pubsub
[2.677s] Installing tp script to /home/psh/ros_code/install/m_pubsub/lib/m_pubsub
[2.678s] 
[2.678s] Installed /home/psh/ros_code/build/m_pubsub
[2.679s] running install_data
[2.729s] Invoked command in '/home/psh/ros_code/build/m_pubsub' returned '0': PYTHONPATH=/home/psh/ros_code/build/m_pubsub/prefix_override:/home/psh/ros_code/install/m_pubsub/lib/python3.8/site-packages:${PYTHONPATH} /usr/bin/python3 setup.py develop --editable --build-directory /home/psh/ros_code/build/m_pubsub/build --no-deps install_data
