[1.460s] Invoking command in '/home/psh/ros_code/build/m_pubsub': PYTHONPATH=/home/psh/ros_code/build/m_pubsub/prefix_override:/home/psh/ros_code/install/m_pubsub/lib/python3.8/site-packages:${PYTHONPATH} /usr/bin/python3 setup.py develop --editable --build-directory /home/psh/ros_code/build/m_pubsub/build --no-deps install_data
[1.998s] running develop
[2.286s] running egg_info
[2.287s] writing m_pubsub.egg-info/PKG-INFO
[2.288s] writing dependency_links to m_pubsub.egg-info/dependency_links.txt
[2.289s] writing entry points to m_pubsub.egg-info/entry_points.txt
[2.289s] writing requirements to m_pubsub.egg-info/requires.txt
[2.290s] writing top-level names to m_pubsub.egg-info/top_level.txt
[2.374s] reading manifest file 'm_pubsub.egg-info/SOURCES.txt'
[2.376s] writing manifest file 'm_pubsub.egg-info/SOURCES.txt'
[2.463s] running build_ext
[2.464s] Creating /home/psh/ros_code/install/m_pubsub/lib/python3.8/site-packages/m-pubsub.egg-link (link to .)
[2.466s] Installing met script to /home/psh/ros_code/install/m_pubsub/lib/m_pubsub
[2.467s] Installing mp script to /home/psh/ros_code/install/m_pubsub/lib/m_pubsub
[2.468s] Installing ms script to /home/psh/ros_code/install/m_pubsub/lib/m_pubsub
[2.469s] Installing mt script to /home/psh/ros_code/install/m_pubsub/lib/m_pubsub
[2.469s] Installing tp script to /home/psh/ros_code/install/m_pubsub/lib/m_pubsub
[2.470s] 
[2.470s] Installed /home/psh/ros_code/build/m_pubsub
[2.471s] running install_data
[2.531s] Invoked command in '/home/psh/ros_code/build/m_pubsub' returned '0': PYTHONPATH=/home/psh/ros_code/build/m_pubsub/prefix_override:/home/psh/ros_code/install/m_pubsub/lib/python3.8/site-packages:${PYTHONPATH} /usr/bin/python3 setup.py develop --editable --build-directory /home/psh/ros_code/build/m_pubsub/build --no-deps install_data
