[1.684s] Invoking command in '/home/psh/ros_code/build/m_pubsub': PYTHONPATH=/home/psh/ros_code/build/m_pubsub/prefix_override:/home/psh/ros_code/install/m_pubsub/lib/python3.8/site-packages:${PYTHONPATH} /usr/bin/python3 setup.py develop --editable --build-directory /home/psh/ros_code/build/m_pubsub/build --no-deps install_data
[2.246s] running develop
[2.566s] running egg_info
[2.567s] writing m_pubsub.egg-info/PKG-INFO
[2.568s] writing dependency_links to m_pubsub.egg-info/dependency_links.txt
[2.569s] writing entry points to m_pubsub.egg-info/entry_points.txt
[2.570s] writing requirements to m_pubsub.egg-info/requires.txt
[2.571s] writing top-level names to m_pubsub.egg-info/top_level.txt
[2.660s] reading manifest file 'm_pubsub.egg-info/SOURCES.txt'
[2.664s] writing manifest file 'm_pubsub.egg-info/SOURCES.txt'
[2.761s] running build_ext
[2.763s] Creating /home/psh/ros_code/install/m_pubsub/lib/python3.8/site-packages/m-pubsub.egg-link (link to .)
[2.766s] Installing met script to /home/psh/ros_code/install/m_pubsub/lib/m_pubsub
[2.766s] Installing mp script to /home/psh/ros_code/install/m_pubsub/lib/m_pubsub
[2.767s] Installing ms script to /home/psh/ros_code/install/m_pubsub/lib/m_pubsub
[2.768s] Installing mt script to /home/psh/ros_code/install/m_pubsub/lib/m_pubsub
[2.768s] Installing tp script to /home/psh/ros_code/install/m_pubsub/lib/m_pubsub
[2.769s] 
[2.770s] Installed /home/psh/ros_code/build/m_pubsub
[2.771s] running install_data
[2.824s] Invoked command in '/home/psh/ros_code/build/m_pubsub' returned '0': PYTHONPATH=/home/psh/ros_code/build/m_pubsub/prefix_override:/home/psh/ros_code/install/m_pubsub/lib/python3.8/site-packages:${PYTHONPATH} /usr/bin/python3 setup.py develop --editable --build-directory /home/psh/ros_code/build/m_pubsub/build --no-deps install_data
