[1.960s] Invoking command in '/home/psh/ros_code/build/m_pubsub': PYTHONPATH=/home/psh/ros_code/build/m_pubsub/prefix_override:/home/psh/ros_code/install/m_pubsub/lib/python3.8/site-packages:${PYTHONPATH} /usr/bin/python3 setup.py develop --editable --build-directory /home/psh/ros_code/build/m_pubsub/build --no-deps install_data
[2.475s] running develop
[2.765s] running egg_info
[2.766s] writing m_pubsub.egg-info/PKG-INFO
[2.767s] writing dependency_links to m_pubsub.egg-info/dependency_links.txt
[2.768s] writing entry points to m_pubsub.egg-info/entry_points.txt
[2.769s] writing requirements to m_pubsub.egg-info/requires.txt
[2.770s] writing top-level names to m_pubsub.egg-info/top_level.txt
[2.854s] reading manifest file 'm_pubsub.egg-info/SOURCES.txt'
[2.856s] writing manifest file 'm_pubsub.egg-info/SOURCES.txt'
[2.945s] running build_ext
[2.947s] Creating /home/psh/ros_code/install/m_pubsub/lib/python3.8/site-packages/m-pubsub.egg-link (link to .)
[2.949s] Installing met script to /home/psh/ros_code/install/m_pubsub/lib/m_pubsub
[2.950s] Installing mp script to /home/psh/ros_code/install/m_pubsub/lib/m_pubsub
[2.950s] Installing ms script to /home/psh/ros_code/install/m_pubsub/lib/m_pubsub
[2.951s] Installing mt script to /home/psh/ros_code/install/m_pubsub/lib/m_pubsub
[2.952s] Installing tp script to /home/psh/ros_code/install/m_pubsub/lib/m_pubsub
[2.952s] 
[2.953s] Installed /home/psh/ros_code/build/m_pubsub
[2.953s] running install_data
[3.015s] Invoked command in '/home/psh/ros_code/build/m_pubsub' returned '0': PYTHONPATH=/home/psh/ros_code/build/m_pubsub/prefix_override:/home/psh/ros_code/install/m_pubsub/lib/python3.8/site-packages:${PYTHONPATH} /usr/bin/python3 setup.py develop --editable --build-directory /home/psh/ros_code/build/m_pubsub/build --no-deps install_data
