[0.000000] (-) TimerEvent: {}
[0.003384] (-) JobUnselected: {'identifier': 'm_pubsub'}
[0.003470] (-) JobUnselected: {'identifier': 'move_turtle_pkg'}
[0.003507] (-) JobUnselected: {'identifier': 'test_interfaces'}
[0.003540] (-) JobUnselected: {'identifier': 'test_num'}
[0.003581] (test_para) JobQueued: {'identifier': 'test_para', 'dependencies': OrderedDict()}
[0.003619] (test_para) JobStarted: {'identifier': 'test_para'}
[0.092825] (-) TimerEvent: {}
[0.193729] (-) TimerEvent: {}
[0.295927] (-) TimerEvent: {}
[0.398396] (-) TimerEvent: {}
[0.502249] (-) TimerEvent: {}
[0.602671] (-) TimerEvent: {}
[0.706800] (-) TimerEvent: {}
[0.809129] (-) TimerEvent: {}
[0.910267] (-) TimerEvent: {}
[1.019650] (-) TimerEvent: {}
[1.122252] (-) TimerEvent: {}
[1.222700] (-) TimerEvent: {}
[1.346272] (-) TimerEvent: {}
[1.449500] (-) TimerEvent: {}
[1.549982] (-) TimerEvent: {}
[1.650523] (-) TimerEvent: {}
[1.749810] (test_para) StderrLine: {'line': b'Traceback (most recent call last):\n  File "/usr/lib/python3/dist-packages/colcon_core/executor/__init__.py", line 91, in __call__\n    rc = await self.task(*args, **kwargs)\n  File "/usr/lib/python3/dist-packages/colcon_core/task/__init__.py", line 93, in __call__\n    return await task_method(*args, **kwargs)\n  File "/usr/lib/python3/dist-packages/colcon_ros/task/ament_python/build.py", line 51, in build\n    setup_py_data = get_setup_data(self.context.pkg, env)\n  File "/usr/lib/python3/dist-packages/colcon_core/task/python/__init__.py", line 20, in get_setup_data\n    return dict(pkg.metadata[key](env))\n  File "/usr/lib/python3/dist-packages/colcon_ros/package_augmentation/ros_ament_python.py", line 57, in getter\n    return get_setup_information(\n  File "/usr/lib/python3/dist-packages/colcon_python_setup_py/package_identification/python_setup_py.py", line 241, in get_setup_information\n    _setup_information_cache[hashable_env] = _get_setup_information(\n  File "/usr/lib/python3/dist-packages/colcon_python_setup_py/package_identification/python_setup_py.py", line 281, in _get_setup_information\n    result = subprocess.run(\n  File "/usr/lib/python3.8/subprocess.py", line 516, in run\n    raise CalledProcessError(retcode, process.args,\nsubprocess.CalledProcessError: Command \'[\'/usr/bin/python3\', \'-c\', "import sys;from setuptools.extern.packaging.specifiers import SpecifierSet;from distutils.core import run_setup;dist = run_setup(    \'setup.py\', script_args=(\'--dry-run\',), stop_after=\'config\');skip_keys = (\'cmdclass\', \'distclass\', \'ext_modules\', \'metadata\');data = {    key: value for key, value in dist.__dict__.items()     if (        not key.startswith(\'_\') and         not callable(value) and         key not in skip_keys and         key not in dist.display_option_names    )};data[\'metadata\'] = {    k: v for k, v in dist.metadata.__dict__.items()     if k not in (\'license_files\', \'provides_extras\')};sys.stdout.buffer.write(repr(data).encode(\'utf-8\'))"]\' returned non-zero exit status 1.\n'}
[1.750738] (-) TimerEvent: {}
[1.750906] (test_para) JobEnded: {'identifier': 'test_para', 'rc': 1}
[1.752889] (-) EventReactorShutdown: {}
