[1.584s] Invoking command in '/home/psh/ros_code/build/m_pubsub': PYTHONPATH=/home/psh/ros_code/build/m_pubsub/prefix_override:/home/psh/ros_code/install/m_pubsub/lib/python3.8/site-packages:${PYTHONPATH} /usr/bin/python3 setup.py develop --editable --build-directory /home/psh/ros_code/build/m_pubsub/build --no-deps install_data
[2.100s] running develop
[2.385s] running egg_info
[2.385s] writing m_pubsub.egg-info/PKG-INFO
[2.389s] writing dependency_links to m_pubsub.egg-info/dependency_links.txt
[2.390s] writing entry points to m_pubsub.egg-info/entry_points.txt
[2.391s] writing requirements to m_pubsub.egg-info/requires.txt
[2.392s] writing top-level names to m_pubsub.egg-info/top_level.txt
[2.476s] reading manifest file 'm_pubsub.egg-info/SOURCES.txt'
[2.478s] writing manifest file 'm_pubsub.egg-info/SOURCES.txt'
[2.558s] running build_ext
[2.559s] Creating /home/psh/ros_code/install/m_pubsub/lib/python3.8/site-packages/m-pubsub.egg-link (link to .)
[2.561s] Installing met script to /home/psh/ros_code/install/m_pubsub/lib/m_pubsub
[2.562s] Installing mp script to /home/psh/ros_code/install/m_pubsub/lib/m_pubsub
[2.563s] Installing ms script to /home/psh/ros_code/install/m_pubsub/lib/m_pubsub
[2.563s] Installing mt script to /home/psh/ros_code/install/m_pubsub/lib/m_pubsub
[2.564s] Installing tp script to /home/psh/ros_code/install/m_pubsub/lib/m_pubsub
[2.565s] 
[2.565s] Installed /home/psh/ros_code/build/m_pubsub
[2.566s] running install_data
[2.631s] Invoked command in '/home/psh/ros_code/build/m_pubsub' returned '0': PYTHONPATH=/home/psh/ros_code/build/m_pubsub/prefix_override:/home/psh/ros_code/install/m_pubsub/lib/python3.8/site-packages:${PYTHONPATH} /usr/bin/python3 setup.py develop --editable --build-directory /home/psh/ros_code/build/m_pubsub/build --no-deps install_data
