[1.317s] Invoking command in '/home/psh/ros_code/build/m_pubsub': PYTHONPATH=/home/psh/ros_code/build/m_pubsub/prefix_override:/home/psh/ros_code/install/m_pubsub/lib/python3.8/site-packages:${PYTHONPATH} /usr/bin/python3 setup.py develop --editable --build-directory /home/psh/ros_code/build/m_pubsub/build --no-deps install_data
[1.635s] running develop
[1.835s] running egg_info
[1.835s] writing m_pubsub.egg-info/PKG-INFO
[1.835s] writing dependency_links to m_pubsub.egg-info/dependency_links.txt
[1.836s] writing entry points to m_pubsub.egg-info/entry_points.txt
[1.836s] writing requirements to m_pubsub.egg-info/requires.txt
[1.837s] writing top-level names to m_pubsub.egg-info/top_level.txt
[1.882s] reading manifest file 'm_pubsub.egg-info/SOURCES.txt'
[1.883s] writing manifest file 'm_pubsub.egg-info/SOURCES.txt'
[1.928s] running build_ext
[1.928s] Creating /home/psh/ros_code/install/m_pubsub/lib/python3.8/site-packages/m-pubsub.egg-link (link to .)
[1.930s] Installing met script to /home/psh/ros_code/install/m_pubsub/lib/m_pubsub
[1.931s] Installing mp script to /home/psh/ros_code/install/m_pubsub/lib/m_pubsub
[1.932s] Installing ms script to /home/psh/ros_code/install/m_pubsub/lib/m_pubsub
[1.932s] Installing mt script to /home/psh/ros_code/install/m_pubsub/lib/m_pubsub
[1.933s] Installing tp script to /home/psh/ros_code/install/m_pubsub/lib/m_pubsub
[1.934s] 
[1.934s] Installed /home/psh/ros_code/build/m_pubsub
[1.934s] running install_data
[1.981s] Invoked command in '/home/psh/ros_code/build/m_pubsub' returned '0': PYTHONPATH=/home/psh/ros_code/build/m_pubsub/prefix_override:/home/psh/ros_code/install/m_pubsub/lib/python3.8/site-packages:${PYTHONPATH} /usr/bin/python3 setup.py develop --editable --build-directory /home/psh/ros_code/build/m_pubsub/build --no-deps install_data
