[1.207s] Invoking command in '/home/psh/ros_code/build/m_pubsub': PYTHONPATH=/home/psh/ros_code/build/m_pubsub/prefix_override:/home/psh/ros_code/install/m_pubsub/lib/python3.8/site-packages:${PYTHONPATH} /usr/bin/python3 setup.py develop --editable --build-directory /home/psh/ros_code/build/m_pubsub/build --no-deps install_data
[1.511s] running develop
[1.711s] running egg_info
[1.711s] writing m_pubsub.egg-info/PKG-INFO
[1.712s] writing dependency_links to m_pubsub.egg-info/dependency_links.txt
[1.712s] writing entry points to m_pubsub.egg-info/entry_points.txt
[1.713s] writing requirements to m_pubsub.egg-info/requires.txt
[1.713s] writing top-level names to m_pubsub.egg-info/top_level.txt
[1.756s] reading manifest file 'm_pubsub.egg-info/SOURCES.txt'
[1.757s] writing manifest file 'm_pubsub.egg-info/SOURCES.txt'
[1.822s] running build_ext
[1.822s] Creating /home/psh/ros_code/install/m_pubsub/lib/python3.8/site-packages/m-pubsub.egg-link (link to .)
[1.824s] Installing met script to /home/psh/ros_code/install/m_pubsub/lib/m_pubsub
[1.824s] Installing mp script to /home/psh/ros_code/install/m_pubsub/lib/m_pubsub
[1.825s] Installing ms script to /home/psh/ros_code/install/m_pubsub/lib/m_pubsub
[1.825s] Installing mt script to /home/psh/ros_code/install/m_pubsub/lib/m_pubsub
[1.825s] Installing tp script to /home/psh/ros_code/install/m_pubsub/lib/m_pubsub
[1.826s] 
[1.826s] Installed /home/psh/ros_code/build/m_pubsub
[1.827s] running install_data
[1.864s] Invoked command in '/home/psh/ros_code/build/m_pubsub' returned '0': PYTHONPATH=/home/psh/ros_code/build/m_pubsub/prefix_override:/home/psh/ros_code/install/m_pubsub/lib/python3.8/site-packages:${PYTHONPATH} /usr/bin/python3 setup.py develop --editable --build-directory /home/psh/ros_code/build/m_pubsub/build --no-deps install_data
