[1.592s] Invoking command in '/home/psh/ros_code/build/m_pubsub': PYTHONPATH=/home/psh/ros_code/build/m_pubsub/prefix_override:/home/psh/ros_code/install/m_pubsub/lib/python3.8/site-packages:${PYTHONPATH} /usr/bin/python3 setup.py develop --editable --build-directory /home/psh/ros_code/build/m_pubsub/build --no-deps install_data
[2.120s] running develop
[2.430s] running egg_info
[2.430s] writing m_pubsub.egg-info/PKG-INFO
[2.432s] writing dependency_links to m_pubsub.egg-info/dependency_links.txt
[2.433s] writing entry points to m_pubsub.egg-info/entry_points.txt
[2.434s] writing requirements to m_pubsub.egg-info/requires.txt
[2.434s] writing top-level names to m_pubsub.egg-info/top_level.txt
[2.529s] reading manifest file 'm_pubsub.egg-info/SOURCES.txt'
[2.531s] writing manifest file 'm_pubsub.egg-info/SOURCES.txt'
[2.614s] running build_ext
[2.618s] Creating /home/psh/ros_code/install/m_pubsub/lib/python3.8/site-packages/m-pubsub.egg-link (link to .)
[2.620s] Installing met script to /home/psh/ros_code/install/m_pubsub/lib/m_pubsub
[2.621s] Installing mp script to /home/psh/ros_code/install/m_pubsub/lib/m_pubsub
[2.622s] Installing ms script to /home/psh/ros_code/install/m_pubsub/lib/m_pubsub
[2.622s] Installing mt script to /home/psh/ros_code/install/m_pubsub/lib/m_pubsub
[2.623s] Installing tp script to /home/psh/ros_code/install/m_pubsub/lib/m_pubsub
[2.624s] 
[2.624s] Installed /home/psh/ros_code/build/m_pubsub
[2.625s] running install_data
[2.685s] Invoked command in '/home/psh/ros_code/build/m_pubsub' returned '0': PYTHONPATH=/home/psh/ros_code/build/m_pubsub/prefix_override:/home/psh/ros_code/install/m_pubsub/lib/python3.8/site-packages:${PYTHONPATH} /usr/bin/python3 setup.py develop --editable --build-directory /home/psh/ros_code/build/m_pubsub/build --no-deps install_data
