[1.273s] Invoking command in '/home/psh/ros_code/build/m_pubsub': PYTHONPATH=/home/psh/ros_code/build/m_pubsub/prefix_override:/home/psh/ros_code/install/m_pubsub/lib/python3.8/site-packages:${PYTHONPATH} /usr/bin/python3 setup.py develop --editable --build-directory /home/psh/ros_code/build/m_pubsub/build --no-deps install_data
[1.626s] running develop
[1.823s] running egg_info
[1.823s] writing m_pubsub.egg-info/PKG-INFO
[1.824s] writing dependency_links to m_pubsub.egg-info/dependency_links.txt
[1.824s] writing entry points to m_pubsub.egg-info/entry_points.txt
[1.824s] writing requirements to m_pubsub.egg-info/requires.txt
[1.825s] writing top-level names to m_pubsub.egg-info/top_level.txt
[1.868s] reading manifest file 'm_pubsub.egg-info/SOURCES.txt'
[1.869s] writing manifest file 'm_pubsub.egg-info/SOURCES.txt'
[1.914s] running build_ext
[1.914s] Creating /home/psh/ros_code/install/m_pubsub/lib/python3.8/site-packages/m-pubsub.egg-link (link to .)
[1.916s] Installing met script to /home/psh/ros_code/install/m_pubsub/lib/m_pubsub
[1.916s] Installing mp script to /home/psh/ros_code/install/m_pubsub/lib/m_pubsub
[1.917s] Installing ms script to /home/psh/ros_code/install/m_pubsub/lib/m_pubsub
[1.917s] Installing mt script to /home/psh/ros_code/install/m_pubsub/lib/m_pubsub
[1.917s] Installing tp script to /home/psh/ros_code/install/m_pubsub/lib/m_pubsub
[1.917s] 
[1.918s] Installed /home/psh/ros_code/build/m_pubsub
[1.918s] running install_data
[1.951s] Invoked command in '/home/psh/ros_code/build/m_pubsub' returned '0': PYTHONPATH=/home/psh/ros_code/build/m_pubsub/prefix_override:/home/psh/ros_code/install/m_pubsub/lib/python3.8/site-packages:${PYTHONPATH} /usr/bin/python3 setup.py develop --editable --build-directory /home/psh/ros_code/build/m_pubsub/build --no-deps install_data
