[1.578s] Invoking command in '/home/psh/ros_code/build/m_pubsub': PYTHONPATH=/home/psh/ros_code/build/m_pubsub/prefix_override:/home/psh/ros_code/install/m_pubsub/lib/python3.8/site-packages:${PYTHONPATH} /usr/bin/python3 setup.py develop --editable --build-directory /home/psh/ros_code/build/m_pubsub/build --no-deps install_data
[2.104s] running develop
[2.374s] running egg_info
[2.375s] writing m_pubsub.egg-info/PKG-INFO
[2.376s] writing dependency_links to m_pubsub.egg-info/dependency_links.txt
[2.376s] writing entry points to m_pubsub.egg-info/entry_points.txt
[2.377s] writing requirements to m_pubsub.egg-info/requires.txt
[2.378s] writing top-level names to m_pubsub.egg-info/top_level.txt
[2.465s] reading manifest file 'm_pubsub.egg-info/SOURCES.txt'
[2.467s] writing manifest file 'm_pubsub.egg-info/SOURCES.txt'
[2.548s] running build_ext
[2.549s] Creating /home/psh/ros_code/install/m_pubsub/lib/python3.8/site-packages/m-pubsub.egg-link (link to .)
[2.551s] Installing met script to /home/psh/ros_code/install/m_pubsub/lib/m_pubsub
[2.552s] Installing mp script to /home/psh/ros_code/install/m_pubsub/lib/m_pubsub
[2.552s] Installing ms script to /home/psh/ros_code/install/m_pubsub/lib/m_pubsub
[2.553s] Installing mt script to /home/psh/ros_code/install/m_pubsub/lib/m_pubsub
[2.553s] Installing tp script to /home/psh/ros_code/install/m_pubsub/lib/m_pubsub
[2.554s] 
[2.554s] Installed /home/psh/ros_code/build/m_pubsub
[2.555s] running install_data
[2.615s] Invoked command in '/home/psh/ros_code/build/m_pubsub' returned '0': PYTHONPATH=/home/psh/ros_code/build/m_pubsub/prefix_override:/home/psh/ros_code/install/m_pubsub/lib/python3.8/site-packages:${PYTHONPATH} /usr/bin/python3 setup.py develop --editable --build-directory /home/psh/ros_code/build/m_pubsub/build --no-deps install_data
