[1.683s] Invoking command in '/home/psh/ros_code/build/m_pubsub': PYTHONPATH=/home/psh/ros_code/build/m_pubsub/prefix_override:/home/psh/ros_code/install/m_pubsub/lib/python3.8/site-packages:${PYTHONPATH} /usr/bin/python3 setup.py develop --editable --build-directory /home/psh/ros_code/build/m_pubsub/build --no-deps install_data
[2.202s] running develop
[2.484s] running egg_info
[2.484s] writing m_pubsub.egg-info/PKG-INFO
[2.485s] writing dependency_links to m_pubsub.egg-info/dependency_links.txt
[2.486s] writing entry points to m_pubsub.egg-info/entry_points.txt
[2.488s] writing requirements to m_pubsub.egg-info/requires.txt
[2.489s] writing top-level names to m_pubsub.egg-info/top_level.txt
[2.574s] reading manifest file 'm_pubsub.egg-info/SOURCES.txt'
[2.582s] writing manifest file 'm_pubsub.egg-info/SOURCES.txt'
[2.661s] running build_ext
[2.671s] Creating /home/psh/ros_code/install/m_pubsub/lib/python3.8/site-packages/m-pubsub.egg-link (link to .)
[2.674s] Installing met script to /home/psh/ros_code/install/m_pubsub/lib/m_pubsub
[2.675s] Installing mp script to /home/psh/ros_code/install/m_pubsub/lib/m_pubsub
[2.676s] Installing ms script to /home/psh/ros_code/install/m_pubsub/lib/m_pubsub
[2.677s] Installing mt script to /home/psh/ros_code/install/m_pubsub/lib/m_pubsub
[2.677s] Installing tp script to /home/psh/ros_code/install/m_pubsub/lib/m_pubsub
[2.678s] 
[2.679s] Installed /home/psh/ros_code/build/m_pubsub
[2.679s] running install_data
[2.743s] Invoked command in '/home/psh/ros_code/build/m_pubsub' returned '0': PYTHONPATH=/home/psh/ros_code/build/m_pubsub/prefix_override:/home/psh/ros_code/install/m_pubsub/lib/python3.8/site-packages:${PYTHONPATH} /usr/bin/python3 setup.py develop --editable --build-directory /home/psh/ros_code/build/m_pubsub/build --no-deps install_data
