[1.436s] Invoking command in '/home/psh/ros_code/build/m_pubsub': PYTHONPATH=/home/psh/ros_code/build/m_pubsub/prefix_override:/home/psh/ros_code/install/m_pubsub/lib/python3.8/site-packages:${PYTHONPATH} /usr/bin/python3 setup.py develop --editable --build-directory /home/psh/ros_code/build/m_pubsub/build --no-deps install_data
[1.994s] running develop
[2.277s] running egg_info
[2.278s] writing m_pubsub.egg-info/PKG-INFO
[2.280s] writing dependency_links to m_pubsub.egg-info/dependency_links.txt
[2.281s] writing entry points to m_pubsub.egg-info/entry_points.txt
[2.282s] writing requirements to m_pubsub.egg-info/requires.txt
[2.282s] writing top-level names to m_pubsub.egg-info/top_level.txt
[2.373s] reading manifest file 'm_pubsub.egg-info/SOURCES.txt'
[2.375s] writing manifest file 'm_pubsub.egg-info/SOURCES.txt'
[2.453s] running build_ext
[2.455s] Creating /home/psh/ros_code/install/m_pubsub/lib/python3.8/site-packages/m-pubsub.egg-link (link to .)
[2.457s] Installing met script to /home/psh/ros_code/install/m_pubsub/lib/m_pubsub
[2.457s] Installing mp script to /home/psh/ros_code/install/m_pubsub/lib/m_pubsub
[2.458s] Installing ms script to /home/psh/ros_code/install/m_pubsub/lib/m_pubsub
[2.459s] Installing mt script to /home/psh/ros_code/install/m_pubsub/lib/m_pubsub
[2.459s] Installing tp script to /home/psh/ros_code/install/m_pubsub/lib/m_pubsub
[2.460s] 
[2.461s] Installed /home/psh/ros_code/build/m_pubsub
[2.461s] running install_data
[2.509s] Invoked command in '/home/psh/ros_code/build/m_pubsub' returned '0': PYTHONPATH=/home/psh/ros_code/build/m_pubsub/prefix_override:/home/psh/ros_code/install/m_pubsub/lib/python3.8/site-packages:${PYTHONPATH} /usr/bin/python3 setup.py develop --editable --build-directory /home/psh/ros_code/build/m_pubsub/build --no-deps install_data
