[1.448s] Invoking command in '/home/psh/ros_code/build/m_pubsub': PYTHONPATH=/home/psh/ros_code/build/m_pubsub/prefix_override:/home/psh/ros_code/install/m_pubsub/lib/python3.8/site-packages:${PYTHONPATH} /usr/bin/python3 setup.py develop --editable --build-directory /home/psh/ros_code/build/m_pubsub/build --no-deps install_data
[2.001s] running develop
[2.301s] running egg_info
[2.302s] writing m_pubsub.egg-info/PKG-INFO
[2.303s] writing dependency_links to m_pubsub.egg-info/dependency_links.txt
[2.304s] writing entry points to m_pubsub.egg-info/entry_points.txt
[2.304s] writing requirements to m_pubsub.egg-info/requires.txt
[2.305s] writing top-level names to m_pubsub.egg-info/top_level.txt
[2.391s] reading manifest file 'm_pubsub.egg-info/SOURCES.txt'
[2.393s] writing manifest file 'm_pubsub.egg-info/SOURCES.txt'
[2.481s] running build_ext
[2.482s] Creating /home/psh/ros_code/install/m_pubsub/lib/python3.8/site-packages/m-pubsub.egg-link (link to .)
[2.484s] Installing met script to /home/psh/ros_code/install/m_pubsub/lib/m_pubsub
[2.485s] Installing mp script to /home/psh/ros_code/install/m_pubsub/lib/m_pubsub
[2.486s] Installing ms script to /home/psh/ros_code/install/m_pubsub/lib/m_pubsub
[2.487s] Installing mt script to /home/psh/ros_code/install/m_pubsub/lib/m_pubsub
[2.487s] Installing tp script to /home/psh/ros_code/install/m_pubsub/lib/m_pubsub
[2.488s] 
[2.488s] Installed /home/psh/ros_code/build/m_pubsub
[2.489s] running install_data
[2.539s] Invoked command in '/home/psh/ros_code/build/m_pubsub' returned '0': PYTHONPATH=/home/psh/ros_code/build/m_pubsub/prefix_override:/home/psh/ros_code/install/m_pubsub/lib/python3.8/site-packages:${PYTHONPATH} /usr/bin/python3 setup.py develop --editable --build-directory /home/psh/ros_code/build/m_pubsub/build --no-deps install_data
