[1.594s] Invoking command in '/home/psh/ros_code/build/m_pubsub': PYTHONPATH=/home/psh/ros_code/build/m_pubsub/prefix_override:/home/psh/ros_code/install/m_pubsub/lib/python3.8/site-packages:${PYTHONPATH} /usr/bin/python3 setup.py develop --editable --build-directory /home/psh/ros_code/build/m_pubsub/build --no-deps install_data
[2.126s] running develop
[2.401s] running egg_info
[2.401s] writing m_pubsub.egg-info/PKG-INFO
[2.403s] writing dependency_links to m_pubsub.egg-info/dependency_links.txt
[2.404s] writing entry points to m_pubsub.egg-info/entry_points.txt
[2.405s] writing requirements to m_pubsub.egg-info/requires.txt
[2.405s] writing top-level names to m_pubsub.egg-info/top_level.txt
[2.492s] reading manifest file 'm_pubsub.egg-info/SOURCES.txt'
[2.494s] writing manifest file 'm_pubsub.egg-info/SOURCES.txt'
[2.580s] running build_ext
[2.581s] Creating /home/psh/ros_code/install/m_pubsub/lib/python3.8/site-packages/m-pubsub.egg-link (link to .)
[2.583s] Installing met script to /home/psh/ros_code/install/m_pubsub/lib/m_pubsub
[2.583s] Installing mp script to /home/psh/ros_code/install/m_pubsub/lib/m_pubsub
[2.584s] Installing ms script to /home/psh/ros_code/install/m_pubsub/lib/m_pubsub
[2.585s] Installing mt script to /home/psh/ros_code/install/m_pubsub/lib/m_pubsub
[2.585s] Installing tp script to /home/psh/ros_code/install/m_pubsub/lib/m_pubsub
[2.586s] 
[2.586s] Installed /home/psh/ros_code/build/m_pubsub
[2.587s] running install_data
[2.637s] Invoked command in '/home/psh/ros_code/build/m_pubsub' returned '0': PYTHONPATH=/home/psh/ros_code/build/m_pubsub/prefix_override:/home/psh/ros_code/install/m_pubsub/lib/python3.8/site-packages:${PYTHONPATH} /usr/bin/python3 setup.py develop --editable --build-directory /home/psh/ros_code/build/m_pubsub/build --no-deps install_data
