[1.283s] Invoking command in '/home/psh/ros_code/build/m_pubsub': PYTHONPATH=/home/psh/ros_code/build/m_pubsub/prefix_override:/home/psh/ros_code/install/m_pubsub/lib/python3.8/site-packages:${PYTHONPATH} /usr/bin/python3 setup.py develop --editable --build-directory /home/psh/ros_code/build/m_pubsub/build --no-deps install_data
[1.618s] running develop
[1.806s] running egg_info
[1.806s] writing m_pubsub.egg-info/PKG-INFO
[1.807s] writing dependency_links to m_pubsub.egg-info/dependency_links.txt
[1.808s] writing entry points to m_pubsub.egg-info/entry_points.txt
[1.808s] writing requirements to m_pubsub.egg-info/requires.txt
[1.809s] writing top-level names to m_pubsub.egg-info/top_level.txt
[1.858s] reading manifest file 'm_pubsub.egg-info/SOURCES.txt'
[1.867s] writing manifest file 'm_pubsub.egg-info/SOURCES.txt'
[1.919s] running build_ext
[1.920s] Creating /home/psh/ros_code/install/m_pubsub/lib/python3.8/site-packages/m-pubsub.egg-link (link to .)
[1.922s] Installing met script to /home/psh/ros_code/install/m_pubsub/lib/m_pubsub
[1.922s] Installing mp script to /home/psh/ros_code/install/m_pubsub/lib/m_pubsub
[1.923s] Installing ms script to /home/psh/ros_code/install/m_pubsub/lib/m_pubsub
[1.924s] Installing mt script to /home/psh/ros_code/install/m_pubsub/lib/m_pubsub
[1.924s] Installing tp script to /home/psh/ros_code/install/m_pubsub/lib/m_pubsub
[1.925s] 
[1.925s] Installed /home/psh/ros_code/build/m_pubsub
[1.926s] running install_data
[1.963s] Invoked command in '/home/psh/ros_code/build/m_pubsub' returned '0': PYTHONPATH=/home/psh/ros_code/build/m_pubsub/prefix_override:/home/psh/ros_code/install/m_pubsub/lib/python3.8/site-packages:${PYTHONPATH} /usr/bin/python3 setup.py develop --editable --build-directory /home/psh/ros_code/build/m_pubsub/build --no-deps install_data
