[2.129s] Invoking command in '/home/psh/ros_code/build/m_pubsub': PYTHONPATH=/home/psh/ros_code/build/m_pubsub/prefix_override:/home/psh/ros_code/install/m_pubsub/lib/python3.8/site-packages:${PYTHONPATH} /usr/bin/python3 setup.py develop --editable --build-directory /home/psh/ros_code/build/m_pubsub/build --no-deps install_data
[2.659s] running develop
[2.937s] running egg_info
[2.938s] writing m_pubsub.egg-info/PKG-INFO
[2.939s] writing dependency_links to m_pubsub.egg-info/dependency_links.txt
[2.940s] writing entry points to m_pubsub.egg-info/entry_points.txt
[2.941s] writing requirements to m_pubsub.egg-info/requires.txt
[2.942s] writing top-level names to m_pubsub.egg-info/top_level.txt
[3.028s] reading manifest file 'm_pubsub.egg-info/SOURCES.txt'
[3.030s] writing manifest file 'm_pubsub.egg-info/SOURCES.txt'
[3.121s] running build_ext
[3.122s] Creating /home/psh/ros_code/install/m_pubsub/lib/python3.8/site-packages/m-pubsub.egg-link (link to .)
[3.124s] Installing met script to /home/psh/ros_code/install/m_pubsub/lib/m_pubsub
[3.125s] Installing mp script to /home/psh/ros_code/install/m_pubsub/lib/m_pubsub
[3.125s] Installing ms script to /home/psh/ros_code/install/m_pubsub/lib/m_pubsub
[3.126s] Installing mt script to /home/psh/ros_code/install/m_pubsub/lib/m_pubsub
[3.128s] Installing tp script to /home/psh/ros_code/install/m_pubsub/lib/m_pubsub
[3.129s] 
[3.130s] Installed /home/psh/ros_code/build/m_pubsub
[3.130s] running install_data
[3.192s] Invoked command in '/home/psh/ros_code/build/m_pubsub' returned '0': PYTHONPATH=/home/psh/ros_code/build/m_pubsub/prefix_override:/home/psh/ros_code/install/m_pubsub/lib/python3.8/site-packages:${PYTHONPATH} /usr/bin/python3 setup.py develop --editable --build-directory /home/psh/ros_code/build/m_pubsub/build --no-deps install_data
