[1.235s] Invoking command in '/home/psh/ros_code/build/m_pubsub': PYTHONPATH=/home/psh/ros_code/build/m_pubsub/prefix_override:/home/psh/ros_code/install/m_pubsub/lib/python3.8/site-packages:${PYTHONPATH} /usr/bin/python3 setup.py develop --editable --build-directory /home/psh/ros_code/build/m_pubsub/build --no-deps install_data
[1.534s] running develop
[1.720s] running egg_info
[1.721s] writing m_pubsub.egg-info/PKG-INFO
[1.721s] writing dependency_links to m_pubsub.egg-info/dependency_links.txt
[1.722s] writing entry points to m_pubsub.egg-info/entry_points.txt
[1.722s] writing requirements to m_pubsub.egg-info/requires.txt
[1.722s] writing top-level names to m_pubsub.egg-info/top_level.txt
[1.765s] reading manifest file 'm_pubsub.egg-info/SOURCES.txt'
[1.766s] writing manifest file 'm_pubsub.egg-info/SOURCES.txt'
[1.811s] running build_ext
[1.811s] Creating /home/psh/ros_code/install/m_pubsub/lib/python3.8/site-packages/m-pubsub.egg-link (link to .)
[1.813s] Installing met script to /home/psh/ros_code/install/m_pubsub/lib/m_pubsub
[1.813s] Installing mp script to /home/psh/ros_code/install/m_pubsub/lib/m_pubsub
[1.813s] Installing ms script to /home/psh/ros_code/install/m_pubsub/lib/m_pubsub
[1.814s] Installing mt script to /home/psh/ros_code/install/m_pubsub/lib/m_pubsub
[1.814s] Installing tp script to /home/psh/ros_code/install/m_pubsub/lib/m_pubsub
[1.815s] 
[1.815s] Installed /home/psh/ros_code/build/m_pubsub
[1.815s] running install_data
[1.849s] Invoked command in '/home/psh/ros_code/build/m_pubsub' returned '0': PYTHONPATH=/home/psh/ros_code/build/m_pubsub/prefix_override:/home/psh/ros_code/install/m_pubsub/lib/python3.8/site-packages:${PYTHONPATH} /usr/bin/python3 setup.py develop --editable --build-directory /home/psh/ros_code/build/m_pubsub/build --no-deps install_data
