[0.392s] DEBUG:colcon:Command line arguments: ['/usr/bin/colcon', 'build', '--symlink-install']
[0.393s] DEBUG:colcon:Parsed command line arguments: Namespace(allow_overriding=[], ament_cmake_args=None, base_paths=['.'], build_base='build', catkin_cmake_args=None, catkin_skip_building_tests=False, cmake_args=None, cmake_clean_cache=False, cmake_clean_first=False, cmake_force_configure=False, cmake_target=None, cmake_target_skip_unavailable=False, continue_on_error=False, event_handlers=None, executor='parallel', ignore_user_meta=False, install_base='install', log_base=None, log_level=None, main=<bound method BuildVerb.main of <colcon_core.verb.build.BuildVerb object at 0x7feb7936f880>>, merge_install=False, metas=['./colcon.meta'], packages_above=None, packages_above_and_dependencies=None, packages_above_depth=None, packages_end=None, packages_ignore=None, packages_ignore_regex=None, packages_select=None, packages_select_build_failed=False, packages_select_by_dep=None, packages_select_regex=None, packages_select_test_failures=False, packages_skip=None, packages_skip_build_finished=False, packages_skip_by_dep=None, packages_skip_regex=None, packages_skip_test_passed=False, packages_skip_up_to=None, packages_start=None, packages_up_to=None, packages_up_to_regex=None, parallel_workers=1, paths=None, symlink_install=True, test_result_base=None, verb_extension=<colcon_core.verb.build.BuildVerb object at 0x7feb7936f880>, verb_name='build', verb_parser=<colcon_defaults.argument_parser.defaults.DefaultArgumentsDecorator object at 0x7feb7936fdf0>)
[0.441s] Level 1:colcon.colcon_core.package_discovery:discover_packages(colcon_meta) check parameters
[0.441s] Level 1:colcon.colcon_core.package_discovery:discover_packages(recursive) check parameters
[0.441s] Level 1:colcon.colcon_core.package_discovery:discover_packages(ignore) check parameters
[0.442s] Level 1:colcon.colcon_core.package_discovery:discover_packages(path) check parameters
[0.442s] Level 1:colcon.colcon_core.package_discovery:discover_packages(colcon_meta) discover
[0.442s] Level 1:colcon.colcon_core.package_discovery:discover_packages(recursive) discover
[0.442s] INFO:colcon.colcon_core.package_discovery:Crawling recursively for packages in '/home/psh/ros_code'
[0.442s] Level 1:colcon.colcon_core.package_identification:_identify(.) by extensions ['ignore', 'ignore_ament_install']
[0.442s] Level 1:colcon.colcon_core.package_identification:_identify(.) by extension 'ignore'
[0.443s] Level 1:colcon.colcon_core.package_identification:_identify(.) by extension 'ignore_ament_install'
[0.443s] Level 1:colcon.colcon_core.package_identification:_identify(.) by extensions ['colcon_pkg']
[0.443s] Level 1:colcon.colcon_core.package_identification:_identify(.) by extension 'colcon_pkg'
[0.443s] Level 1:colcon.colcon_core.package_identification:_identify(.) by extensions ['colcon_meta']
[0.443s] Level 1:colcon.colcon_core.package_identification:_identify(.) by extension 'colcon_meta'
[0.443s] Level 1:colcon.colcon_core.package_identification:_identify(.) by extensions ['ros']
[0.443s] Level 1:colcon.colcon_core.package_identification:_identify(.) by extension 'ros'
[0.480s] Level 1:colcon.colcon_core.package_identification:_identify(.) by extensions ['cmake', 'python']
[0.480s] Level 1:colcon.colcon_core.package_identification:_identify(.) by extension 'cmake'
[0.480s] Level 1:colcon.colcon_core.package_identification:_identify(.) by extension 'python'
[0.480s] Level 1:colcon.colcon_core.package_identification:_identify(.) by extensions ['python_setup_py']
[0.481s] Level 1:colcon.colcon_core.package_identification:_identify(.) by extension 'python_setup_py'
[0.481s] Level 1:colcon.colcon_core.package_identification:_identify(backup) by extensions ['ignore', 'ignore_ament_install']
[0.481s] Level 1:colcon.colcon_core.package_identification:_identify(backup) by extension 'ignore'
[0.481s] Level 1:colcon.colcon_core.package_identification:_identify(backup) by extension 'ignore_ament_install'
[0.481s] Level 1:colcon.colcon_core.package_identification:_identify(backup) by extensions ['colcon_pkg']
[0.481s] Level 1:colcon.colcon_core.package_identification:_identify(backup) by extension 'colcon_pkg'
[0.482s] Level 1:colcon.colcon_core.package_identification:_identify(backup) by extensions ['colcon_meta']
[0.482s] Level 1:colcon.colcon_core.package_identification:_identify(backup) by extension 'colcon_meta'
[0.482s] Level 1:colcon.colcon_core.package_identification:_identify(backup) by extensions ['ros']
[0.482s] Level 1:colcon.colcon_core.package_identification:_identify(backup) by extension 'ros'
[0.482s] Level 1:colcon.colcon_core.package_identification:_identify(backup) by extensions ['cmake', 'python']
[0.482s] Level 1:colcon.colcon_core.package_identification:_identify(backup) by extension 'cmake'
[0.482s] Level 1:colcon.colcon_core.package_identification:_identify(backup) by extension 'python'
[0.482s] Level 1:colcon.colcon_core.package_identification:_identify(backup) by extensions ['python_setup_py']
[0.482s] Level 1:colcon.colcon_core.package_identification:_identify(backup) by extension 'python_setup_py'
[1.311s] ERROR:colcon.colcon_core.package_identification:Exception in package identification extension 'python_setup_py' in 'backup': Command '['/usr/bin/python3', '-c', "import sys;from setuptools.extern.packaging.specifiers import SpecifierSet;from distutils.core import run_setup;dist = run_setup(    'setup.py', script_args=('--dry-run',), stop_after='config');skip_keys = ('cmdclass', 'distclass', 'ext_modules', 'metadata');data = {    key: value for key, value in dist.__dict__.items()     if (        not key.startswith('_') and         not callable(value) and         key not in skip_keys and         key not in dist.display_option_names    )};data['metadata'] = {    k: v for k, v in dist.metadata.__dict__.items()     if k not in ('license_files', 'provides_extras')};sys.stdout.buffer.write(repr(data).encode('utf-8'))"]' returned non-zero exit status 1.
Traceback (most recent call last):
  File "/usr/lib/python3/dist-packages/colcon_core/package_identification/__init__.py", line 142, in _identify
    retval = extension.identify(_reused_descriptor_instance)
  File "/usr/lib/python3/dist-packages/colcon_python_setup_py/package_identification/python_setup_py.py", line 48, in identify
    config = get_setup_information(setup_py)
  File "/usr/lib/python3/dist-packages/colcon_python_setup_py/package_identification/python_setup_py.py", line 241, in get_setup_information
    _setup_information_cache[hashable_env] = _get_setup_information(
  File "/usr/lib/python3/dist-packages/colcon_python_setup_py/package_identification/python_setup_py.py", line 281, in _get_setup_information
    result = subprocess.run(
  File "/usr/lib/python3.8/subprocess.py", line 516, in run
    raise CalledProcessError(retcode, process.args,
subprocess.CalledProcessError: Command '['/usr/bin/python3', '-c', "import sys;from setuptools.extern.packaging.specifiers import SpecifierSet;from distutils.core import run_setup;dist = run_setup(    'setup.py', script_args=('--dry-run',), stop_after='config');skip_keys = ('cmdclass', 'distclass', 'ext_modules', 'metadata');data = {    key: value for key, value in dist.__dict__.items()     if (        not key.startswith('_') and         not callable(value) and         key not in skip_keys and         key not in dist.display_option_names    )};data['metadata'] = {    k: v for k, v in dist.metadata.__dict__.items()     if k not in ('license_files', 'provides_extras')};sys.stdout.buffer.write(repr(data).encode('utf-8'))"]' returned non-zero exit status 1.

[1.313s] Level 1:colcon.colcon_core.package_identification:_identify(build) by extensions ['ignore', 'ignore_ament_install']
[1.314s] Level 1:colcon.colcon_core.package_identification:_identify(build) by extension 'ignore'
[1.314s] Level 1:colcon.colcon_core.package_identification:_identify(build) ignored
[1.314s] Level 1:colcon.colcon_core.package_identification:_identify(install) by extensions ['ignore', 'ignore_ament_install']
[1.315s] Level 1:colcon.colcon_core.package_identification:_identify(install) by extension 'ignore'
[1.315s] Level 1:colcon.colcon_core.package_identification:_identify(install) ignored
[1.315s] Level 1:colcon.colcon_core.package_identification:_identify(log) by extensions ['ignore', 'ignore_ament_install']
[1.315s] Level 1:colcon.colcon_core.package_identification:_identify(log) by extension 'ignore'
[1.315s] Level 1:colcon.colcon_core.package_identification:_identify(log) ignored
[1.315s] Level 1:colcon.colcon_core.package_identification:_identify(move_turtle_pkg) by extensions ['ignore', 'ignore_ament_install']
[1.316s] Level 1:colcon.colcon_core.package_identification:_identify(move_turtle_pkg) by extension 'ignore'
[1.316s] Level 1:colcon.colcon_core.package_identification:_identify(move_turtle_pkg) by extension 'ignore_ament_install'
[1.316s] Level 1:colcon.colcon_core.package_identification:_identify(move_turtle_pkg) by extensions ['colcon_pkg']
[1.316s] Level 1:colcon.colcon_core.package_identification:_identify(move_turtle_pkg) by extension 'colcon_pkg'
[1.316s] Level 1:colcon.colcon_core.package_identification:_identify(move_turtle_pkg) by extensions ['colcon_meta']
[1.316s] Level 1:colcon.colcon_core.package_identification:_identify(move_turtle_pkg) by extension 'colcon_meta'
[1.316s] Level 1:colcon.colcon_core.package_identification:_identify(move_turtle_pkg) by extensions ['ros']
[1.317s] Level 1:colcon.colcon_core.package_identification:_identify(move_turtle_pkg) by extension 'ros'
[1.322s] DEBUG:colcon.colcon_core.package_identification:Package 'move_turtle_pkg' with type 'ros.ament_python' and name 'move_turtle_pkg'
[1.325s] Level 1:colcon.colcon_core.package_identification:_identify(opencv_test) by extensions ['ignore', 'ignore_ament_install']
[1.326s] Level 1:colcon.colcon_core.package_identification:_identify(opencv_test) by extension 'ignore'
[1.326s] Level 1:colcon.colcon_core.package_identification:_identify(opencv_test) by extension 'ignore_ament_install'
[1.326s] Level 1:colcon.colcon_core.package_identification:_identify(opencv_test) by extensions ['colcon_pkg']
[1.326s] Level 1:colcon.colcon_core.package_identification:_identify(opencv_test) by extension 'colcon_pkg'
[1.326s] Level 1:colcon.colcon_core.package_identification:_identify(opencv_test) by extensions ['colcon_meta']
[1.326s] Level 1:colcon.colcon_core.package_identification:_identify(opencv_test) by extension 'colcon_meta'
[1.326s] Level 1:colcon.colcon_core.package_identification:_identify(opencv_test) by extensions ['ros']
[1.327s] Level 1:colcon.colcon_core.package_identification:_identify(opencv_test) by extension 'ros'
[1.327s] Level 1:colcon.colcon_core.package_identification:_identify(opencv_test) by extensions ['cmake', 'python']
[1.327s] Level 1:colcon.colcon_core.package_identification:_identify(opencv_test) by extension 'cmake'
[1.327s] Level 1:colcon.colcon_core.package_identification:_identify(opencv_test) by extension 'python'
[1.328s] Level 1:colcon.colcon_core.package_identification:_identify(opencv_test) by extensions ['python_setup_py']
[1.328s] Level 1:colcon.colcon_core.package_identification:_identify(opencv_test) by extension 'python_setup_py'
[1.328s] Level 1:colcon.colcon_core.package_identification:_identify(opencv_test/img) by extensions ['ignore', 'ignore_ament_install']
[1.328s] Level 1:colcon.colcon_core.package_identification:_identify(opencv_test/img) by extension 'ignore'
[1.328s] Level 1:colcon.colcon_core.package_identification:_identify(opencv_test/img) by extension 'ignore_ament_install'
[1.328s] Level 1:colcon.colcon_core.package_identification:_identify(opencv_test/img) by extensions ['colcon_pkg']
[1.329s] Level 1:colcon.colcon_core.package_identification:_identify(opencv_test/img) by extension 'colcon_pkg'
[1.329s] Level 1:colcon.colcon_core.package_identification:_identify(opencv_test/img) by extensions ['colcon_meta']
[1.329s] Level 1:colcon.colcon_core.package_identification:_identify(opencv_test/img) by extension 'colcon_meta'
[1.329s] Level 1:colcon.colcon_core.package_identification:_identify(opencv_test/img) by extensions ['ros']
[1.329s] Level 1:colcon.colcon_core.package_identification:_identify(opencv_test/img) by extension 'ros'
[1.329s] Level 1:colcon.colcon_core.package_identification:_identify(opencv_test/img) by extensions ['cmake', 'python']
[1.329s] Level 1:colcon.colcon_core.package_identification:_identify(opencv_test/img) by extension 'cmake'
[1.329s] Level 1:colcon.colcon_core.package_identification:_identify(opencv_test/img) by extension 'python'
[1.329s] Level 1:colcon.colcon_core.package_identification:_identify(opencv_test/img) by extensions ['python_setup_py']
[1.330s] Level 1:colcon.colcon_core.package_identification:_identify(opencv_test/img) by extension 'python_setup_py'
[1.330s] Level 1:colcon.colcon_core.package_identification:_identify(src) by extensions ['ignore', 'ignore_ament_install']
[1.330s] Level 1:colcon.colcon_core.package_identification:_identify(src) by extension 'ignore'
[1.330s] Level 1:colcon.colcon_core.package_identification:_identify(src) by extension 'ignore_ament_install'
[1.330s] Level 1:colcon.colcon_core.package_identification:_identify(src) by extensions ['colcon_pkg']
[1.330s] Level 1:colcon.colcon_core.package_identification:_identify(src) by extension 'colcon_pkg'
[1.330s] Level 1:colcon.colcon_core.package_identification:_identify(src) by extensions ['colcon_meta']
[1.331s] Level 1:colcon.colcon_core.package_identification:_identify(src) by extension 'colcon_meta'
[1.331s] Level 1:colcon.colcon_core.package_identification:_identify(src) by extensions ['ros']
[1.331s] Level 1:colcon.colcon_core.package_identification:_identify(src) by extension 'ros'
[1.331s] Level 1:colcon.colcon_core.package_identification:_identify(src) by extensions ['cmake', 'python']
[1.333s] Level 1:colcon.colcon_core.package_identification:_identify(src) by extension 'cmake'
[1.334s] Level 1:colcon.colcon_core.package_identification:_identify(src) by extension 'python'
[1.334s] Level 1:colcon.colcon_core.package_identification:_identify(src) by extensions ['python_setup_py']
[1.334s] Level 1:colcon.colcon_core.package_identification:_identify(src) by extension 'python_setup_py'
[1.334s] Level 1:colcon.colcon_core.package_identification:_identify(src/m_pubsub) by extensions ['ignore', 'ignore_ament_install']
[1.334s] Level 1:colcon.colcon_core.package_identification:_identify(src/m_pubsub) by extension 'ignore'
[1.335s] Level 1:colcon.colcon_core.package_identification:_identify(src/m_pubsub) by extension 'ignore_ament_install'
[1.335s] Level 1:colcon.colcon_core.package_identification:_identify(src/m_pubsub) by extensions ['colcon_pkg']
[1.335s] Level 1:colcon.colcon_core.package_identification:_identify(src/m_pubsub) by extension 'colcon_pkg'
[1.335s] Level 1:colcon.colcon_core.package_identification:_identify(src/m_pubsub) by extensions ['colcon_meta']
[1.335s] Level 1:colcon.colcon_core.package_identification:_identify(src/m_pubsub) by extension 'colcon_meta'
[1.335s] Level 1:colcon.colcon_core.package_identification:_identify(src/m_pubsub) by extensions ['ros']
[1.335s] Level 1:colcon.colcon_core.package_identification:_identify(src/m_pubsub) by extension 'ros'
[1.336s] DEBUG:colcon.colcon_core.package_identification:Package 'src/m_pubsub' with type 'ros.ament_python' and name 'm_pubsub'
[1.336s] Level 1:colcon.colcon_core.package_identification:_identify(src/test_interfaces) by extensions ['ignore', 'ignore_ament_install']
[1.336s] Level 1:colcon.colcon_core.package_identification:_identify(src/test_interfaces) by extension 'ignore'
[1.337s] Level 1:colcon.colcon_core.package_identification:_identify(src/test_interfaces) by extension 'ignore_ament_install'
[1.337s] Level 1:colcon.colcon_core.package_identification:_identify(src/test_interfaces) by extensions ['colcon_pkg']
[1.337s] Level 1:colcon.colcon_core.package_identification:_identify(src/test_interfaces) by extension 'colcon_pkg'
[1.337s] Level 1:colcon.colcon_core.package_identification:_identify(src/test_interfaces) by extensions ['colcon_meta']
[1.337s] Level 1:colcon.colcon_core.package_identification:_identify(src/test_interfaces) by extension 'colcon_meta'
[1.337s] Level 1:colcon.colcon_core.package_identification:_identify(src/test_interfaces) by extensions ['ros']
[1.337s] Level 1:colcon.colcon_core.package_identification:_identify(src/test_interfaces) by extension 'ros'
[1.343s] DEBUG:colcon.colcon_core.package_identification:Package 'src/test_interfaces' with type 'ros.ament_cmake' and name 'test_interfaces'
[1.343s] Level 1:colcon.colcon_core.package_identification:_identify(test_num) by extensions ['ignore', 'ignore_ament_install']
[1.344s] Level 1:colcon.colcon_core.package_identification:_identify(test_num) by extension 'ignore'
[1.344s] Level 1:colcon.colcon_core.package_identification:_identify(test_num) by extension 'ignore_ament_install'
[1.345s] Level 1:colcon.colcon_core.package_identification:_identify(test_num) by extensions ['colcon_pkg']
[1.345s] Level 1:colcon.colcon_core.package_identification:_identify(test_num) by extension 'colcon_pkg'
[1.345s] Level 1:colcon.colcon_core.package_identification:_identify(test_num) by extensions ['colcon_meta']
[1.345s] Level 1:colcon.colcon_core.package_identification:_identify(test_num) by extension 'colcon_meta'
[1.345s] Level 1:colcon.colcon_core.package_identification:_identify(test_num) by extensions ['ros']
[1.345s] Level 1:colcon.colcon_core.package_identification:_identify(test_num) by extension 'ros'
[1.346s] DEBUG:colcon.colcon_core.package_identification:Package 'test_num' with type 'ros.ament_python' and name 'test_num'
[1.347s] Level 1:colcon.colcon_core.package_discovery:discover_packages(recursive) using defaults
[1.347s] Level 1:colcon.colcon_core.package_discovery:discover_packages(ignore) discover
[1.347s] Level 1:colcon.colcon_core.package_discovery:discover_packages(ignore) using defaults
[1.347s] Level 1:colcon.colcon_core.package_discovery:discover_packages(path) discover
[1.347s] Level 1:colcon.colcon_core.package_discovery:discover_packages(path) using defaults
[1.426s] Level 1:colcon.colcon_core.package_discovery:discover_packages(prefix_path) check parameters
[1.426s] Level 1:colcon.colcon_core.package_discovery:discover_packages(prefix_path) discover
[1.434s] DEBUG:colcon.colcon_installed_package_information.package_discovery:Found 4 installed packages in /home/psh/ros_code/install
[1.439s] DEBUG:colcon.colcon_installed_package_information.package_discovery:Found 258 installed packages in /opt/ros/foxy
[1.443s] Level 1:colcon.colcon_core.package_discovery:discover_packages(prefix_path) using defaults
[1.591s] Level 5:colcon.colcon_core.verb:set package 'm_pubsub' build argument 'cmake_args' from command line to 'None'
[1.591s] Level 5:colcon.colcon_core.verb:set package 'm_pubsub' build argument 'cmake_target' from command line to 'None'
[1.591s] Level 5:colcon.colcon_core.verb:set package 'm_pubsub' build argument 'cmake_target_skip_unavailable' from command line to 'False'
[1.591s] Level 5:colcon.colcon_core.verb:set package 'm_pubsub' build argument 'cmake_clean_cache' from command line to 'False'
[1.591s] Level 5:colcon.colcon_core.verb:set package 'm_pubsub' build argument 'cmake_clean_first' from command line to 'False'
[1.591s] Level 5:colcon.colcon_core.verb:set package 'm_pubsub' build argument 'cmake_force_configure' from command line to 'False'
[1.591s] Level 5:colcon.colcon_core.verb:set package 'm_pubsub' build argument 'ament_cmake_args' from command line to 'None'
[1.591s] Level 5:colcon.colcon_core.verb:set package 'm_pubsub' build argument 'catkin_cmake_args' from command line to 'None'
[1.591s] Level 5:colcon.colcon_core.verb:set package 'm_pubsub' build argument 'catkin_skip_building_tests' from command line to 'False'
[1.592s] DEBUG:colcon.colcon_core.verb:Building package 'm_pubsub' with the following arguments: {'ament_cmake_args': None, 'build_base': '/home/psh/ros_code/build/m_pubsub', 'catkin_cmake_args': None, 'catkin_skip_building_tests': False, 'cmake_args': None, 'cmake_clean_cache': False, 'cmake_clean_first': False, 'cmake_force_configure': False, 'cmake_target': None, 'cmake_target_skip_unavailable': False, 'install_base': '/home/psh/ros_code/install/m_pubsub', 'merge_install': False, 'path': '/home/psh/ros_code/src/m_pubsub', 'symlink_install': True, 'test_result_base': None}
[1.595s] Level 5:colcon.colcon_core.verb:set package 'move_turtle_pkg' build argument 'cmake_args' from command line to 'None'
[1.595s] Level 5:colcon.colcon_core.verb:set package 'move_turtle_pkg' build argument 'cmake_target' from command line to 'None'
[1.596s] Level 5:colcon.colcon_core.verb:set package 'move_turtle_pkg' build argument 'cmake_target_skip_unavailable' from command line to 'False'
[1.596s] Level 5:colcon.colcon_core.verb:set package 'move_turtle_pkg' build argument 'cmake_clean_cache' from command line to 'False'
[1.596s] Level 5:colcon.colcon_core.verb:set package 'move_turtle_pkg' build argument 'cmake_clean_first' from command line to 'False'
[1.596s] Level 5:colcon.colcon_core.verb:set package 'move_turtle_pkg' build argument 'cmake_force_configure' from command line to 'False'
[1.596s] Level 5:colcon.colcon_core.verb:set package 'move_turtle_pkg' build argument 'ament_cmake_args' from command line to 'None'
[1.596s] Level 5:colcon.colcon_core.verb:set package 'move_turtle_pkg' build argument 'catkin_cmake_args' from command line to 'None'
[1.596s] Level 5:colcon.colcon_core.verb:set package 'move_turtle_pkg' build argument 'catkin_skip_building_tests' from command line to 'False'
[1.596s] DEBUG:colcon.colcon_core.verb:Building package 'move_turtle_pkg' with the following arguments: {'ament_cmake_args': None, 'build_base': '/home/psh/ros_code/build/move_turtle_pkg', 'catkin_cmake_args': None, 'catkin_skip_building_tests': False, 'cmake_args': None, 'cmake_clean_cache': False, 'cmake_clean_first': False, 'cmake_force_configure': False, 'cmake_target': None, 'cmake_target_skip_unavailable': False, 'install_base': '/home/psh/ros_code/install/move_turtle_pkg', 'merge_install': False, 'path': '/home/psh/ros_code/move_turtle_pkg', 'symlink_install': True, 'test_result_base': None}
[1.599s] Level 5:colcon.colcon_core.verb:set package 'test_interfaces' build argument 'cmake_args' from command line to 'None'
[1.600s] Level 5:colcon.colcon_core.verb:set package 'test_interfaces' build argument 'cmake_target' from command line to 'None'
[1.600s] Level 5:colcon.colcon_core.verb:set package 'test_interfaces' build argument 'cmake_target_skip_unavailable' from command line to 'False'
[1.600s] Level 5:colcon.colcon_core.verb:set package 'test_interfaces' build argument 'cmake_clean_cache' from command line to 'False'
[1.600s] Level 5:colcon.colcon_core.verb:set package 'test_interfaces' build argument 'cmake_clean_first' from command line to 'False'
[1.600s] Level 5:colcon.colcon_core.verb:set package 'test_interfaces' build argument 'cmake_force_configure' from command line to 'False'
[1.600s] Level 5:colcon.colcon_core.verb:set package 'test_interfaces' build argument 'ament_cmake_args' from command line to 'None'
[1.600s] Level 5:colcon.colcon_core.verb:set package 'test_interfaces' build argument 'catkin_cmake_args' from command line to 'None'
[1.600s] Level 5:colcon.colcon_core.verb:set package 'test_interfaces' build argument 'catkin_skip_building_tests' from command line to 'False'
[1.600s] DEBUG:colcon.colcon_core.verb:Building package 'test_interfaces' with the following arguments: {'ament_cmake_args': None, 'build_base': '/home/psh/ros_code/build/test_interfaces', 'catkin_cmake_args': None, 'catkin_skip_building_tests': False, 'cmake_args': None, 'cmake_clean_cache': False, 'cmake_clean_first': False, 'cmake_force_configure': False, 'cmake_target': None, 'cmake_target_skip_unavailable': False, 'install_base': '/home/psh/ros_code/install/test_interfaces', 'merge_install': False, 'path': '/home/psh/ros_code/src/test_interfaces', 'symlink_install': True, 'test_result_base': None}
[1.604s] Level 5:colcon.colcon_core.verb:set package 'test_num' build argument 'cmake_args' from command line to 'None'
[1.604s] Level 5:colcon.colcon_core.verb:set package 'test_num' build argument 'cmake_target' from command line to 'None'
[1.604s] Level 5:colcon.colcon_core.verb:set package 'test_num' build argument 'cmake_target_skip_unavailable' from command line to 'False'
[1.604s] Level 5:colcon.colcon_core.verb:set package 'test_num' build argument 'cmake_clean_cache' from command line to 'False'
[1.604s] Level 5:colcon.colcon_core.verb:set package 'test_num' build argument 'cmake_clean_first' from command line to 'False'
[1.605s] Level 5:colcon.colcon_core.verb:set package 'test_num' build argument 'cmake_force_configure' from command line to 'False'
[1.605s] Level 5:colcon.colcon_core.verb:set package 'test_num' build argument 'ament_cmake_args' from command line to 'None'
[1.605s] Level 5:colcon.colcon_core.verb:set package 'test_num' build argument 'catkin_cmake_args' from command line to 'None'
[1.605s] Level 5:colcon.colcon_core.verb:set package 'test_num' build argument 'catkin_skip_building_tests' from command line to 'False'
[1.605s] DEBUG:colcon.colcon_core.verb:Building package 'test_num' with the following arguments: {'ament_cmake_args': None, 'build_base': '/home/psh/ros_code/build/test_num', 'catkin_cmake_args': None, 'catkin_skip_building_tests': False, 'cmake_args': None, 'cmake_clean_cache': False, 'cmake_clean_first': False, 'cmake_force_configure': False, 'cmake_target': None, 'cmake_target_skip_unavailable': False, 'install_base': '/home/psh/ros_code/install/test_num', 'merge_install': False, 'path': '/home/psh/ros_code/test_num', 'symlink_install': True, 'test_result_base': None}
[1.608s] INFO:colcon.colcon_core.executor:Executing jobs using 'parallel' executor
[1.625s] DEBUG:colcon.colcon_parallel_executor.executor.parallel:run_until_complete
[1.626s] INFO:colcon.colcon_ros.task.ament_python.build:Building ROS package in '/home/psh/ros_code/src/m_pubsub' with build type 'ament_python'
[1.626s] Level 1:colcon.colcon_core.shell:create_environment_hook('m_pubsub', 'ament_prefix_path')
[1.639s] INFO:colcon.colcon_core.plugin_system:Skipping extension 'colcon_core.shell.bat': Not used on non-Windows systems
[1.639s] INFO:colcon.colcon_core.shell:Creating environment hook '/home/psh/ros_code/install/m_pubsub/share/m_pubsub/hook/ament_prefix_path.ps1'
[1.643s] INFO:colcon.colcon_core.shell:Creating environment descriptor '/home/psh/ros_code/install/m_pubsub/share/m_pubsub/hook/ament_prefix_path.dsv'
[1.644s] INFO:colcon.colcon_core.shell:Creating environment hook '/home/psh/ros_code/install/m_pubsub/share/m_pubsub/hook/ament_prefix_path.sh'
[1.660s] INFO:colcon.colcon_core.shell:Skip shell extension 'powershell' for command environment: Not usable outside of PowerShell
[1.660s] DEBUG:colcon.colcon_core.shell:Skip shell extension 'dsv' for command environment
[2.244s] INFO:colcon.colcon_core.task.python.build:Building Python package in '/home/psh/ros_code/src/m_pubsub'
[2.251s] INFO:colcon.colcon_core.shell:Skip shell extension 'powershell' for command environment: Not usable outside of PowerShell
[2.252s] DEBUG:colcon.colcon_core.shell:Skip shell extension 'dsv' for command environment
[3.183s] DEBUG:colcon.colcon_core.event_handler.log_command:Invoking command in '/home/psh/ros_code/build/m_pubsub': PYTHONPATH=/home/psh/ros_code/build/m_pubsub/prefix_override:/home/psh/ros_code/install/m_pubsub/lib/python3.8/site-packages:${PYTHONPATH} /usr/bin/python3 setup.py develop --editable --build-directory /home/psh/ros_code/build/m_pubsub/build --no-deps install_data
[4.633s] Level 1:colcon.colcon_core.shell:create_environment_hook('m_pubsub', 'pythonpath_develop')
[4.634s] DEBUG:colcon.colcon_core.event_handler.log_command:Invoked command in '/home/psh/ros_code/build/m_pubsub' returned '0': PYTHONPATH=/home/psh/ros_code/build/m_pubsub/prefix_override:/home/psh/ros_code/install/m_pubsub/lib/python3.8/site-packages:${PYTHONPATH} /usr/bin/python3 setup.py develop --editable --build-directory /home/psh/ros_code/build/m_pubsub/build --no-deps install_data
[4.640s] INFO:colcon.colcon_core.shell:Creating environment hook '/home/psh/ros_code/build/m_pubsub/share/m_pubsub/hook/pythonpath_develop.ps1'
[4.642s] INFO:colcon.colcon_core.shell:Creating environment descriptor '/home/psh/ros_code/build/m_pubsub/share/m_pubsub/hook/pythonpath_develop.dsv'
[4.643s] INFO:colcon.colcon_core.shell:Creating environment hook '/home/psh/ros_code/build/m_pubsub/share/m_pubsub/hook/pythonpath_develop.sh'
[4.660s] Level 1:colcon.colcon_core.environment:checking '/home/psh/ros_code/install/m_pubsub' for CMake module files
[4.661s] Level 1:colcon.colcon_core.environment:checking '/home/psh/ros_code/install/m_pubsub' for CMake config files
[4.663s] Level 1:colcon.colcon_core.environment:checking '/home/psh/ros_code/install/m_pubsub/lib'
[4.664s] Level 1:colcon.colcon_core.environment:checking '/home/psh/ros_code/install/m_pubsub/bin'
[4.664s] Level 1:colcon.colcon_core.environment:checking '/home/psh/ros_code/install/m_pubsub/lib/pkgconfig/m_pubsub.pc'
[4.665s] Level 1:colcon.colcon_core.environment:checking '/home/psh/ros_code/install/m_pubsub/lib/python3.8/site-packages'
[4.665s] Level 1:colcon.colcon_core.shell:create_environment_hook('m_pubsub', 'pythonpath')
[4.672s] INFO:colcon.colcon_core.shell:Creating environment hook '/home/psh/ros_code/install/m_pubsub/share/m_pubsub/hook/pythonpath.ps1'
[4.673s] INFO:colcon.colcon_core.shell:Creating environment descriptor '/home/psh/ros_code/install/m_pubsub/share/m_pubsub/hook/pythonpath.dsv'
[4.674s] INFO:colcon.colcon_core.shell:Creating environment hook '/home/psh/ros_code/install/m_pubsub/share/m_pubsub/hook/pythonpath.sh'
[4.675s] Level 1:colcon.colcon_core.environment:checking '/home/psh/ros_code/install/m_pubsub/bin'
[4.676s] Level 1:colcon.colcon_core.environment:create_environment_scripts_only(m_pubsub)
[4.681s] INFO:colcon.colcon_core.shell:Creating package script '/home/psh/ros_code/install/m_pubsub/share/m_pubsub/package.ps1'
[4.683s] INFO:colcon.colcon_core.shell:Creating package descriptor '/home/psh/ros_code/install/m_pubsub/share/m_pubsub/package.dsv'
[4.685s] INFO:colcon.colcon_core.shell:Creating package script '/home/psh/ros_code/install/m_pubsub/share/m_pubsub/package.sh'
[4.686s] INFO:colcon.colcon_core.shell:Creating package script '/home/psh/ros_code/install/m_pubsub/share/m_pubsub/package.bash'
[4.688s] INFO:colcon.colcon_core.shell:Creating package script '/home/psh/ros_code/install/m_pubsub/share/m_pubsub/package.zsh'
[4.690s] Level 1:colcon.colcon_core.environment:create_file_with_runtime_dependencies(/home/psh/ros_code/install/m_pubsub/share/colcon-core/packages/m_pubsub)
[4.692s] INFO:colcon.colcon_ros.task.ament_python.build:Building ROS package in '/home/psh/ros_code/move_turtle_pkg' with build type 'ament_python'
[4.692s] Level 1:colcon.colcon_core.shell:create_environment_hook('move_turtle_pkg', 'ament_prefix_path')
[4.699s] INFO:colcon.colcon_core.shell:Creating environment hook '/home/psh/ros_code/install/move_turtle_pkg/share/move_turtle_pkg/hook/ament_prefix_path.ps1'
[4.700s] INFO:colcon.colcon_core.shell:Creating environment descriptor '/home/psh/ros_code/install/move_turtle_pkg/share/move_turtle_pkg/hook/ament_prefix_path.dsv'
[4.700s] INFO:colcon.colcon_core.shell:Creating environment hook '/home/psh/ros_code/install/move_turtle_pkg/share/move_turtle_pkg/hook/ament_prefix_path.sh'
[4.716s] INFO:colcon.colcon_core.shell:Skip shell extension 'powershell' for command environment: Not usable outside of PowerShell
[4.719s] DEBUG:colcon.colcon_core.shell:Skip shell extension 'dsv' for command environment
[5.327s] INFO:colcon.colcon_core.task.python.build:Building Python package in '/home/psh/ros_code/move_turtle_pkg'
[5.334s] INFO:colcon.colcon_core.shell:Skip shell extension 'powershell' for command environment: Not usable outside of PowerShell
[5.334s] DEBUG:colcon.colcon_core.shell:Skip shell extension 'dsv' for command environment
[6.273s] DEBUG:colcon.colcon_core.event_handler.log_command:Invoking command in '/home/psh/ros_code/build/move_turtle_pkg': PYTHONPATH=/home/psh/ros_code/build/move_turtle_pkg/prefix_override:/home/psh/ros_code/install/move_turtle_pkg/lib/python3.8/site-packages:${PYTHONPATH} /usr/bin/python3 setup.py develop --editable --build-directory /home/psh/ros_code/build/move_turtle_pkg/build --no-deps install_data
[7.292s] Level 1:colcon.colcon_core.shell:create_environment_hook('move_turtle_pkg', 'pythonpath_develop')
[7.293s] DEBUG:colcon.colcon_core.event_handler.log_command:Invoked command in '/home/psh/ros_code/build/move_turtle_pkg' returned '0': PYTHONPATH=/home/psh/ros_code/build/move_turtle_pkg/prefix_override:/home/psh/ros_code/install/move_turtle_pkg/lib/python3.8/site-packages:${PYTHONPATH} /usr/bin/python3 setup.py develop --editable --build-directory /home/psh/ros_code/build/move_turtle_pkg/build --no-deps install_data
[7.304s] INFO:colcon.colcon_core.shell:Creating environment hook '/home/psh/ros_code/build/move_turtle_pkg/share/move_turtle_pkg/hook/pythonpath_develop.ps1'
[7.306s] INFO:colcon.colcon_core.shell:Creating environment descriptor '/home/psh/ros_code/build/move_turtle_pkg/share/move_turtle_pkg/hook/pythonpath_develop.dsv'
[7.307s] INFO:colcon.colcon_core.shell:Creating environment hook '/home/psh/ros_code/build/move_turtle_pkg/share/move_turtle_pkg/hook/pythonpath_develop.sh'
[7.320s] Level 1:colcon.colcon_core.environment:checking '/home/psh/ros_code/install/move_turtle_pkg' for CMake module files
[7.321s] Level 1:colcon.colcon_core.environment:checking '/home/psh/ros_code/install/move_turtle_pkg' for CMake config files
[7.322s] Level 1:colcon.colcon_core.environment:checking '/home/psh/ros_code/install/move_turtle_pkg/lib'
[7.323s] Level 1:colcon.colcon_core.environment:checking '/home/psh/ros_code/install/move_turtle_pkg/bin'
[7.323s] Level 1:colcon.colcon_core.environment:checking '/home/psh/ros_code/install/move_turtle_pkg/lib/pkgconfig/move_turtle_pkg.pc'
[7.324s] Level 1:colcon.colcon_core.environment:checking '/home/psh/ros_code/install/move_turtle_pkg/lib/python3.8/site-packages'
[7.324s] Level 1:colcon.colcon_core.shell:create_environment_hook('move_turtle_pkg', 'pythonpath')
[7.332s] INFO:colcon.colcon_core.shell:Creating environment hook '/home/psh/ros_code/install/move_turtle_pkg/share/move_turtle_pkg/hook/pythonpath.ps1'
[7.334s] INFO:colcon.colcon_core.shell:Creating environment descriptor '/home/psh/ros_code/install/move_turtle_pkg/share/move_turtle_pkg/hook/pythonpath.dsv'
[7.336s] INFO:colcon.colcon_core.shell:Creating environment hook '/home/psh/ros_code/install/move_turtle_pkg/share/move_turtle_pkg/hook/pythonpath.sh'
[7.338s] Level 1:colcon.colcon_core.environment:checking '/home/psh/ros_code/install/move_turtle_pkg/bin'
[7.338s] Level 1:colcon.colcon_core.environment:create_environment_scripts_only(move_turtle_pkg)
[7.347s] INFO:colcon.colcon_core.shell:Creating package script '/home/psh/ros_code/install/move_turtle_pkg/share/move_turtle_pkg/package.ps1'
[7.349s] INFO:colcon.colcon_core.shell:Creating package descriptor '/home/psh/ros_code/install/move_turtle_pkg/share/move_turtle_pkg/package.dsv'
[7.350s] INFO:colcon.colcon_core.shell:Creating package script '/home/psh/ros_code/install/move_turtle_pkg/share/move_turtle_pkg/package.sh'
[7.351s] INFO:colcon.colcon_core.shell:Creating package script '/home/psh/ros_code/install/move_turtle_pkg/share/move_turtle_pkg/package.bash'
[7.352s] INFO:colcon.colcon_core.shell:Creating package script '/home/psh/ros_code/install/move_turtle_pkg/share/move_turtle_pkg/package.zsh'
[7.353s] Level 1:colcon.colcon_core.environment:create_file_with_runtime_dependencies(/home/psh/ros_code/install/move_turtle_pkg/share/colcon-core/packages/move_turtle_pkg)
[7.355s] INFO:colcon.colcon_ros.task.ament_cmake.build:Building ROS package in '/home/psh/ros_code/src/test_interfaces' with build type 'ament_cmake'
[7.356s] INFO:colcon.colcon_cmake.task.cmake.build:Building CMake package in '/home/psh/ros_code/src/test_interfaces'
[7.364s] INFO:colcon.colcon_core.shell:Skip shell extension 'powershell' for command environment: Not usable outside of PowerShell
[7.369s] DEBUG:colcon.colcon_core.shell:Skip shell extension 'dsv' for command environment
[7.428s] DEBUG:colcon.colcon_core.event_handler.log_command:Invoking command in '/home/psh/ros_code/build/test_interfaces': CMAKE_PREFIX_PATH=${CMAKE_PREFIX_PATH}:/home/psh/ros_code/install/test_num:/home/psh/ros_code/install/move_turtle_pkg:/home/psh/ros_code/install/m_pubsub:/opt/ros/foxy /usr/bin/cmake --build /home/psh/ros_code/build/test_interfaces -- -j1 -l1
[8.541s] DEBUG:colcon.colcon_core.event_handler.log_command:Invoked command in '/home/psh/ros_code/build/test_interfaces' returned '0': CMAKE_PREFIX_PATH=${CMAKE_PREFIX_PATH}:/home/psh/ros_code/install/test_num:/home/psh/ros_code/install/move_turtle_pkg:/home/psh/ros_code/install/m_pubsub:/opt/ros/foxy /usr/bin/cmake --build /home/psh/ros_code/build/test_interfaces -- -j1 -l1
[8.695s] DEBUG:colcon.colcon_core.event_handler.log_command:Invoking command in '/home/psh/ros_code/build/test_interfaces': CMAKE_PREFIX_PATH=${CMAKE_PREFIX_PATH}:/home/psh/ros_code/install/test_num:/home/psh/ros_code/install/move_turtle_pkg:/home/psh/ros_code/install/m_pubsub:/opt/ros/foxy /usr/bin/cmake --install /home/psh/ros_code/build/test_interfaces
[8.947s] Level 1:colcon.colcon_core.environment:create_environment_scripts_only(test_interfaces)
[8.954s] DEBUG:colcon.colcon_core.event_handler.log_command:Invoked command in '/home/psh/ros_code/build/test_interfaces' returned '0': CMAKE_PREFIX_PATH=${CMAKE_PREFIX_PATH}:/home/psh/ros_code/install/test_num:/home/psh/ros_code/install/move_turtle_pkg:/home/psh/ros_code/install/m_pubsub:/opt/ros/foxy /usr/bin/cmake --install /home/psh/ros_code/build/test_interfaces
[8.960s] Level 1:colcon.colcon_core.environment:checking '/home/psh/ros_code/install/test_interfaces' for CMake module files
[8.962s] Level 1:colcon.colcon_core.environment:checking '/home/psh/ros_code/install/test_interfaces' for CMake config files
[8.963s] Level 1:colcon.colcon_core.shell:create_environment_hook('test_interfaces', 'cmake_prefix_path')
[8.969s] INFO:colcon.colcon_core.shell:Creating environment hook '/home/psh/ros_code/install/test_interfaces/share/test_interfaces/hook/cmake_prefix_path.ps1'
[8.971s] INFO:colcon.colcon_core.shell:Creating environment descriptor '/home/psh/ros_code/install/test_interfaces/share/test_interfaces/hook/cmake_prefix_path.dsv'
[8.972s] INFO:colcon.colcon_core.shell:Creating environment hook '/home/psh/ros_code/install/test_interfaces/share/test_interfaces/hook/cmake_prefix_path.sh'
[8.974s] Level 1:colcon.colcon_core.environment:checking '/home/psh/ros_code/install/test_interfaces/lib'
[8.974s] Level 1:colcon.colcon_core.shell:create_environment_hook('test_interfaces', 'ld_library_path_lib')
[8.981s] INFO:colcon.colcon_core.shell:Creating environment hook '/home/psh/ros_code/install/test_interfaces/share/test_interfaces/hook/ld_library_path_lib.ps1'
[8.982s] INFO:colcon.colcon_core.shell:Creating environment descriptor '/home/psh/ros_code/install/test_interfaces/share/test_interfaces/hook/ld_library_path_lib.dsv'
[8.983s] INFO:colcon.colcon_core.shell:Creating environment hook '/home/psh/ros_code/install/test_interfaces/share/test_interfaces/hook/ld_library_path_lib.sh'
[8.984s] Level 1:colcon.colcon_core.environment:checking '/home/psh/ros_code/install/test_interfaces/bin'
[8.985s] Level 1:colcon.colcon_core.environment:checking '/home/psh/ros_code/install/test_interfaces/lib/pkgconfig/test_interfaces.pc'
[8.985s] Level 1:colcon.colcon_core.environment:checking '/home/psh/ros_code/install/test_interfaces/lib/python3.8/site-packages'
[8.985s] Level 1:colcon.colcon_core.shell:create_environment_hook('test_interfaces', 'pythonpath')
[8.992s] INFO:colcon.colcon_core.shell:Creating environment hook '/home/psh/ros_code/install/test_interfaces/share/test_interfaces/hook/pythonpath.ps1'
[8.994s] INFO:colcon.colcon_core.shell:Creating environment descriptor '/home/psh/ros_code/install/test_interfaces/share/test_interfaces/hook/pythonpath.dsv'
[8.995s] INFO:colcon.colcon_core.shell:Creating environment hook '/home/psh/ros_code/install/test_interfaces/share/test_interfaces/hook/pythonpath.sh'
[8.996s] Level 1:colcon.colcon_core.environment:checking '/home/psh/ros_code/install/test_interfaces/bin'
[9.003s] INFO:colcon.colcon_core.shell:Creating package script '/home/psh/ros_code/install/test_interfaces/share/test_interfaces/package.ps1'
[9.005s] INFO:colcon.colcon_core.shell:Creating package descriptor '/home/psh/ros_code/install/test_interfaces/share/test_interfaces/package.dsv'
[9.007s] INFO:colcon.colcon_core.shell:Creating package script '/home/psh/ros_code/install/test_interfaces/share/test_interfaces/package.sh'
[9.008s] INFO:colcon.colcon_core.shell:Creating package script '/home/psh/ros_code/install/test_interfaces/share/test_interfaces/package.bash'
[9.009s] INFO:colcon.colcon_core.shell:Creating package script '/home/psh/ros_code/install/test_interfaces/share/test_interfaces/package.zsh'
[9.010s] Level 1:colcon.colcon_core.environment:create_file_with_runtime_dependencies(/home/psh/ros_code/install/test_interfaces/share/colcon-core/packages/test_interfaces)
[9.190s] Level 1:colcon.colcon_core.environment:create_environment_scripts_only(test_interfaces)
[9.199s] Level 1:colcon.colcon_core.environment:checking '/home/psh/ros_code/install/test_interfaces' for CMake module files
[9.201s] Level 1:colcon.colcon_core.environment:checking '/home/psh/ros_code/install/test_interfaces' for CMake config files
[9.202s] Level 1:colcon.colcon_core.shell:create_environment_hook('test_interfaces', 'cmake_prefix_path')
[9.207s] INFO:colcon.colcon_core.shell:Creating environment hook '/home/psh/ros_code/install/test_interfaces/share/test_interfaces/hook/cmake_prefix_path.ps1'
[9.209s] INFO:colcon.colcon_core.shell:Creating environment descriptor '/home/psh/ros_code/install/test_interfaces/share/test_interfaces/hook/cmake_prefix_path.dsv'
[9.210s] INFO:colcon.colcon_core.shell:Creating environment hook '/home/psh/ros_code/install/test_interfaces/share/test_interfaces/hook/cmake_prefix_path.sh'
[9.211s] Level 1:colcon.colcon_core.environment:checking '/home/psh/ros_code/install/test_interfaces/lib'
[9.212s] Level 1:colcon.colcon_core.shell:create_environment_hook('test_interfaces', 'ld_library_path_lib')
[9.218s] INFO:colcon.colcon_core.shell:Creating environment hook '/home/psh/ros_code/install/test_interfaces/share/test_interfaces/hook/ld_library_path_lib.ps1'
[9.220s] INFO:colcon.colcon_core.shell:Creating environment descriptor '/home/psh/ros_code/install/test_interfaces/share/test_interfaces/hook/ld_library_path_lib.dsv'
[9.221s] INFO:colcon.colcon_core.shell:Creating environment hook '/home/psh/ros_code/install/test_interfaces/share/test_interfaces/hook/ld_library_path_lib.sh'
[9.222s] Level 1:colcon.colcon_core.environment:checking '/home/psh/ros_code/install/test_interfaces/bin'
[9.222s] Level 1:colcon.colcon_core.environment:checking '/home/psh/ros_code/install/test_interfaces/lib/pkgconfig/test_interfaces.pc'
[9.222s] Level 1:colcon.colcon_core.environment:checking '/home/psh/ros_code/install/test_interfaces/lib/python3.8/site-packages'
[9.223s] Level 1:colcon.colcon_core.shell:create_environment_hook('test_interfaces', 'pythonpath')
[9.229s] INFO:colcon.colcon_core.shell:Creating environment hook '/home/psh/ros_code/install/test_interfaces/share/test_interfaces/hook/pythonpath.ps1'
[9.230s] INFO:colcon.colcon_core.shell:Creating environment descriptor '/home/psh/ros_code/install/test_interfaces/share/test_interfaces/hook/pythonpath.dsv'
[9.232s] INFO:colcon.colcon_core.shell:Creating environment hook '/home/psh/ros_code/install/test_interfaces/share/test_interfaces/hook/pythonpath.sh'
[9.234s] Level 1:colcon.colcon_core.environment:checking '/home/psh/ros_code/install/test_interfaces/bin'
[9.240s] INFO:colcon.colcon_core.shell:Creating package script '/home/psh/ros_code/install/test_interfaces/share/test_interfaces/package.ps1'
[9.242s] INFO:colcon.colcon_core.shell:Creating package descriptor '/home/psh/ros_code/install/test_interfaces/share/test_interfaces/package.dsv'
[9.243s] INFO:colcon.colcon_core.shell:Creating package script '/home/psh/ros_code/install/test_interfaces/share/test_interfaces/package.sh'
[9.244s] INFO:colcon.colcon_core.shell:Creating package script '/home/psh/ros_code/install/test_interfaces/share/test_interfaces/package.bash'
[9.245s] INFO:colcon.colcon_core.shell:Creating package script '/home/psh/ros_code/install/test_interfaces/share/test_interfaces/package.zsh'
[9.246s] Level 1:colcon.colcon_core.environment:create_file_with_runtime_dependencies(/home/psh/ros_code/install/test_interfaces/share/colcon-core/packages/test_interfaces)
[9.248s] INFO:colcon.colcon_ros.task.ament_python.build:Building ROS package in '/home/psh/ros_code/test_num' with build type 'ament_python'
[9.248s] Level 1:colcon.colcon_core.shell:create_environment_hook('test_num', 'ament_prefix_path')
[9.255s] INFO:colcon.colcon_core.shell:Creating environment hook '/home/psh/ros_code/install/test_num/share/test_num/hook/ament_prefix_path.ps1'
[9.256s] INFO:colcon.colcon_core.shell:Creating environment descriptor '/home/psh/ros_code/install/test_num/share/test_num/hook/ament_prefix_path.dsv'
[9.256s] INFO:colcon.colcon_core.shell:Creating environment hook '/home/psh/ros_code/install/test_num/share/test_num/hook/ament_prefix_path.sh'
[9.274s] INFO:colcon.colcon_core.shell:Skip shell extension 'powershell' for command environment: Not usable outside of PowerShell
[9.275s] DEBUG:colcon.colcon_core.shell:Skip shell extension 'dsv' for command environment
[9.796s] INFO:colcon.colcon_core.task.python.build:Building Python package in '/home/psh/ros_code/test_num'
[9.803s] INFO:colcon.colcon_core.shell:Skip shell extension 'powershell' for command environment: Not usable outside of PowerShell
[9.803s] DEBUG:colcon.colcon_core.shell:Skip shell extension 'dsv' for command environment
[10.665s] DEBUG:colcon.colcon_core.event_handler.log_command:Invoking command in '/home/psh/ros_code/build/test_num': PYTHONPATH=/home/psh/ros_code/build/test_num/prefix_override:/home/psh/ros_code/install/test_num/lib/python3.8/site-packages:${PYTHONPATH} /usr/bin/python3 setup.py develop --editable --build-directory /home/psh/ros_code/build/test_num/build --no-deps install_data
[11.674s] Level 1:colcon.colcon_core.shell:create_environment_hook('test_num', 'pythonpath_develop')
[11.675s] DEBUG:colcon.colcon_core.event_handler.log_command:Invoked command in '/home/psh/ros_code/build/test_num' returned '0': PYTHONPATH=/home/psh/ros_code/build/test_num/prefix_override:/home/psh/ros_code/install/test_num/lib/python3.8/site-packages:${PYTHONPATH} /usr/bin/python3 setup.py develop --editable --build-directory /home/psh/ros_code/build/test_num/build --no-deps install_data
[11.682s] INFO:colcon.colcon_core.shell:Creating environment hook '/home/psh/ros_code/build/test_num/share/test_num/hook/pythonpath_develop.ps1'
[11.683s] INFO:colcon.colcon_core.shell:Creating environment descriptor '/home/psh/ros_code/build/test_num/share/test_num/hook/pythonpath_develop.dsv'
[11.684s] INFO:colcon.colcon_core.shell:Creating environment hook '/home/psh/ros_code/build/test_num/share/test_num/hook/pythonpath_develop.sh'
[11.694s] Level 1:colcon.colcon_core.environment:checking '/home/psh/ros_code/install/test_num' for CMake module files
[11.695s] Level 1:colcon.colcon_core.environment:checking '/home/psh/ros_code/install/test_num' for CMake config files
[11.696s] Level 1:colcon.colcon_core.environment:checking '/home/psh/ros_code/install/test_num/lib'
[11.696s] Level 1:colcon.colcon_core.environment:checking '/home/psh/ros_code/install/test_num/bin'
[11.696s] Level 1:colcon.colcon_core.environment:checking '/home/psh/ros_code/install/test_num/lib/pkgconfig/test_num.pc'
[11.697s] Level 1:colcon.colcon_core.environment:checking '/home/psh/ros_code/install/test_num/lib/python3.8/site-packages'
[11.697s] Level 1:colcon.colcon_core.shell:create_environment_hook('test_num', 'pythonpath')
[11.703s] INFO:colcon.colcon_core.shell:Creating environment hook '/home/psh/ros_code/install/test_num/share/test_num/hook/pythonpath.ps1'
[11.704s] INFO:colcon.colcon_core.shell:Creating environment descriptor '/home/psh/ros_code/install/test_num/share/test_num/hook/pythonpath.dsv'
[11.705s] INFO:colcon.colcon_core.shell:Creating environment hook '/home/psh/ros_code/install/test_num/share/test_num/hook/pythonpath.sh'
[11.706s] Level 1:colcon.colcon_core.environment:checking '/home/psh/ros_code/install/test_num/bin'
[11.706s] Level 1:colcon.colcon_core.environment:create_environment_scripts_only(test_num)
[11.713s] INFO:colcon.colcon_core.shell:Creating package script '/home/psh/ros_code/install/test_num/share/test_num/package.ps1'
[11.714s] INFO:colcon.colcon_core.shell:Creating package descriptor '/home/psh/ros_code/install/test_num/share/test_num/package.dsv'
[11.715s] INFO:colcon.colcon_core.shell:Creating package script '/home/psh/ros_code/install/test_num/share/test_num/package.sh'
[11.716s] INFO:colcon.colcon_core.shell:Creating package script '/home/psh/ros_code/install/test_num/share/test_num/package.bash'
[11.718s] INFO:colcon.colcon_core.shell:Creating package script '/home/psh/ros_code/install/test_num/share/test_num/package.zsh'
[11.719s] Level 1:colcon.colcon_core.environment:create_file_with_runtime_dependencies(/home/psh/ros_code/install/test_num/share/colcon-core/packages/test_num)
[11.720s] DEBUG:colcon.colcon_parallel_executor.executor.parallel:closing loop
[11.721s] DEBUG:colcon.colcon_parallel_executor.executor.parallel:loop closed
[11.721s] DEBUG:colcon.colcon_parallel_executor.executor.parallel:run_until_complete finished with '0'
[11.721s] DEBUG:colcon.colcon_core.event_reactor:joining thread
[11.753s] INFO:colcon.colcon_core.plugin_system:Skipping extension 'colcon_notification.desktop_notification.terminal_notifier': Not used on non-Darwin systems
[11.753s] INFO:colcon.colcon_core.plugin_system:Skipping extension 'colcon_notification.desktop_notification.win32': Not used on non-Windows systems
[11.753s] INFO:colcon.colcon_notification.desktop_notification:Sending desktop notification using 'notify2'
[11.795s] DEBUG:colcon.colcon_core.event_reactor:joined thread
[11.806s] INFO:colcon.colcon_core.shell:Creating prefix script '/home/psh/ros_code/install/local_setup.ps1'
[11.813s] INFO:colcon.colcon_core.shell:Creating prefix util module '/home/psh/ros_code/install/_local_setup_util_ps1.py'
[11.821s] INFO:colcon.colcon_core.shell:Creating prefix chain script '/home/psh/ros_code/install/setup.ps1'
[11.829s] INFO:colcon.colcon_core.shell:Creating prefix script '/home/psh/ros_code/install/local_setup.sh'
[11.833s] INFO:colcon.colcon_core.shell:Creating prefix util module '/home/psh/ros_code/install/_local_setup_util_sh.py'
[11.834s] INFO:colcon.colcon_core.shell:Creating prefix chain script '/home/psh/ros_code/install/setup.sh'
[11.842s] INFO:colcon.colcon_core.shell:Creating prefix script '/home/psh/ros_code/install/local_setup.bash'
[11.845s] INFO:colcon.colcon_core.shell:Creating prefix chain script '/home/psh/ros_code/install/setup.bash'
[11.853s] INFO:colcon.colcon_core.shell:Creating prefix script '/home/psh/ros_code/install/local_setup.zsh'
[11.855s] INFO:colcon.colcon_core.shell:Creating prefix chain script '/home/psh/ros_code/install/setup.zsh'
