[1.941s] Invoking command in '/home/psh/ros_code/build/m_pubsub': PYTHONPATH=/home/psh/ros_code/build/m_pubsub/prefix_override:/home/psh/ros_code/install/m_pubsub/lib/python3.8/site-packages:${PYTHONPATH} /usr/bin/python3 setup.py develop --editable --build-directory /home/psh/ros_code/build/m_pubsub/build --no-deps install_data
[2.952s] running develop
[3.333s] running egg_info
[3.334s] writing m_pubsub.egg-info/PKG-INFO
[3.335s] writing dependency_links to m_pubsub.egg-info/dependency_links.txt
[3.336s] writing entry points to m_pubsub.egg-info/entry_points.txt
[3.337s] writing requirements to m_pubsub.egg-info/requires.txt
[3.338s] writing top-level names to m_pubsub.egg-info/top_level.txt
[3.456s] reading manifest file 'm_pubsub.egg-info/SOURCES.txt'
[3.462s] writing manifest file 'm_pubsub.egg-info/SOURCES.txt'
[3.618s] running build_ext
[3.619s] Creating /home/psh/ros_code/install/m_pubsub/lib/python3.8/site-packages/m-pubsub.egg-link (link to .)
[3.625s] Installing met script to /home/psh/ros_code/install/m_pubsub/lib/m_pubsub
[3.626s] Installing mp script to /home/psh/ros_code/install/m_pubsub/lib/m_pubsub
[3.627s] Installing ms script to /home/psh/ros_code/install/m_pubsub/lib/m_pubsub
[3.628s] Installing mt script to /home/psh/ros_code/install/m_pubsub/lib/m_pubsub
[3.631s] Installing tp script to /home/psh/ros_code/install/m_pubsub/lib/m_pubsub
[3.631s] 
[3.632s] Installed /home/psh/ros_code/build/m_pubsub
[3.634s] running install_data
[3.745s] Invoked command in '/home/psh/ros_code/build/m_pubsub' returned '0': PYTHONPATH=/home/psh/ros_code/build/m_pubsub/prefix_override:/home/psh/ros_code/install/m_pubsub/lib/python3.8/site-packages:${PYTHONPATH} /usr/bin/python3 setup.py develop --editable --build-directory /home/psh/ros_code/build/m_pubsub/build --no-deps install_data
