[1.599s] Invoking command in '/home/psh/ros_code/build/m_pubsub': PYTHONPATH=/home/psh/ros_code/build/m_pubsub/prefix_override:/home/psh/ros_code/install/m_pubsub/lib/python3.8/site-packages:${PYTHONPATH} /usr/bin/python3 setup.py develop --editable --build-directory /home/psh/ros_code/build/m_pubsub/build --no-deps install_data
[2.133s] running develop
[2.433s] running egg_info
[2.433s] writing m_pubsub.egg-info/PKG-INFO
[2.434s] writing dependency_links to m_pubsub.egg-info/dependency_links.txt
[2.435s] writing entry points to m_pubsub.egg-info/entry_points.txt
[2.436s] writing requirements to m_pubsub.egg-info/requires.txt
[2.437s] writing top-level names to m_pubsub.egg-info/top_level.txt
[2.528s] reading manifest file 'm_pubsub.egg-info/SOURCES.txt'
[2.530s] writing manifest file 'm_pubsub.egg-info/SOURCES.txt'
[2.618s] running build_ext
[2.619s] Creating /home/psh/ros_code/install/m_pubsub/lib/python3.8/site-packages/m-pubsub.egg-link (link to .)
[2.622s] Installing met script to /home/psh/ros_code/install/m_pubsub/lib/m_pubsub
[2.623s] Installing mp script to /home/psh/ros_code/install/m_pubsub/lib/m_pubsub
[2.624s] Installing ms script to /home/psh/ros_code/install/m_pubsub/lib/m_pubsub
[2.625s] Installing mt script to /home/psh/ros_code/install/m_pubsub/lib/m_pubsub
[2.626s] Installing tp script to /home/psh/ros_code/install/m_pubsub/lib/m_pubsub
[2.627s] 
[2.627s] Installed /home/psh/ros_code/build/m_pubsub
[2.628s] running install_data
[2.686s] Invoked command in '/home/psh/ros_code/build/m_pubsub' returned '0': PYTHONPATH=/home/psh/ros_code/build/m_pubsub/prefix_override:/home/psh/ros_code/install/m_pubsub/lib/python3.8/site-packages:${PYTHONPATH} /usr/bin/python3 setup.py develop --editable --build-directory /home/psh/ros_code/build/m_pubsub/build --no-deps install_data
