[2.930s] Invoking command in '/home/psh/ros_code/build/m_pubsub': PYTHONPATH=/home/psh/ros_code/build/m_pubsub/prefix_override:/home/psh/ros_code/install/m_pubsub/lib/python3.8/site-packages:${PYTHONPATH} /usr/bin/python3 setup.py develop --editable --build-directory /home/psh/ros_code/build/m_pubsub/build --no-deps install_data
[3.930s] running develop
[4.460s] running egg_info
[4.464s] writing m_pubsub.egg-info/PKG-INFO
[4.465s] writing dependency_links to m_pubsub.egg-info/dependency_links.txt
[4.466s] writing entry points to m_pubsub.egg-info/entry_points.txt
[4.468s] writing requirements to m_pubsub.egg-info/requires.txt
[4.469s] writing top-level names to m_pubsub.egg-info/top_level.txt
[4.644s] reading manifest file 'm_pubsub.egg-info/SOURCES.txt'
[4.652s] writing manifest file 'm_pubsub.egg-info/SOURCES.txt'
[4.826s] running build_ext
[4.829s] Creating /home/psh/ros_code/install/m_pubsub/lib/python3.8/site-packages/m-pubsub.egg-link (link to .)
[4.834s] Installing met script to /home/psh/ros_code/install/m_pubsub/lib/m_pubsub
[4.835s] Installing mp script to /home/psh/ros_code/install/m_pubsub/lib/m_pubsub
[4.836s] Installing ms script to /home/psh/ros_code/install/m_pubsub/lib/m_pubsub
[4.840s] Installing mt script to /home/psh/ros_code/install/m_pubsub/lib/m_pubsub
[4.841s] Installing tp script to /home/psh/ros_code/install/m_pubsub/lib/m_pubsub
[4.842s] 
[4.842s] Installed /home/psh/ros_code/build/m_pubsub
[4.842s] running install_data
[4.968s] Invoked command in '/home/psh/ros_code/build/m_pubsub' returned '0': PYTHONPATH=/home/psh/ros_code/build/m_pubsub/prefix_override:/home/psh/ros_code/install/m_pubsub/lib/python3.8/site-packages:${PYTHONPATH} /usr/bin/python3 setup.py develop --editable --build-directory /home/psh/ros_code/build/m_pubsub/build --no-deps install_data
