[1.669s] Invoking command in '/home/psh/ros_code/build/m_pubsub': PYTHONPATH=/home/psh/ros_code/build/m_pubsub/prefix_override:/home/psh/ros_code/install/m_pubsub/lib/python3.8/site-packages:${PYTHONPATH} /usr/bin/python3 setup.py develop --editable --build-directory /home/psh/ros_code/build/m_pubsub/build --no-deps install_data
[2.233s] running develop
[2.522s] running egg_info
[2.523s] writing m_pubsub.egg-info/PKG-INFO
[2.524s] writing dependency_links to m_pubsub.egg-info/dependency_links.txt
[2.525s] writing entry points to m_pubsub.egg-info/entry_points.txt
[2.526s] writing requirements to m_pubsub.egg-info/requires.txt
[2.526s] writing top-level names to m_pubsub.egg-info/top_level.txt
[2.616s] reading manifest file 'm_pubsub.egg-info/SOURCES.txt'
[2.618s] writing manifest file 'm_pubsub.egg-info/SOURCES.txt'
[2.706s] running build_ext
[2.707s] Creating /home/psh/ros_code/install/m_pubsub/lib/python3.8/site-packages/m-pubsub.egg-link (link to .)
[2.709s] Installing met script to /home/psh/ros_code/install/m_pubsub/lib/m_pubsub
[2.710s] Installing mp script to /home/psh/ros_code/install/m_pubsub/lib/m_pubsub
[2.711s] Installing ms script to /home/psh/ros_code/install/m_pubsub/lib/m_pubsub
[2.714s] Installing mt script to /home/psh/ros_code/install/m_pubsub/lib/m_pubsub
[2.715s] Installing tp script to /home/psh/ros_code/install/m_pubsub/lib/m_pubsub
[2.718s] 
[2.719s] Installed /home/psh/ros_code/build/m_pubsub
[2.720s] running install_data
[2.795s] Invoked command in '/home/psh/ros_code/build/m_pubsub' returned '0': PYTHONPATH=/home/psh/ros_code/build/m_pubsub/prefix_override:/home/psh/ros_code/install/m_pubsub/lib/python3.8/site-packages:${PYTHONPATH} /usr/bin/python3 setup.py develop --editable --build-directory /home/psh/ros_code/build/m_pubsub/build --no-deps install_data
