[2.964s] Invoking command in '/home/psh/ros_code/build/m_pubsub': PYTHONPATH=/home/psh/ros_code/build/m_pubsub/prefix_override:/home/psh/ros_code/install/m_pubsub/lib/python3.8/site-packages:${PYTHONPATH} /usr/bin/python3 setup.py develop --editable --build-directory /home/psh/ros_code/build/m_pubsub/build --no-deps install_data
[4.024s] running develop
[4.570s] running egg_info
[4.571s] writing m_pubsub.egg-info/PKG-INFO
[4.572s] writing dependency_links to m_pubsub.egg-info/dependency_links.txt
[4.572s] writing entry points to m_pubsub.egg-info/entry_points.txt
[4.573s] writing requirements to m_pubsub.egg-info/requires.txt
[4.574s] writing top-level names to m_pubsub.egg-info/top_level.txt
[4.746s] reading manifest file 'm_pubsub.egg-info/SOURCES.txt'
[4.749s] writing manifest file 'm_pubsub.egg-info/SOURCES.txt'
[4.913s] running build_ext
[4.916s] Creating /home/psh/ros_code/install/m_pubsub/lib/python3.8/site-packages/m-pubsub.egg-link (link to .)
[4.920s] Installing met script to /home/psh/ros_code/install/m_pubsub/lib/m_pubsub
[4.924s] Installing mp script to /home/psh/ros_code/install/m_pubsub/lib/m_pubsub
[4.924s] Installing ms script to /home/psh/ros_code/install/m_pubsub/lib/m_pubsub
[4.925s] Installing mt script to /home/psh/ros_code/install/m_pubsub/lib/m_pubsub
[4.925s] Installing tp script to /home/psh/ros_code/install/m_pubsub/lib/m_pubsub
[4.930s] 
[4.930s] Installed /home/psh/ros_code/build/m_pubsub
[4.931s] running install_data
[5.049s] Invoked command in '/home/psh/ros_code/build/m_pubsub' returned '0': PYTHONPATH=/home/psh/ros_code/build/m_pubsub/prefix_override:/home/psh/ros_code/install/m_pubsub/lib/python3.8/site-packages:${PYTHONPATH} /usr/bin/python3 setup.py develop --editable --build-directory /home/psh/ros_code/build/m_pubsub/build --no-deps install_data
