[1.591s] Invoking command in '/home/psh/ros_code/build/m_pubsub': PYTHONPATH=/home/psh/ros_code/build/m_pubsub/prefix_override:/home/psh/ros_code/install/m_pubsub/lib/python3.8/site-packages:${PYTHONPATH} /usr/bin/python3 setup.py develop --editable --build-directory /home/psh/ros_code/build/m_pubsub/build --no-deps install_data
[2.188s] running develop
[2.457s] running egg_info
[2.468s] writing m_pubsub.egg-info/PKG-INFO
[2.469s] writing dependency_links to m_pubsub.egg-info/dependency_links.txt
[2.470s] writing entry points to m_pubsub.egg-info/entry_points.txt
[2.471s] writing requirements to m_pubsub.egg-info/requires.txt
[2.471s] writing top-level names to m_pubsub.egg-info/top_level.txt
[2.552s] reading manifest file 'm_pubsub.egg-info/SOURCES.txt'
[2.555s] writing manifest file 'm_pubsub.egg-info/SOURCES.txt'
[2.665s] running build_ext
[2.666s] Creating /home/psh/ros_code/install/m_pubsub/lib/python3.8/site-packages/m-pubsub.egg-link (link to .)
[2.669s] Installing met script to /home/psh/ros_code/install/m_pubsub/lib/m_pubsub
[2.670s] Installing mp script to /home/psh/ros_code/install/m_pubsub/lib/m_pubsub
[2.671s] Installing ms script to /home/psh/ros_code/install/m_pubsub/lib/m_pubsub
[2.672s] Installing mt script to /home/psh/ros_code/install/m_pubsub/lib/m_pubsub
[2.673s] Installing tp script to /home/psh/ros_code/install/m_pubsub/lib/m_pubsub
[2.674s] 
[2.674s] Installed /home/psh/ros_code/build/m_pubsub
[2.675s] running install_data
[2.731s] Invoked command in '/home/psh/ros_code/build/m_pubsub' returned '0': PYTHONPATH=/home/psh/ros_code/build/m_pubsub/prefix_override:/home/psh/ros_code/install/m_pubsub/lib/python3.8/site-packages:${PYTHONPATH} /usr/bin/python3 setup.py develop --editable --build-directory /home/psh/ros_code/build/m_pubsub/build --no-deps install_data
