[1.214s] Invoking command in '/home/psh/ros_code/build/m_pubsub': PYTHONPATH=/home/psh/ros_code/build/m_pubsub/prefix_override:/home/psh/ros_code/install/m_pubsub/lib/python3.8/site-packages:${PYTHONPATH} /usr/bin/python3 setup.py develop --editable --build-directory /home/psh/ros_code/build/m_pubsub/build --no-deps install_data
[1.543s] running develop
[1.758s] running egg_info
[1.759s] writing m_pubsub.egg-info/PKG-INFO
[1.759s] writing dependency_links to m_pubsub.egg-info/dependency_links.txt
[1.760s] writing entry points to m_pubsub.egg-info/entry_points.txt
[1.761s] writing requirements to m_pubsub.egg-info/requires.txt
[1.761s] writing top-level names to m_pubsub.egg-info/top_level.txt
[1.812s] reading manifest file 'm_pubsub.egg-info/SOURCES.txt'
[1.814s] writing manifest file 'm_pubsub.egg-info/SOURCES.txt'
[1.870s] running build_ext
[1.872s] Creating /home/psh/ros_code/install/m_pubsub/lib/python3.8/site-packages/m-pubsub.egg-link (link to .)
[1.874s] Installing met script to /home/psh/ros_code/install/m_pubsub/lib/m_pubsub
[1.875s] Installing mp script to /home/psh/ros_code/install/m_pubsub/lib/m_pubsub
[1.876s] Installing ms script to /home/psh/ros_code/install/m_pubsub/lib/m_pubsub
[1.877s] Installing mt script to /home/psh/ros_code/install/m_pubsub/lib/m_pubsub
[1.878s] Installing tp script to /home/psh/ros_code/install/m_pubsub/lib/m_pubsub
[1.879s] 
[1.880s] Installed /home/psh/ros_code/build/m_pubsub
[1.880s] running install_data
[1.912s] Invoked command in '/home/psh/ros_code/build/m_pubsub' returned '0': PYTHONPATH=/home/psh/ros_code/build/m_pubsub/prefix_override:/home/psh/ros_code/install/m_pubsub/lib/python3.8/site-packages:${PYTHONPATH} /usr/bin/python3 setup.py develop --editable --build-directory /home/psh/ros_code/build/m_pubsub/build --no-deps install_data
