[1.610s] Invoking command in '/home/psh/ros_code/build/m_pubsub': PYTHONPATH=/home/psh/ros_code/build/m_pubsub/prefix_override:/home/psh/ros_code/install/m_pubsub/lib/python3.8/site-packages:${PYTHONPATH} /usr/bin/python3 setup.py develop --editable --build-directory /home/psh/ros_code/build/m_pubsub/build --no-deps install_data
[2.134s] running develop
[2.405s] running egg_info
[2.406s] writing m_pubsub.egg-info/PKG-INFO
[2.407s] writing dependency_links to m_pubsub.egg-info/dependency_links.txt
[2.408s] writing entry points to m_pubsub.egg-info/entry_points.txt
[2.409s] writing requirements to m_pubsub.egg-info/requires.txt
[2.409s] writing top-level names to m_pubsub.egg-info/top_level.txt
[2.494s] reading manifest file 'm_pubsub.egg-info/SOURCES.txt'
[2.496s] writing manifest file 'm_pubsub.egg-info/SOURCES.txt'
[2.594s] running build_ext
[2.595s] Creating /home/psh/ros_code/install/m_pubsub/lib/python3.8/site-packages/m-pubsub.egg-link (link to .)
[2.597s] Installing met script to /home/psh/ros_code/install/m_pubsub/lib/m_pubsub
[2.598s] Installing mp script to /home/psh/ros_code/install/m_pubsub/lib/m_pubsub
[2.599s] Installing ms script to /home/psh/ros_code/install/m_pubsub/lib/m_pubsub
[2.599s] Installing mt script to /home/psh/ros_code/install/m_pubsub/lib/m_pubsub
[2.600s] Installing tp script to /home/psh/ros_code/install/m_pubsub/lib/m_pubsub
[2.601s] 
[2.601s] Installed /home/psh/ros_code/build/m_pubsub
[2.602s] running install_data
[2.654s] Invoked command in '/home/psh/ros_code/build/m_pubsub' returned '0': PYTHONPATH=/home/psh/ros_code/build/m_pubsub/prefix_override:/home/psh/ros_code/install/m_pubsub/lib/python3.8/site-packages:${PYTHONPATH} /usr/bin/python3 setup.py develop --editable --build-directory /home/psh/ros_code/build/m_pubsub/build --no-deps install_data
