[1.972s] Invoking command in '/home/psh/ros_code/build/m_pubsub': PYTHONPATH=/home/psh/ros_code/build/m_pubsub/prefix_override:/home/psh/ros_code/install/m_pubsub/lib/python3.8/site-packages:${PYTHONPATH} /usr/bin/python3 setup.py develop --editable --build-directory /home/psh/ros_code/build/m_pubsub/build --no-deps install_data
[2.499s] running develop
[2.765s] running egg_info
[2.766s] writing m_pubsub.egg-info/PKG-INFO
[2.770s] writing dependency_links to m_pubsub.egg-info/dependency_links.txt
[2.771s] writing entry points to m_pubsub.egg-info/entry_points.txt
[2.772s] writing requirements to m_pubsub.egg-info/requires.txt
[2.773s] writing top-level names to m_pubsub.egg-info/top_level.txt
[2.864s] reading manifest file 'm_pubsub.egg-info/SOURCES.txt'
[2.866s] writing manifest file 'm_pubsub.egg-info/SOURCES.txt'
[2.952s] running build_ext
[2.953s] Creating /home/psh/ros_code/install/m_pubsub/lib/python3.8/site-packages/m-pubsub.egg-link (link to .)
[2.955s] Installing met script to /home/psh/ros_code/install/m_pubsub/lib/m_pubsub
[2.956s] Installing mp script to /home/psh/ros_code/install/m_pubsub/lib/m_pubsub
[2.956s] Installing ms script to /home/psh/ros_code/install/m_pubsub/lib/m_pubsub
[2.957s] Installing mt script to /home/psh/ros_code/install/m_pubsub/lib/m_pubsub
[2.958s] Installing tp script to /home/psh/ros_code/install/m_pubsub/lib/m_pubsub
[2.959s] 
[2.959s] Installed /home/psh/ros_code/build/m_pubsub
[2.960s] running install_data
[3.032s] Invoked command in '/home/psh/ros_code/build/m_pubsub' returned '0': PYTHONPATH=/home/psh/ros_code/build/m_pubsub/prefix_override:/home/psh/ros_code/install/m_pubsub/lib/python3.8/site-packages:${PYTHONPATH} /usr/bin/python3 setup.py develop --editable --build-directory /home/psh/ros_code/build/m_pubsub/build --no-deps install_data
