[1.675s] Invoking command in '/home/psh/ros_code/build/m_pubsub': PYTHONPATH=/home/psh/ros_code/build/m_pubsub/prefix_override:/home/psh/ros_code/install/m_pubsub/lib/python3.8/site-packages:${PYTHONPATH} /usr/bin/python3 setup.py develop --editable --build-directory /home/psh/ros_code/build/m_pubsub/build --no-deps install_data
[2.333s] running develop
[2.698s] running egg_info
[2.699s] writing m_pubsub.egg-info/PKG-INFO
[2.700s] writing dependency_links to m_pubsub.egg-info/dependency_links.txt
[2.701s] writing entry points to m_pubsub.egg-info/entry_points.txt
[2.702s] writing requirements to m_pubsub.egg-info/requires.txt
[2.703s] writing top-level names to m_pubsub.egg-info/top_level.txt
[2.807s] reading manifest file 'm_pubsub.egg-info/SOURCES.txt'
[2.810s] writing manifest file 'm_pubsub.egg-info/SOURCES.txt'
[2.931s] running build_ext
[2.933s] Creating /home/psh/ros_code/install/m_pubsub/lib/python3.8/site-packages/m-pubsub.egg-link (link to .)
[2.935s] Installing met script to /home/psh/ros_code/install/m_pubsub/lib/m_pubsub
[2.936s] Installing mp script to /home/psh/ros_code/install/m_pubsub/lib/m_pubsub
[2.937s] Installing ms script to /home/psh/ros_code/install/m_pubsub/lib/m_pubsub
[2.938s] Installing mt script to /home/psh/ros_code/install/m_pubsub/lib/m_pubsub
[2.941s] Installing tp script to /home/psh/ros_code/install/m_pubsub/lib/m_pubsub
[2.946s] 
[2.946s] Installed /home/psh/ros_code/build/m_pubsub
[2.947s] running install_data
[3.019s] Invoked command in '/home/psh/ros_code/build/m_pubsub' returned '0': PYTHONPATH=/home/psh/ros_code/build/m_pubsub/prefix_override:/home/psh/ros_code/install/m_pubsub/lib/python3.8/site-packages:${PYTHONPATH} /usr/bin/python3 setup.py develop --editable --build-directory /home/psh/ros_code/build/m_pubsub/build --no-deps install_data
