[0.881s] Invoking command in '/home/psh/ros_code/build/m_pubsub': PYTHONPATH=/home/psh/ros_code/build/m_pubsub/prefix_override:/home/psh/ros_code/install/m_pubsub/lib/python3.8/site-packages:${PYTHONPATH} /usr/bin/python3 setup.py develop --editable --build-directory /home/psh/ros_code/build/m_pubsub/build --no-deps install_data
[1.200s] running develop
[1.390s] running egg_info
[1.391s] writing m_pubsub.egg-info/PKG-INFO
[1.391s] writing dependency_links to m_pubsub.egg-info/dependency_links.txt
[1.391s] writing entry points to m_pubsub.egg-info/entry_points.txt
[1.392s] writing requirements to m_pubsub.egg-info/requires.txt
[1.392s] writing top-level names to m_pubsub.egg-info/top_level.txt
[1.433s] reading manifest file 'm_pubsub.egg-info/SOURCES.txt'
[1.434s] writing manifest file 'm_pubsub.egg-info/SOURCES.txt'
[1.482s] running build_ext
[1.482s] Creating /home/psh/ros_code/install/m_pubsub/lib/python3.8/site-packages/m-pubsub.egg-link (link to .)
[1.484s] Installing mp script to /home/psh/ros_code/install/m_pubsub/lib/m_pubsub
[1.484s] Installing ms script to /home/psh/ros_code/install/m_pubsub/lib/m_pubsub
[1.484s] Installing mt script to /home/psh/ros_code/install/m_pubsub/lib/m_pubsub
[1.484s] Installing tp script to /home/psh/ros_code/install/m_pubsub/lib/m_pubsub
[1.485s] 
[1.485s] Installed /home/psh/ros_code/build/m_pubsub
[1.485s] running install_data
[1.516s] Invoked command in '/home/psh/ros_code/build/m_pubsub' returned '0': PYTHONPATH=/home/psh/ros_code/build/m_pubsub/prefix_override:/home/psh/ros_code/install/m_pubsub/lib/python3.8/site-packages:${PYTHONPATH} /usr/bin/python3 setup.py develop --editable --build-directory /home/psh/ros_code/build/m_pubsub/build --no-deps install_data
