[1.312s] Invoking command in '/home/psh/ros_code/build/m_pubsub': PYTHONPATH=/home/psh/ros_code/build/m_pubsub/prefix_override:/home/psh/ros_code/install/m_pubsub/lib/python3.8/site-packages:${PYTHONPATH} /usr/bin/python3 setup.py develop --editable --build-directory /home/psh/ros_code/build/m_pubsub/build --no-deps install_data
[1.667s] running develop
[1.862s] running egg_info
[1.863s] writing m_pubsub.egg-info/PKG-INFO
[1.864s] writing dependency_links to m_pubsub.egg-info/dependency_links.txt
[1.865s] writing entry points to m_pubsub.egg-info/entry_points.txt
[1.865s] writing requirements to m_pubsub.egg-info/requires.txt
[1.866s] writing top-level names to m_pubsub.egg-info/top_level.txt
[1.911s] reading manifest file 'm_pubsub.egg-info/SOURCES.txt'
[1.913s] writing manifest file 'm_pubsub.egg-info/SOURCES.txt'
[1.961s] running build_ext
[1.961s] Creating /home/psh/ros_code/install/m_pubsub/lib/python3.8/site-packages/m-pubsub.egg-link (link to .)
[1.963s] Installing met script to /home/psh/ros_code/install/m_pubsub/lib/m_pubsub
[1.964s] Installing mp script to /home/psh/ros_code/install/m_pubsub/lib/m_pubsub
[1.965s] Installing ms script to /home/psh/ros_code/install/m_pubsub/lib/m_pubsub
[1.965s] Installing mt script to /home/psh/ros_code/install/m_pubsub/lib/m_pubsub
[1.966s] Installing tp script to /home/psh/ros_code/install/m_pubsub/lib/m_pubsub
[1.967s] 
[1.967s] Installed /home/psh/ros_code/build/m_pubsub
[1.967s] running install_data
[2.013s] Invoked command in '/home/psh/ros_code/build/m_pubsub' returned '0': PYTHONPATH=/home/psh/ros_code/build/m_pubsub/prefix_override:/home/psh/ros_code/install/m_pubsub/lib/python3.8/site-packages:${PYTHONPATH} /usr/bin/python3 setup.py develop --editable --build-directory /home/psh/ros_code/build/m_pubsub/build --no-deps install_data
