[1.433s] Invoking command in '/home/psh/ros_code/build/m_pubsub': PYTHONPATH=/home/psh/ros_code/build/m_pubsub/prefix_override:/home/psh/ros_code/install/m_pubsub/lib/python3.8/site-packages:${PYTHONPATH} /usr/bin/python3 setup.py develop --editable --build-directory /home/psh/ros_code/build/m_pubsub/build --no-deps install_data
[1.821s] running develop
[2.046s] running egg_info
[2.046s] writing m_pubsub.egg-info/PKG-INFO
[2.047s] writing dependency_links to m_pubsub.egg-info/dependency_links.txt
[2.048s] writing entry points to m_pubsub.egg-info/entry_points.txt
[2.049s] writing requirements to m_pubsub.egg-info/requires.txt
[2.049s] writing top-level names to m_pubsub.egg-info/top_level.txt
[2.104s] reading manifest file 'm_pubsub.egg-info/SOURCES.txt'
[2.106s] writing manifest file 'm_pubsub.egg-info/SOURCES.txt'
[2.168s] running build_ext
[2.169s] Creating /home/psh/ros_code/install/m_pubsub/lib/python3.8/site-packages/m-pubsub.egg-link (link to .)
[2.171s] Installing met script to /home/psh/ros_code/install/m_pubsub/lib/m_pubsub
[2.171s] Installing mp script to /home/psh/ros_code/install/m_pubsub/lib/m_pubsub
[2.172s] Installing ms script to /home/psh/ros_code/install/m_pubsub/lib/m_pubsub
[2.173s] Installing mt script to /home/psh/ros_code/install/m_pubsub/lib/m_pubsub
[2.173s] Installing tp script to /home/psh/ros_code/install/m_pubsub/lib/m_pubsub
[2.174s] 
[2.174s] Installed /home/psh/ros_code/build/m_pubsub
[2.175s] running install_data
[2.208s] Invoked command in '/home/psh/ros_code/build/m_pubsub' returned '0': PYTHONPATH=/home/psh/ros_code/build/m_pubsub/prefix_override:/home/psh/ros_code/install/m_pubsub/lib/python3.8/site-packages:${PYTHONPATH} /usr/bin/python3 setup.py develop --editable --build-directory /home/psh/ros_code/build/m_pubsub/build --no-deps install_data
