[0.406s] DEBUG:colcon:Command line arguments: ['/usr/bin/colcon', 'build', '--symlink-install', '--packages-select', 'test_interfaces']
[0.407s] DEBUG:colcon:Parsed command line arguments: Namespace(allow_overriding=[], ament_cmake_args=None, base_paths=['.'], build_base='build', catkin_cmake_args=None, catkin_skip_building_tests=False, cmake_args=None, cmake_clean_cache=False, cmake_clean_first=False, cmake_force_configure=False, cmake_target=None, cmake_target_skip_unavailable=False, continue_on_error=False, event_handlers=None, executor='parallel', ignore_user_meta=False, install_base='install', log_base=None, log_level=None, main=<bound method BuildVerb.main of <colcon_core.verb.build.BuildVerb object at 0x7f7fddd37eb0>>, merge_install=False, metas=['./colcon.meta'], packages_above=None, packages_above_and_dependencies=None, packages_above_depth=None, packages_end=None, packages_ignore=None, packages_ignore_regex=None, packages_select=['test_interfaces'], packages_select_build_failed=False, packages_select_by_dep=None, packages_select_regex=None, packages_select_test_failures=False, packages_skip=None, packages_skip_build_finished=False, packages_skip_by_dep=None, packages_skip_regex=None, packages_skip_test_passed=False, packages_skip_up_to=None, packages_start=None, packages_up_to=None, packages_up_to_regex=None, parallel_workers=1, paths=None, symlink_install=True, test_result_base=None, verb_extension=<colcon_core.verb.build.BuildVerb object at 0x7f7fddd37eb0>, verb_name='build', verb_parser=<colcon_defaults.argument_parser.defaults.DefaultArgumentsDecorator object at 0x7f7fddd41460>)
[0.469s] Level 1:colcon.colcon_core.package_discovery:discover_packages(colcon_meta) check parameters
[0.469s] Level 1:colcon.colcon_core.package_discovery:discover_packages(recursive) check parameters
[0.469s] Level 1:colcon.colcon_core.package_discovery:discover_packages(ignore) check parameters
[0.469s] Level 1:colcon.colcon_core.package_discovery:discover_packages(path) check parameters
[0.469s] Level 1:colcon.colcon_core.package_discovery:discover_packages(colcon_meta) discover
[0.469s] Level 1:colcon.colcon_core.package_discovery:discover_packages(recursive) discover
[0.469s] INFO:colcon.colcon_core.package_discovery:Crawling recursively for packages in '/home/psh/ros_code'
[0.470s] Level 1:colcon.colcon_core.package_identification:_identify(.) by extensions ['ignore', 'ignore_ament_install']
[0.470s] Level 1:colcon.colcon_core.package_identification:_identify(.) by extension 'ignore'
[0.470s] Level 1:colcon.colcon_core.package_identification:_identify(.) by extension 'ignore_ament_install'
[0.470s] Level 1:colcon.colcon_core.package_identification:_identify(.) by extensions ['colcon_pkg']
[0.470s] Level 1:colcon.colcon_core.package_identification:_identify(.) by extension 'colcon_pkg'
[0.471s] Level 1:colcon.colcon_core.package_identification:_identify(.) by extensions ['colcon_meta']
[0.471s] Level 1:colcon.colcon_core.package_identification:_identify(.) by extension 'colcon_meta'
[0.471s] Level 1:colcon.colcon_core.package_identification:_identify(.) by extensions ['ros']
[0.471s] Level 1:colcon.colcon_core.package_identification:_identify(.) by extension 'ros'
[0.520s] Level 1:colcon.colcon_core.package_identification:_identify(.) by extensions ['cmake', 'python']
[0.521s] Level 1:colcon.colcon_core.package_identification:_identify(.) by extension 'cmake'
[0.521s] Level 1:colcon.colcon_core.package_identification:_identify(.) by extension 'python'
[0.521s] Level 1:colcon.colcon_core.package_identification:_identify(.) by extensions ['python_setup_py']
[0.521s] Level 1:colcon.colcon_core.package_identification:_identify(.) by extension 'python_setup_py'
[0.521s] Level 1:colcon.colcon_core.package_identification:_identify(backup) by extensions ['ignore', 'ignore_ament_install']
[0.521s] Level 1:colcon.colcon_core.package_identification:_identify(backup) by extension 'ignore'
[0.521s] Level 1:colcon.colcon_core.package_identification:_identify(backup) by extension 'ignore_ament_install'
[0.522s] Level 1:colcon.colcon_core.package_identification:_identify(backup) by extensions ['colcon_pkg']
[0.522s] Level 1:colcon.colcon_core.package_identification:_identify(backup) by extension 'colcon_pkg'
[0.522s] Level 1:colcon.colcon_core.package_identification:_identify(backup) by extensions ['colcon_meta']
[0.522s] Level 1:colcon.colcon_core.package_identification:_identify(backup) by extension 'colcon_meta'
[0.522s] Level 1:colcon.colcon_core.package_identification:_identify(backup) by extensions ['ros']
[0.522s] Level 1:colcon.colcon_core.package_identification:_identify(backup) by extension 'ros'
[0.522s] Level 1:colcon.colcon_core.package_identification:_identify(backup) by extensions ['cmake', 'python']
[0.522s] Level 1:colcon.colcon_core.package_identification:_identify(backup) by extension 'cmake'
[0.523s] Level 1:colcon.colcon_core.package_identification:_identify(backup) by extension 'python'
[0.523s] Level 1:colcon.colcon_core.package_identification:_identify(backup) by extensions ['python_setup_py']
[0.523s] Level 1:colcon.colcon_core.package_identification:_identify(backup) by extension 'python_setup_py'
[1.688s] ERROR:colcon.colcon_core.package_identification:Exception in package identification extension 'python_setup_py' in 'backup': Command '['/usr/bin/python3', '-c', "import sys;from setuptools.extern.packaging.specifiers import SpecifierSet;from distutils.core import run_setup;dist = run_setup(    'setup.py', script_args=('--dry-run',), stop_after='config');skip_keys = ('cmdclass', 'distclass', 'ext_modules', 'metadata');data = {    key: value for key, value in dist.__dict__.items()     if (        not key.startswith('_') and         not callable(value) and         key not in skip_keys and         key not in dist.display_option_names    )};data['metadata'] = {    k: v for k, v in dist.metadata.__dict__.items()     if k not in ('license_files', 'provides_extras')};sys.stdout.buffer.write(repr(data).encode('utf-8'))"]' returned non-zero exit status 1.
Traceback (most recent call last):
  File "/usr/lib/python3/dist-packages/colcon_core/package_identification/__init__.py", line 142, in _identify
    retval = extension.identify(_reused_descriptor_instance)
  File "/usr/lib/python3/dist-packages/colcon_python_setup_py/package_identification/python_setup_py.py", line 48, in identify
    config = get_setup_information(setup_py)
  File "/usr/lib/python3/dist-packages/colcon_python_setup_py/package_identification/python_setup_py.py", line 241, in get_setup_information
    _setup_information_cache[hashable_env] = _get_setup_information(
  File "/usr/lib/python3/dist-packages/colcon_python_setup_py/package_identification/python_setup_py.py", line 281, in _get_setup_information
    result = subprocess.run(
  File "/usr/lib/python3.8/subprocess.py", line 516, in run
    raise CalledProcessError(retcode, process.args,
subprocess.CalledProcessError: Command '['/usr/bin/python3', '-c', "import sys;from setuptools.extern.packaging.specifiers import SpecifierSet;from distutils.core import run_setup;dist = run_setup(    'setup.py', script_args=('--dry-run',), stop_after='config');skip_keys = ('cmdclass', 'distclass', 'ext_modules', 'metadata');data = {    key: value for key, value in dist.__dict__.items()     if (        not key.startswith('_') and         not callable(value) and         key not in skip_keys and         key not in dist.display_option_names    )};data['metadata'] = {    k: v for k, v in dist.metadata.__dict__.items()     if k not in ('license_files', 'provides_extras')};sys.stdout.buffer.write(repr(data).encode('utf-8'))"]' returned non-zero exit status 1.

[1.689s] Level 1:colcon.colcon_core.package_identification:_identify(build) by extensions ['ignore', 'ignore_ament_install']
[1.689s] Level 1:colcon.colcon_core.package_identification:_identify(build) by extension 'ignore'
[1.689s] Level 1:colcon.colcon_core.package_identification:_identify(build) ignored
[1.689s] Level 1:colcon.colcon_core.package_identification:_identify(install) by extensions ['ignore', 'ignore_ament_install']
[1.690s] Level 1:colcon.colcon_core.package_identification:_identify(install) by extension 'ignore'
[1.690s] Level 1:colcon.colcon_core.package_identification:_identify(install) ignored
[1.690s] Level 1:colcon.colcon_core.package_identification:_identify(log) by extensions ['ignore', 'ignore_ament_install']
[1.690s] Level 1:colcon.colcon_core.package_identification:_identify(log) by extension 'ignore'
[1.690s] Level 1:colcon.colcon_core.package_identification:_identify(log) ignored
[1.690s] Level 1:colcon.colcon_core.package_identification:_identify(move_turtle_pkg) by extensions ['ignore', 'ignore_ament_install']
[1.690s] Level 1:colcon.colcon_core.package_identification:_identify(move_turtle_pkg) by extension 'ignore'
[1.691s] Level 1:colcon.colcon_core.package_identification:_identify(move_turtle_pkg) by extension 'ignore_ament_install'
[1.695s] Level 1:colcon.colcon_core.package_identification:_identify(move_turtle_pkg) by extensions ['colcon_pkg']
[1.695s] Level 1:colcon.colcon_core.package_identification:_identify(move_turtle_pkg) by extension 'colcon_pkg'
[1.695s] Level 1:colcon.colcon_core.package_identification:_identify(move_turtle_pkg) by extensions ['colcon_meta']
[1.695s] Level 1:colcon.colcon_core.package_identification:_identify(move_turtle_pkg) by extension 'colcon_meta'
[1.695s] Level 1:colcon.colcon_core.package_identification:_identify(move_turtle_pkg) by extensions ['ros']
[1.695s] Level 1:colcon.colcon_core.package_identification:_identify(move_turtle_pkg) by extension 'ros'
[1.705s] DEBUG:colcon.colcon_core.package_identification:Package 'move_turtle_pkg' with type 'ros.ament_python' and name 'move_turtle_pkg'
[1.706s] Level 1:colcon.colcon_core.package_identification:_identify(opencv_test) by extensions ['ignore', 'ignore_ament_install']
[1.706s] Level 1:colcon.colcon_core.package_identification:_identify(opencv_test) by extension 'ignore'
[1.706s] Level 1:colcon.colcon_core.package_identification:_identify(opencv_test) by extension 'ignore_ament_install'
[1.706s] Level 1:colcon.colcon_core.package_identification:_identify(opencv_test) by extensions ['colcon_pkg']
[1.706s] Level 1:colcon.colcon_core.package_identification:_identify(opencv_test) by extension 'colcon_pkg'
[1.706s] Level 1:colcon.colcon_core.package_identification:_identify(opencv_test) by extensions ['colcon_meta']
[1.706s] Level 1:colcon.colcon_core.package_identification:_identify(opencv_test) by extension 'colcon_meta'
[1.706s] Level 1:colcon.colcon_core.package_identification:_identify(opencv_test) by extensions ['ros']
[1.706s] Level 1:colcon.colcon_core.package_identification:_identify(opencv_test) by extension 'ros'
[1.706s] Level 1:colcon.colcon_core.package_identification:_identify(opencv_test) by extensions ['cmake', 'python']
[1.707s] Level 1:colcon.colcon_core.package_identification:_identify(opencv_test) by extension 'cmake'
[1.707s] Level 1:colcon.colcon_core.package_identification:_identify(opencv_test) by extension 'python'
[1.711s] Level 1:colcon.colcon_core.package_identification:_identify(opencv_test) by extensions ['python_setup_py']
[1.711s] Level 1:colcon.colcon_core.package_identification:_identify(opencv_test) by extension 'python_setup_py'
[1.711s] Level 1:colcon.colcon_core.package_identification:_identify(opencv_test/img) by extensions ['ignore', 'ignore_ament_install']
[1.712s] Level 1:colcon.colcon_core.package_identification:_identify(opencv_test/img) by extension 'ignore'
[1.712s] Level 1:colcon.colcon_core.package_identification:_identify(opencv_test/img) by extension 'ignore_ament_install'
[1.712s] Level 1:colcon.colcon_core.package_identification:_identify(opencv_test/img) by extensions ['colcon_pkg']
[1.712s] Level 1:colcon.colcon_core.package_identification:_identify(opencv_test/img) by extension 'colcon_pkg'
[1.712s] Level 1:colcon.colcon_core.package_identification:_identify(opencv_test/img) by extensions ['colcon_meta']
[1.712s] Level 1:colcon.colcon_core.package_identification:_identify(opencv_test/img) by extension 'colcon_meta'
[1.712s] Level 1:colcon.colcon_core.package_identification:_identify(opencv_test/img) by extensions ['ros']
[1.712s] Level 1:colcon.colcon_core.package_identification:_identify(opencv_test/img) by extension 'ros'
[1.712s] Level 1:colcon.colcon_core.package_identification:_identify(opencv_test/img) by extensions ['cmake', 'python']
[1.712s] Level 1:colcon.colcon_core.package_identification:_identify(opencv_test/img) by extension 'cmake'
[1.712s] Level 1:colcon.colcon_core.package_identification:_identify(opencv_test/img) by extension 'python'
[1.713s] Level 1:colcon.colcon_core.package_identification:_identify(opencv_test/img) by extensions ['python_setup_py']
[1.713s] Level 1:colcon.colcon_core.package_identification:_identify(opencv_test/img) by extension 'python_setup_py'
[1.713s] Level 1:colcon.colcon_core.package_identification:_identify(src) by extensions ['ignore', 'ignore_ament_install']
[1.713s] Level 1:colcon.colcon_core.package_identification:_identify(src) by extension 'ignore'
[1.713s] Level 1:colcon.colcon_core.package_identification:_identify(src) by extension 'ignore_ament_install'
[1.713s] Level 1:colcon.colcon_core.package_identification:_identify(src) by extensions ['colcon_pkg']
[1.713s] Level 1:colcon.colcon_core.package_identification:_identify(src) by extension 'colcon_pkg'
[1.713s] Level 1:colcon.colcon_core.package_identification:_identify(src) by extensions ['colcon_meta']
[1.713s] Level 1:colcon.colcon_core.package_identification:_identify(src) by extension 'colcon_meta'
[1.713s] Level 1:colcon.colcon_core.package_identification:_identify(src) by extensions ['ros']
[1.713s] Level 1:colcon.colcon_core.package_identification:_identify(src) by extension 'ros'
[1.713s] Level 1:colcon.colcon_core.package_identification:_identify(src) by extensions ['cmake', 'python']
[1.714s] Level 1:colcon.colcon_core.package_identification:_identify(src) by extension 'cmake'
[1.714s] Level 1:colcon.colcon_core.package_identification:_identify(src) by extension 'python'
[1.714s] Level 1:colcon.colcon_core.package_identification:_identify(src) by extensions ['python_setup_py']
[1.714s] Level 1:colcon.colcon_core.package_identification:_identify(src) by extension 'python_setup_py'
[1.714s] Level 1:colcon.colcon_core.package_identification:_identify(src/m_pubsub) by extensions ['ignore', 'ignore_ament_install']
[1.714s] Level 1:colcon.colcon_core.package_identification:_identify(src/m_pubsub) by extension 'ignore'
[1.714s] Level 1:colcon.colcon_core.package_identification:_identify(src/m_pubsub) by extension 'ignore_ament_install'
[1.714s] Level 1:colcon.colcon_core.package_identification:_identify(src/m_pubsub) by extensions ['colcon_pkg']
[1.714s] Level 1:colcon.colcon_core.package_identification:_identify(src/m_pubsub) by extension 'colcon_pkg'
[1.714s] Level 1:colcon.colcon_core.package_identification:_identify(src/m_pubsub) by extensions ['colcon_meta']
[1.714s] Level 1:colcon.colcon_core.package_identification:_identify(src/m_pubsub) by extension 'colcon_meta'
[1.714s] Level 1:colcon.colcon_core.package_identification:_identify(src/m_pubsub) by extensions ['ros']
[1.714s] Level 1:colcon.colcon_core.package_identification:_identify(src/m_pubsub) by extension 'ros'
[1.720s] DEBUG:colcon.colcon_core.package_identification:Package 'src/m_pubsub' with type 'ros.ament_python' and name 'm_pubsub'
[1.720s] Level 1:colcon.colcon_core.package_identification:_identify(src/test_interfaces) by extensions ['ignore', 'ignore_ament_install']
[1.720s] Level 1:colcon.colcon_core.package_identification:_identify(src/test_interfaces) by extension 'ignore'
[1.720s] Level 1:colcon.colcon_core.package_identification:_identify(src/test_interfaces) by extension 'ignore_ament_install'
[1.720s] Level 1:colcon.colcon_core.package_identification:_identify(src/test_interfaces) by extensions ['colcon_pkg']
[1.720s] Level 1:colcon.colcon_core.package_identification:_identify(src/test_interfaces) by extension 'colcon_pkg'
[1.720s] Level 1:colcon.colcon_core.package_identification:_identify(src/test_interfaces) by extensions ['colcon_meta']
[1.720s] Level 1:colcon.colcon_core.package_identification:_identify(src/test_interfaces) by extension 'colcon_meta'
[1.721s] Level 1:colcon.colcon_core.package_identification:_identify(src/test_interfaces) by extensions ['ros']
[1.721s] Level 1:colcon.colcon_core.package_identification:_identify(src/test_interfaces) by extension 'ros'
[1.722s] DEBUG:colcon.colcon_core.package_identification:Package 'src/test_interfaces' with type 'ros.ament_cmake' and name 'test_interfaces'
[1.722s] Level 1:colcon.colcon_core.package_identification:_identify(test_num) by extensions ['ignore', 'ignore_ament_install']
[1.722s] Level 1:colcon.colcon_core.package_identification:_identify(test_num) by extension 'ignore'
[1.722s] Level 1:colcon.colcon_core.package_identification:_identify(test_num) by extension 'ignore_ament_install'
[1.722s] Level 1:colcon.colcon_core.package_identification:_identify(test_num) by extensions ['colcon_pkg']
[1.722s] Level 1:colcon.colcon_core.package_identification:_identify(test_num) by extension 'colcon_pkg'
[1.722s] Level 1:colcon.colcon_core.package_identification:_identify(test_num) by extensions ['colcon_meta']
[1.722s] Level 1:colcon.colcon_core.package_identification:_identify(test_num) by extension 'colcon_meta'
[1.723s] Level 1:colcon.colcon_core.package_identification:_identify(test_num) by extensions ['ros']
[1.723s] Level 1:colcon.colcon_core.package_identification:_identify(test_num) by extension 'ros'
[1.728s] DEBUG:colcon.colcon_core.package_identification:Package 'test_num' with type 'ros.ament_python' and name 'test_num'
[1.728s] Level 1:colcon.colcon_core.package_discovery:discover_packages(recursive) using defaults
[1.728s] Level 1:colcon.colcon_core.package_discovery:discover_packages(ignore) discover
[1.728s] Level 1:colcon.colcon_core.package_discovery:discover_packages(ignore) using defaults
[1.728s] Level 1:colcon.colcon_core.package_discovery:discover_packages(path) discover
[1.728s] Level 1:colcon.colcon_core.package_discovery:discover_packages(path) using defaults
[1.846s] INFO:colcon.colcon_core.package_selection:Skipping not selected package 'm_pubsub' in 'src/m_pubsub'
[1.851s] INFO:colcon.colcon_core.package_selection:Skipping not selected package 'move_turtle_pkg' in 'move_turtle_pkg'
[1.851s] INFO:colcon.colcon_core.package_selection:Skipping not selected package 'test_num' in 'test_num'
[1.855s] Level 1:colcon.colcon_core.package_discovery:discover_packages(prefix_path) check parameters
[1.856s] Level 1:colcon.colcon_core.package_discovery:discover_packages(prefix_path) discover
[1.874s] DEBUG:colcon.colcon_installed_package_information.package_discovery:Found 4 installed packages in /home/psh/ros_code/install
[1.887s] DEBUG:colcon.colcon_installed_package_information.package_discovery:Found 258 installed packages in /opt/ros/foxy
[1.896s] Level 1:colcon.colcon_core.package_discovery:discover_packages(prefix_path) using defaults
[2.264s] Level 5:colcon.colcon_core.verb:set package 'test_interfaces' build argument 'cmake_args' from command line to 'None'
[2.265s] Level 5:colcon.colcon_core.verb:set package 'test_interfaces' build argument 'cmake_target' from command line to 'None'
[2.265s] Level 5:colcon.colcon_core.verb:set package 'test_interfaces' build argument 'cmake_target_skip_unavailable' from command line to 'False'
[2.265s] Level 5:colcon.colcon_core.verb:set package 'test_interfaces' build argument 'cmake_clean_cache' from command line to 'False'
[2.265s] Level 5:colcon.colcon_core.verb:set package 'test_interfaces' build argument 'cmake_clean_first' from command line to 'False'
[2.265s] Level 5:colcon.colcon_core.verb:set package 'test_interfaces' build argument 'cmake_force_configure' from command line to 'False'
[2.265s] Level 5:colcon.colcon_core.verb:set package 'test_interfaces' build argument 'ament_cmake_args' from command line to 'None'
[2.265s] Level 5:colcon.colcon_core.verb:set package 'test_interfaces' build argument 'catkin_cmake_args' from command line to 'None'
[2.265s] Level 5:colcon.colcon_core.verb:set package 'test_interfaces' build argument 'catkin_skip_building_tests' from command line to 'False'
[2.265s] DEBUG:colcon.colcon_core.verb:Building package 'test_interfaces' with the following arguments: {'ament_cmake_args': None, 'build_base': '/home/psh/ros_code/build/test_interfaces', 'catkin_cmake_args': None, 'catkin_skip_building_tests': False, 'cmake_args': None, 'cmake_clean_cache': False, 'cmake_clean_first': False, 'cmake_force_configure': False, 'cmake_target': None, 'cmake_target_skip_unavailable': False, 'install_base': '/home/psh/ros_code/install/test_interfaces', 'merge_install': False, 'path': '/home/psh/ros_code/src/test_interfaces', 'symlink_install': True, 'test_result_base': None}
[2.273s] INFO:colcon.colcon_core.executor:Executing jobs using 'parallel' executor
[2.310s] DEBUG:colcon.colcon_parallel_executor.executor.parallel:run_until_complete
[2.310s] INFO:colcon.colcon_ros.task.ament_cmake.build:Building ROS package in '/home/psh/ros_code/src/test_interfaces' with build type 'ament_cmake'
[2.311s] INFO:colcon.colcon_cmake.task.cmake.build:Building CMake package in '/home/psh/ros_code/src/test_interfaces'
[2.346s] INFO:colcon.colcon_core.plugin_system:Skipping extension 'colcon_core.shell.bat': Not used on non-Windows systems
[2.350s] INFO:colcon.colcon_core.shell:Skip shell extension 'powershell' for command environment: Not usable outside of PowerShell
[2.350s] DEBUG:colcon.colcon_core.shell:Skip shell extension 'dsv' for command environment
[2.404s] DEBUG:colcon.colcon_core.event_handler.log_command:Invoking command in '/home/psh/ros_code/build/test_interfaces': CMAKE_PREFIX_PATH=${CMAKE_PREFIX_PATH}:/home/psh/ros_code/install/test_num:/home/psh/ros_code/install/move_turtle_pkg:/home/psh/ros_code/install/m_pubsub:/opt/ros/foxy /usr/bin/cmake --build /home/psh/ros_code/build/test_interfaces -- -j1 -l1
[3.253s] DEBUG:colcon.colcon_core.event_handler.log_command:Invoked command in '/home/psh/ros_code/build/test_interfaces' returned '0': CMAKE_PREFIX_PATH=${CMAKE_PREFIX_PATH}:/home/psh/ros_code/install/test_num:/home/psh/ros_code/install/move_turtle_pkg:/home/psh/ros_code/install/m_pubsub:/opt/ros/foxy /usr/bin/cmake --build /home/psh/ros_code/build/test_interfaces -- -j1 -l1
[3.420s] DEBUG:colcon.colcon_core.event_handler.log_command:Invoking command in '/home/psh/ros_code/build/test_interfaces': CMAKE_PREFIX_PATH=${CMAKE_PREFIX_PATH}:/home/psh/ros_code/install/test_num:/home/psh/ros_code/install/move_turtle_pkg:/home/psh/ros_code/install/m_pubsub:/opt/ros/foxy /usr/bin/cmake --install /home/psh/ros_code/build/test_interfaces
[3.650s] Level 1:colcon.colcon_core.environment:create_environment_scripts_only(test_interfaces)
[3.660s] DEBUG:colcon.colcon_core.event_handler.log_command:Invoked command in '/home/psh/ros_code/build/test_interfaces' returned '0': CMAKE_PREFIX_PATH=${CMAKE_PREFIX_PATH}:/home/psh/ros_code/install/test_num:/home/psh/ros_code/install/move_turtle_pkg:/home/psh/ros_code/install/m_pubsub:/opt/ros/foxy /usr/bin/cmake --install /home/psh/ros_code/build/test_interfaces
[3.677s] Level 1:colcon.colcon_core.environment:checking '/home/psh/ros_code/install/test_interfaces' for CMake module files
[3.679s] Level 1:colcon.colcon_core.environment:checking '/home/psh/ros_code/install/test_interfaces' for CMake config files
[3.680s] Level 1:colcon.colcon_core.shell:create_environment_hook('test_interfaces', 'cmake_prefix_path')
[3.686s] INFO:colcon.colcon_core.shell:Creating environment hook '/home/psh/ros_code/install/test_interfaces/share/test_interfaces/hook/cmake_prefix_path.ps1'
[3.687s] INFO:colcon.colcon_core.shell:Creating environment descriptor '/home/psh/ros_code/install/test_interfaces/share/test_interfaces/hook/cmake_prefix_path.dsv'
[3.688s] INFO:colcon.colcon_core.shell:Creating environment hook '/home/psh/ros_code/install/test_interfaces/share/test_interfaces/hook/cmake_prefix_path.sh'
[3.690s] Level 1:colcon.colcon_core.environment:checking '/home/psh/ros_code/install/test_interfaces/lib'
[3.691s] Level 1:colcon.colcon_core.shell:create_environment_hook('test_interfaces', 'ld_library_path_lib')
[3.701s] INFO:colcon.colcon_core.shell:Creating environment hook '/home/psh/ros_code/install/test_interfaces/share/test_interfaces/hook/ld_library_path_lib.ps1'
[3.702s] INFO:colcon.colcon_core.shell:Creating environment descriptor '/home/psh/ros_code/install/test_interfaces/share/test_interfaces/hook/ld_library_path_lib.dsv'
[3.702s] INFO:colcon.colcon_core.shell:Creating environment hook '/home/psh/ros_code/install/test_interfaces/share/test_interfaces/hook/ld_library_path_lib.sh'
[3.703s] Level 1:colcon.colcon_core.environment:checking '/home/psh/ros_code/install/test_interfaces/bin'
[3.703s] Level 1:colcon.colcon_core.environment:checking '/home/psh/ros_code/install/test_interfaces/lib/pkgconfig/test_interfaces.pc'
[3.704s] Level 1:colcon.colcon_core.environment:checking '/home/psh/ros_code/install/test_interfaces/lib/python3.8/site-packages'
[3.704s] Level 1:colcon.colcon_core.shell:create_environment_hook('test_interfaces', 'pythonpath')
[3.710s] INFO:colcon.colcon_core.shell:Creating environment hook '/home/psh/ros_code/install/test_interfaces/share/test_interfaces/hook/pythonpath.ps1'
[3.712s] INFO:colcon.colcon_core.shell:Creating environment descriptor '/home/psh/ros_code/install/test_interfaces/share/test_interfaces/hook/pythonpath.dsv'
[3.713s] INFO:colcon.colcon_core.shell:Creating environment hook '/home/psh/ros_code/install/test_interfaces/share/test_interfaces/hook/pythonpath.sh'
[3.714s] Level 1:colcon.colcon_core.environment:checking '/home/psh/ros_code/install/test_interfaces/bin'
[3.720s] INFO:colcon.colcon_core.shell:Creating package script '/home/psh/ros_code/install/test_interfaces/share/test_interfaces/package.ps1'
[3.722s] INFO:colcon.colcon_core.shell:Creating package descriptor '/home/psh/ros_code/install/test_interfaces/share/test_interfaces/package.dsv'
[3.724s] INFO:colcon.colcon_core.shell:Creating package script '/home/psh/ros_code/install/test_interfaces/share/test_interfaces/package.sh'
[3.726s] INFO:colcon.colcon_core.shell:Creating package script '/home/psh/ros_code/install/test_interfaces/share/test_interfaces/package.bash'
[3.728s] INFO:colcon.colcon_core.shell:Creating package script '/home/psh/ros_code/install/test_interfaces/share/test_interfaces/package.zsh'
[3.730s] Level 1:colcon.colcon_core.environment:create_file_with_runtime_dependencies(/home/psh/ros_code/install/test_interfaces/share/colcon-core/packages/test_interfaces)
[3.889s] Level 1:colcon.colcon_core.environment:create_environment_scripts_only(test_interfaces)
[3.901s] Level 1:colcon.colcon_core.environment:checking '/home/psh/ros_code/install/test_interfaces' for CMake module files
[3.902s] Level 1:colcon.colcon_core.environment:checking '/home/psh/ros_code/install/test_interfaces' for CMake config files
[3.903s] Level 1:colcon.colcon_core.shell:create_environment_hook('test_interfaces', 'cmake_prefix_path')
[3.917s] INFO:colcon.colcon_core.shell:Creating environment hook '/home/psh/ros_code/install/test_interfaces/share/test_interfaces/hook/cmake_prefix_path.ps1'
[3.918s] INFO:colcon.colcon_core.shell:Creating environment descriptor '/home/psh/ros_code/install/test_interfaces/share/test_interfaces/hook/cmake_prefix_path.dsv'
[3.920s] INFO:colcon.colcon_core.shell:Creating environment hook '/home/psh/ros_code/install/test_interfaces/share/test_interfaces/hook/cmake_prefix_path.sh'
[3.922s] Level 1:colcon.colcon_core.environment:checking '/home/psh/ros_code/install/test_interfaces/lib'
[3.922s] Level 1:colcon.colcon_core.shell:create_environment_hook('test_interfaces', 'ld_library_path_lib')
[3.929s] INFO:colcon.colcon_core.shell:Creating environment hook '/home/psh/ros_code/install/test_interfaces/share/test_interfaces/hook/ld_library_path_lib.ps1'
[3.931s] INFO:colcon.colcon_core.shell:Creating environment descriptor '/home/psh/ros_code/install/test_interfaces/share/test_interfaces/hook/ld_library_path_lib.dsv'
[3.932s] INFO:colcon.colcon_core.shell:Creating environment hook '/home/psh/ros_code/install/test_interfaces/share/test_interfaces/hook/ld_library_path_lib.sh'
[3.933s] Level 1:colcon.colcon_core.environment:checking '/home/psh/ros_code/install/test_interfaces/bin'
[3.933s] Level 1:colcon.colcon_core.environment:checking '/home/psh/ros_code/install/test_interfaces/lib/pkgconfig/test_interfaces.pc'
[3.934s] Level 1:colcon.colcon_core.environment:checking '/home/psh/ros_code/install/test_interfaces/lib/python3.8/site-packages'
[3.934s] Level 1:colcon.colcon_core.shell:create_environment_hook('test_interfaces', 'pythonpath')
[3.942s] INFO:colcon.colcon_core.shell:Creating environment hook '/home/psh/ros_code/install/test_interfaces/share/test_interfaces/hook/pythonpath.ps1'
[3.944s] INFO:colcon.colcon_core.shell:Creating environment descriptor '/home/psh/ros_code/install/test_interfaces/share/test_interfaces/hook/pythonpath.dsv'
[3.945s] INFO:colcon.colcon_core.shell:Creating environment hook '/home/psh/ros_code/install/test_interfaces/share/test_interfaces/hook/pythonpath.sh'
[3.947s] Level 1:colcon.colcon_core.environment:checking '/home/psh/ros_code/install/test_interfaces/bin'
[3.954s] INFO:colcon.colcon_core.shell:Creating package script '/home/psh/ros_code/install/test_interfaces/share/test_interfaces/package.ps1'
[3.963s] INFO:colcon.colcon_core.shell:Creating package descriptor '/home/psh/ros_code/install/test_interfaces/share/test_interfaces/package.dsv'
[3.965s] INFO:colcon.colcon_core.shell:Creating package script '/home/psh/ros_code/install/test_interfaces/share/test_interfaces/package.sh'
[3.967s] INFO:colcon.colcon_core.shell:Creating package script '/home/psh/ros_code/install/test_interfaces/share/test_interfaces/package.bash'
[3.968s] INFO:colcon.colcon_core.shell:Creating package script '/home/psh/ros_code/install/test_interfaces/share/test_interfaces/package.zsh'
[3.970s] Level 1:colcon.colcon_core.environment:create_file_with_runtime_dependencies(/home/psh/ros_code/install/test_interfaces/share/colcon-core/packages/test_interfaces)
[3.972s] DEBUG:colcon.colcon_parallel_executor.executor.parallel:closing loop
[3.973s] DEBUG:colcon.colcon_parallel_executor.executor.parallel:loop closed
[3.973s] DEBUG:colcon.colcon_parallel_executor.executor.parallel:run_until_complete finished with '0'
[3.973s] DEBUG:colcon.colcon_core.event_reactor:joining thread
[4.007s] INFO:colcon.colcon_core.plugin_system:Skipping extension 'colcon_notification.desktop_notification.terminal_notifier': Not used on non-Darwin systems
[4.007s] INFO:colcon.colcon_core.plugin_system:Skipping extension 'colcon_notification.desktop_notification.win32': Not used on non-Windows systems
[4.007s] INFO:colcon.colcon_notification.desktop_notification:Sending desktop notification using 'notify2'
[4.106s] DEBUG:colcon.colcon_core.event_reactor:joined thread
[4.115s] INFO:colcon.colcon_core.shell:Creating prefix script '/home/psh/ros_code/install/local_setup.ps1'
[4.122s] INFO:colcon.colcon_core.shell:Creating prefix util module '/home/psh/ros_code/install/_local_setup_util_ps1.py'
[4.127s] INFO:colcon.colcon_core.shell:Creating prefix chain script '/home/psh/ros_code/install/setup.ps1'
[4.139s] INFO:colcon.colcon_core.shell:Creating prefix script '/home/psh/ros_code/install/local_setup.sh'
[4.141s] INFO:colcon.colcon_core.shell:Creating prefix util module '/home/psh/ros_code/install/_local_setup_util_sh.py'
[4.142s] INFO:colcon.colcon_core.shell:Creating prefix chain script '/home/psh/ros_code/install/setup.sh'
[4.150s] INFO:colcon.colcon_core.shell:Creating prefix script '/home/psh/ros_code/install/local_setup.bash'
[4.156s] INFO:colcon.colcon_core.shell:Creating prefix chain script '/home/psh/ros_code/install/setup.bash'
[4.163s] INFO:colcon.colcon_core.shell:Creating prefix script '/home/psh/ros_code/install/local_setup.zsh'
[4.164s] INFO:colcon.colcon_core.shell:Creating prefix chain script '/home/psh/ros_code/install/setup.zsh'
