[1.629s] Invoking command in '/home/psh/ros_code/build/m_pubsub': PYTHONPATH=/home/psh/ros_code/build/m_pubsub/prefix_override:/home/psh/ros_code/install/m_pubsub/lib/python3.8/site-packages:${PYTHONPATH} /usr/bin/python3 setup.py develop --editable --build-directory /home/psh/ros_code/build/m_pubsub/build --no-deps install_data
[2.171s] running develop
[2.452s] running egg_info
[2.452s] writing m_pubsub.egg-info/PKG-INFO
[2.453s] writing dependency_links to m_pubsub.egg-info/dependency_links.txt
[2.454s] writing entry points to m_pubsub.egg-info/entry_points.txt
[2.455s] writing requirements to m_pubsub.egg-info/requires.txt
[2.455s] writing top-level names to m_pubsub.egg-info/top_level.txt
[2.546s] reading manifest file 'm_pubsub.egg-info/SOURCES.txt'
[2.548s] writing manifest file 'm_pubsub.egg-info/SOURCES.txt'
[2.633s] running build_ext
[2.636s] Creating /home/psh/ros_code/install/m_pubsub/lib/python3.8/site-packages/m-pubsub.egg-link (link to .)
[2.638s] Installing met script to /home/psh/ros_code/install/m_pubsub/lib/m_pubsub
[2.644s] Installing mp script to /home/psh/ros_code/install/m_pubsub/lib/m_pubsub
[2.645s] Installing ms script to /home/psh/ros_code/install/m_pubsub/lib/m_pubsub
[2.647s] Installing mt script to /home/psh/ros_code/install/m_pubsub/lib/m_pubsub
[2.649s] Installing tp script to /home/psh/ros_code/install/m_pubsub/lib/m_pubsub
[2.650s] 
[2.650s] Installed /home/psh/ros_code/build/m_pubsub
[2.651s] running install_data
[2.716s] Invoked command in '/home/psh/ros_code/build/m_pubsub' returned '0': PYTHONPATH=/home/psh/ros_code/build/m_pubsub/prefix_override:/home/psh/ros_code/install/m_pubsub/lib/python3.8/site-packages:${PYTHONPATH} /usr/bin/python3 setup.py develop --editable --build-directory /home/psh/ros_code/build/m_pubsub/build --no-deps install_data
