[1.475s] Invoking command in '/home/psh/ros_code/build/m_pubsub': PYTHONPATH=/home/psh/ros_code/build/m_pubsub/prefix_override:/home/psh/ros_code/install/m_pubsub/lib/python3.8/site-packages:${PYTHONPATH} /usr/bin/python3 setup.py develop --editable --build-directory /home/psh/ros_code/build/m_pubsub/build --no-deps install_data
[1.833s] running develop
[2.034s] running egg_info
[2.035s] writing m_pubsub.egg-info/PKG-INFO
[2.036s] writing dependency_links to m_pubsub.egg-info/dependency_links.txt
[2.037s] writing entry points to m_pubsub.egg-info/entry_points.txt
[2.037s] writing requirements to m_pubsub.egg-info/requires.txt
[2.038s] writing top-level names to m_pubsub.egg-info/top_level.txt
[2.080s] reading manifest file 'm_pubsub.egg-info/SOURCES.txt'
[2.082s] writing manifest file 'm_pubsub.egg-info/SOURCES.txt'
[2.131s] running build_ext
[2.133s] Creating /home/psh/ros_code/install/m_pubsub/lib/python3.8/site-packages/m-pubsub.egg-link (link to .)
[2.135s] Installing met script to /home/psh/ros_code/install/m_pubsub/lib/m_pubsub
[2.135s] Installing mp script to /home/psh/ros_code/install/m_pubsub/lib/m_pubsub
[2.136s] Installing ms script to /home/psh/ros_code/install/m_pubsub/lib/m_pubsub
[2.137s] Installing mt script to /home/psh/ros_code/install/m_pubsub/lib/m_pubsub
[2.138s] Installing tp script to /home/psh/ros_code/install/m_pubsub/lib/m_pubsub
[2.139s] 
[2.139s] Installed /home/psh/ros_code/build/m_pubsub
[2.139s] running install_data
[2.179s] Invoked command in '/home/psh/ros_code/build/m_pubsub' returned '0': PYTHONPATH=/home/psh/ros_code/build/m_pubsub/prefix_override:/home/psh/ros_code/install/m_pubsub/lib/python3.8/site-packages:${PYTHONPATH} /usr/bin/python3 setup.py develop --editable --build-directory /home/psh/ros_code/build/m_pubsub/build --no-deps install_data
