[1.577s] Invoking command in '/home/psh/ros_code/build/m_pubsub': PYTHONPATH=/home/psh/ros_code/build/m_pubsub/prefix_override:/home/psh/ros_code/install/m_pubsub/lib/python3.8/site-packages:${PYTHONPATH} /usr/bin/python3 setup.py develop --editable --build-directory /home/psh/ros_code/build/m_pubsub/build --no-deps install_data
[2.093s] running develop
[2.376s] running egg_info
[2.376s] writing m_pubsub.egg-info/PKG-INFO
[2.377s] writing dependency_links to m_pubsub.egg-info/dependency_links.txt
[2.383s] writing entry points to m_pubsub.egg-info/entry_points.txt
[2.385s] writing requirements to m_pubsub.egg-info/requires.txt
[2.386s] writing top-level names to m_pubsub.egg-info/top_level.txt
[2.477s] reading manifest file 'm_pubsub.egg-info/SOURCES.txt'
[2.479s] writing manifest file 'm_pubsub.egg-info/SOURCES.txt'
[2.559s] running build_ext
[2.560s] Creating /home/psh/ros_code/install/m_pubsub/lib/python3.8/site-packages/m-pubsub.egg-link (link to .)
[2.562s] Installing met script to /home/psh/ros_code/install/m_pubsub/lib/m_pubsub
[2.563s] Installing mp script to /home/psh/ros_code/install/m_pubsub/lib/m_pubsub
[2.563s] Installing ms script to /home/psh/ros_code/install/m_pubsub/lib/m_pubsub
[2.564s] Installing mt script to /home/psh/ros_code/install/m_pubsub/lib/m_pubsub
[2.565s] Installing tp script to /home/psh/ros_code/install/m_pubsub/lib/m_pubsub
[2.565s] 
[2.566s] Installed /home/psh/ros_code/build/m_pubsub
[2.566s] running install_data
[2.618s] Invoked command in '/home/psh/ros_code/build/m_pubsub' returned '0': PYTHONPATH=/home/psh/ros_code/build/m_pubsub/prefix_override:/home/psh/ros_code/install/m_pubsub/lib/python3.8/site-packages:${PYTHONPATH} /usr/bin/python3 setup.py develop --editable --build-directory /home/psh/ros_code/build/m_pubsub/build --no-deps install_data
