[1.249s] Invoking command in '/home/psh/ros_code/build/m_pubsub': PYTHONPATH=/home/psh/ros_code/build/m_pubsub/prefix_override:/home/psh/ros_code/install/m_pubsub/lib/python3.8/site-packages:${PYTHONPATH} /usr/bin/python3 setup.py develop --editable --build-directory /home/psh/ros_code/build/m_pubsub/build --no-deps install_data
[1.621s] running develop
[1.854s] running egg_info
[1.854s] writing m_pubsub.egg-info/PKG-INFO
[1.855s] writing dependency_links to m_pubsub.egg-info/dependency_links.txt
[1.856s] writing entry points to m_pubsub.egg-info/entry_points.txt
[1.857s] writing requirements to m_pubsub.egg-info/requires.txt
[1.857s] writing top-level names to m_pubsub.egg-info/top_level.txt
[1.904s] reading manifest file 'm_pubsub.egg-info/SOURCES.txt'
[1.905s] writing manifest file 'm_pubsub.egg-info/SOURCES.txt'
[1.955s] running build_ext
[1.957s] Creating /home/psh/ros_code/install/m_pubsub/lib/python3.8/site-packages/m-pubsub.egg-link (link to .)
[1.958s] Installing met script to /home/psh/ros_code/install/m_pubsub/lib/m_pubsub
[1.959s] Installing mp script to /home/psh/ros_code/install/m_pubsub/lib/m_pubsub
[1.960s] Installing ms script to /home/psh/ros_code/install/m_pubsub/lib/m_pubsub
[1.960s] Installing mt script to /home/psh/ros_code/install/m_pubsub/lib/m_pubsub
[1.961s] Installing tp script to /home/psh/ros_code/install/m_pubsub/lib/m_pubsub
[1.961s] 
[1.962s] Installed /home/psh/ros_code/build/m_pubsub
[1.962s] running install_data
[2.050s] Invoked command in '/home/psh/ros_code/build/m_pubsub' returned '0': PYTHONPATH=/home/psh/ros_code/build/m_pubsub/prefix_override:/home/psh/ros_code/install/m_pubsub/lib/python3.8/site-packages:${PYTHONPATH} /usr/bin/python3 setup.py develop --editable --build-directory /home/psh/ros_code/build/m_pubsub/build --no-deps install_data
