[1.550s] Invoking command in '/home/psh/ros_code/build/m_pubsub': PYTHONPATH=/home/psh/ros_code/build/m_pubsub/prefix_override:/home/psh/ros_code/install/m_pubsub/lib/python3.8/site-packages:${PYTHONPATH} /usr/bin/python3 setup.py develop --editable --build-directory /home/psh/ros_code/build/m_pubsub/build --no-deps install_data
[2.336s] running develop
[2.838s] running egg_info
[2.839s] writing m_pubsub.egg-info/PKG-INFO
[2.840s] writing dependency_links to m_pubsub.egg-info/dependency_links.txt
[2.840s] writing entry points to m_pubsub.egg-info/entry_points.txt
[2.842s] writing requirements to m_pubsub.egg-info/requires.txt
[2.843s] writing top-level names to m_pubsub.egg-info/top_level.txt
[2.974s] reading manifest file 'm_pubsub.egg-info/SOURCES.txt'
[2.977s] writing manifest file 'm_pubsub.egg-info/SOURCES.txt'
[3.132s] running build_ext
[3.134s] Creating /home/psh/ros_code/install/m_pubsub/lib/python3.8/site-packages/m-pubsub.egg-link (link to .)
[3.142s] Installing met script to /home/psh/ros_code/install/m_pubsub/lib/m_pubsub
[3.143s] Installing mp script to /home/psh/ros_code/install/m_pubsub/lib/m_pubsub
[3.143s] Installing ms script to /home/psh/ros_code/install/m_pubsub/lib/m_pubsub
[3.144s] Installing mt script to /home/psh/ros_code/install/m_pubsub/lib/m_pubsub
[3.145s] Installing tp script to /home/psh/ros_code/install/m_pubsub/lib/m_pubsub
[3.146s] 
[3.147s] Installed /home/psh/ros_code/build/m_pubsub
[3.147s] running install_data
[3.271s] Invoked command in '/home/psh/ros_code/build/m_pubsub' returned '0': PYTHONPATH=/home/psh/ros_code/build/m_pubsub/prefix_override:/home/psh/ros_code/install/m_pubsub/lib/python3.8/site-packages:${PYTHONPATH} /usr/bin/python3 setup.py develop --editable --build-directory /home/psh/ros_code/build/m_pubsub/build --no-deps install_data
