[1.638s] Invoking command in '/home/psh/ros_code/build/m_pubsub': PYTHONPATH=/home/psh/ros_code/build/m_pubsub/prefix_override:/home/psh/ros_code/install/m_pubsub/lib/python3.8/site-packages:${PYTHONPATH} /usr/bin/python3 setup.py develop --editable --build-directory /home/psh/ros_code/build/m_pubsub/build --no-deps install_data
[2.223s] running develop
[2.497s] running egg_info
[2.498s] writing m_pubsub.egg-info/PKG-INFO
[2.499s] writing dependency_links to m_pubsub.egg-info/dependency_links.txt
[2.500s] writing entry points to m_pubsub.egg-info/entry_points.txt
[2.501s] writing requirements to m_pubsub.egg-info/requires.txt
[2.501s] writing top-level names to m_pubsub.egg-info/top_level.txt
[2.597s] reading manifest file 'm_pubsub.egg-info/SOURCES.txt'
[2.599s] writing manifest file 'm_pubsub.egg-info/SOURCES.txt'
[2.687s] running build_ext
[2.689s] Creating /home/psh/ros_code/install/m_pubsub/lib/python3.8/site-packages/m-pubsub.egg-link (link to .)
[2.691s] Installing met script to /home/psh/ros_code/install/m_pubsub/lib/m_pubsub
[2.692s] Installing mp script to /home/psh/ros_code/install/m_pubsub/lib/m_pubsub
[2.693s] Installing ms script to /home/psh/ros_code/install/m_pubsub/lib/m_pubsub
[2.694s] Installing mt script to /home/psh/ros_code/install/m_pubsub/lib/m_pubsub
[2.695s] Installing tp script to /home/psh/ros_code/install/m_pubsub/lib/m_pubsub
[2.696s] 
[2.696s] Installed /home/psh/ros_code/build/m_pubsub
[2.697s] running install_data
[2.761s] Invoked command in '/home/psh/ros_code/build/m_pubsub' returned '0': PYTHONPATH=/home/psh/ros_code/build/m_pubsub/prefix_override:/home/psh/ros_code/install/m_pubsub/lib/python3.8/site-packages:${PYTHONPATH} /usr/bin/python3 setup.py develop --editable --build-directory /home/psh/ros_code/build/m_pubsub/build --no-deps install_data
