[1.472s] Invoking command in '/home/psh/ros_code/build/m_pubsub': PYTHONPATH=/home/psh/ros_code/build/m_pubsub/prefix_override:/home/psh/ros_code/install/m_pubsub/lib/python3.8/site-packages:${PYTHONPATH} /usr/bin/python3 setup.py develop --editable --build-directory /home/psh/ros_code/build/m_pubsub/build --no-deps install_data
[1.979s] running develop
[2.259s] running egg_info
[2.260s] writing m_pubsub.egg-info/PKG-INFO
[2.260s] writing dependency_links to m_pubsub.egg-info/dependency_links.txt
[2.261s] writing entry points to m_pubsub.egg-info/entry_points.txt
[2.262s] writing requirements to m_pubsub.egg-info/requires.txt
[2.263s] writing top-level names to m_pubsub.egg-info/top_level.txt
[2.349s] reading manifest file 'm_pubsub.egg-info/SOURCES.txt'
[2.352s] writing manifest file 'm_pubsub.egg-info/SOURCES.txt'
[2.441s] running build_ext
[2.442s] Creating /home/psh/ros_code/install/m_pubsub/lib/python3.8/site-packages/m-pubsub.egg-link (link to .)
[2.444s] Installing met script to /home/psh/ros_code/install/m_pubsub/lib/m_pubsub
[2.446s] Installing mp script to /home/psh/ros_code/install/m_pubsub/lib/m_pubsub
[2.447s] Installing ms script to /home/psh/ros_code/install/m_pubsub/lib/m_pubsub
[2.448s] Installing mt script to /home/psh/ros_code/install/m_pubsub/lib/m_pubsub
[2.449s] Installing tp script to /home/psh/ros_code/install/m_pubsub/lib/m_pubsub
[2.450s] 
[2.451s] Installed /home/psh/ros_code/build/m_pubsub
[2.451s] running install_data
[2.516s] Invoked command in '/home/psh/ros_code/build/m_pubsub' returned '0': PYTHONPATH=/home/psh/ros_code/build/m_pubsub/prefix_override:/home/psh/ros_code/install/m_pubsub/lib/python3.8/site-packages:${PYTHONPATH} /usr/bin/python3 setup.py develop --editable --build-directory /home/psh/ros_code/build/m_pubsub/build --no-deps install_data
