[1.217s] Invoking command in '/home/psh/ros_code/build/m_pubsub': PYTHONPATH=/home/psh/ros_code/build/m_pubsub/prefix_override:/home/psh/ros_code/install/m_pubsub/lib/python3.8/site-packages:${PYTHONPATH} /usr/bin/python3 setup.py develop --editable --build-directory /home/psh/ros_code/build/m_pubsub/build --no-deps install_data
[1.570s] running develop
[1.775s] running egg_info
[1.775s] writing m_pubsub.egg-info/PKG-INFO
[1.776s] writing dependency_links to m_pubsub.egg-info/dependency_links.txt
[1.777s] writing entry points to m_pubsub.egg-info/entry_points.txt
[1.777s] writing requirements to m_pubsub.egg-info/requires.txt
[1.778s] writing top-level names to m_pubsub.egg-info/top_level.txt
[1.820s] reading manifest file 'm_pubsub.egg-info/SOURCES.txt'
[1.821s] writing manifest file 'm_pubsub.egg-info/SOURCES.txt'
[1.883s] running build_ext
[1.884s] Creating /home/psh/ros_code/install/m_pubsub/lib/python3.8/site-packages/m-pubsub.egg-link (link to .)
[1.886s] Installing met script to /home/psh/ros_code/install/m_pubsub/lib/m_pubsub
[1.887s] Installing mp script to /home/psh/ros_code/install/m_pubsub/lib/m_pubsub
[1.888s] Installing ms script to /home/psh/ros_code/install/m_pubsub/lib/m_pubsub
[1.889s] Installing mt script to /home/psh/ros_code/install/m_pubsub/lib/m_pubsub
[1.890s] Installing tp script to /home/psh/ros_code/install/m_pubsub/lib/m_pubsub
[1.891s] 
[1.891s] Installed /home/psh/ros_code/build/m_pubsub
[1.892s] running install_data
[1.928s] Invoked command in '/home/psh/ros_code/build/m_pubsub' returned '0': PYTHONPATH=/home/psh/ros_code/build/m_pubsub/prefix_override:/home/psh/ros_code/install/m_pubsub/lib/python3.8/site-packages:${PYTHONPATH} /usr/bin/python3 setup.py develop --editable --build-directory /home/psh/ros_code/build/m_pubsub/build --no-deps install_data
