[1.583s] Invoking command in '/home/psh/ros_code/build/m_pubsub': PYTHONPATH=/home/psh/ros_code/build/m_pubsub/prefix_override:/home/psh/ros_code/install/m_pubsub/lib/python3.8/site-packages:${PYTHONPATH} /usr/bin/python3 setup.py develop --editable --build-directory /home/psh/ros_code/build/m_pubsub/build --no-deps install_data
[2.106s] running develop
[2.426s] running egg_info
[2.427s] writing m_pubsub.egg-info/PKG-INFO
[2.428s] writing dependency_links to m_pubsub.egg-info/dependency_links.txt
[2.429s] writing entry points to m_pubsub.egg-info/entry_points.txt
[2.430s] writing requirements to m_pubsub.egg-info/requires.txt
[2.431s] writing top-level names to m_pubsub.egg-info/top_level.txt
[2.519s] reading manifest file 'm_pubsub.egg-info/SOURCES.txt'
[2.521s] writing manifest file 'm_pubsub.egg-info/SOURCES.txt'
[2.603s] running build_ext
[2.604s] Creating /home/psh/ros_code/install/m_pubsub/lib/python3.8/site-packages/m-pubsub.egg-link (link to .)
[2.608s] Installing met script to /home/psh/ros_code/install/m_pubsub/lib/m_pubsub
[2.609s] Installing mp script to /home/psh/ros_code/install/m_pubsub/lib/m_pubsub
[2.610s] Installing ms script to /home/psh/ros_code/install/m_pubsub/lib/m_pubsub
[2.612s] Installing mt script to /home/psh/ros_code/install/m_pubsub/lib/m_pubsub
[2.613s] Installing tp script to /home/psh/ros_code/install/m_pubsub/lib/m_pubsub
[2.614s] 
[2.614s] Installed /home/psh/ros_code/build/m_pubsub
[2.614s] running install_data
[2.679s] Invoked command in '/home/psh/ros_code/build/m_pubsub' returned '0': PYTHONPATH=/home/psh/ros_code/build/m_pubsub/prefix_override:/home/psh/ros_code/install/m_pubsub/lib/python3.8/site-packages:${PYTHONPATH} /usr/bin/python3 setup.py develop --editable --build-directory /home/psh/ros_code/build/m_pubsub/build --no-deps install_data
