[0.414s] DEBUG:colcon:Command line arguments: ['/usr/bin/colcon', 'build', '--symlink-install']
[0.415s] DEBUG:colcon:Parsed command line arguments: Namespace(allow_overriding=[], ament_cmake_args=None, base_paths=['.'], build_base='build', catkin_cmake_args=None, catkin_skip_building_tests=False, cmake_args=None, cmake_clean_cache=False, cmake_clean_first=False, cmake_force_configure=False, cmake_target=None, cmake_target_skip_unavailable=False, continue_on_error=False, event_handlers=None, executor='parallel', ignore_user_meta=False, install_base='install', log_base=None, log_level=None, main=<bound method BuildVerb.main of <colcon_core.verb.build.BuildVerb object at 0x7f5e70538b50>>, merge_install=False, metas=['./colcon.meta'], packages_above=None, packages_above_and_dependencies=None, packages_above_depth=None, packages_end=None, packages_ignore=None, packages_ignore_regex=None, packages_select=None, packages_select_build_failed=False, packages_select_by_dep=None, packages_select_regex=None, packages_select_test_failures=False, packages_skip=None, packages_skip_build_finished=False, packages_skip_by_dep=None, packages_skip_regex=None, packages_skip_test_passed=False, packages_skip_up_to=None, packages_start=None, packages_up_to=None, packages_up_to_regex=None, parallel_workers=1, paths=None, symlink_install=True, test_result_base=None, verb_extension=<colcon_core.verb.build.BuildVerb object at 0x7f5e70538b50>, verb_name='build', verb_parser=<colcon_defaults.argument_parser.defaults.DefaultArgumentsDecorator object at 0x7f5e70544100>)
[0.464s] Level 1:colcon.colcon_core.package_discovery:discover_packages(colcon_meta) check parameters
[0.464s] Level 1:colcon.colcon_core.package_discovery:discover_packages(recursive) check parameters
[0.465s] Level 1:colcon.colcon_core.package_discovery:discover_packages(ignore) check parameters
[0.465s] Level 1:colcon.colcon_core.package_discovery:discover_packages(path) check parameters
[0.465s] Level 1:colcon.colcon_core.package_discovery:discover_packages(colcon_meta) discover
[0.465s] Level 1:colcon.colcon_core.package_discovery:discover_packages(recursive) discover
[0.465s] INFO:colcon.colcon_core.package_discovery:Crawling recursively for packages in '/home/psh/ros_code'
[0.465s] Level 1:colcon.colcon_core.package_identification:_identify(.) by extensions ['ignore', 'ignore_ament_install']
[0.466s] Level 1:colcon.colcon_core.package_identification:_identify(.) by extension 'ignore'
[0.466s] Level 1:colcon.colcon_core.package_identification:_identify(.) by extension 'ignore_ament_install'
[0.466s] Level 1:colcon.colcon_core.package_identification:_identify(.) by extensions ['colcon_pkg']
[0.466s] Level 1:colcon.colcon_core.package_identification:_identify(.) by extension 'colcon_pkg'
[0.466s] Level 1:colcon.colcon_core.package_identification:_identify(.) by extensions ['colcon_meta']
[0.466s] Level 1:colcon.colcon_core.package_identification:_identify(.) by extension 'colcon_meta'
[0.466s] Level 1:colcon.colcon_core.package_identification:_identify(.) by extensions ['ros']
[0.466s] Level 1:colcon.colcon_core.package_identification:_identify(.) by extension 'ros'
[0.503s] Level 1:colcon.colcon_core.package_identification:_identify(.) by extensions ['cmake', 'python']
[0.503s] Level 1:colcon.colcon_core.package_identification:_identify(.) by extension 'cmake'
[0.504s] Level 1:colcon.colcon_core.package_identification:_identify(.) by extension 'python'
[0.504s] Level 1:colcon.colcon_core.package_identification:_identify(.) by extensions ['python_setup_py']
[0.504s] Level 1:colcon.colcon_core.package_identification:_identify(.) by extension 'python_setup_py'
[0.504s] Level 1:colcon.colcon_core.package_identification:_identify(backup) by extensions ['ignore', 'ignore_ament_install']
[0.504s] Level 1:colcon.colcon_core.package_identification:_identify(backup) by extension 'ignore'
[0.504s] Level 1:colcon.colcon_core.package_identification:_identify(backup) by extension 'ignore_ament_install'
[0.504s] Level 1:colcon.colcon_core.package_identification:_identify(backup) by extensions ['colcon_pkg']
[0.504s] Level 1:colcon.colcon_core.package_identification:_identify(backup) by extension 'colcon_pkg'
[0.505s] Level 1:colcon.colcon_core.package_identification:_identify(backup) by extensions ['colcon_meta']
[0.505s] Level 1:colcon.colcon_core.package_identification:_identify(backup) by extension 'colcon_meta'
[0.505s] Level 1:colcon.colcon_core.package_identification:_identify(backup) by extensions ['ros']
[0.505s] Level 1:colcon.colcon_core.package_identification:_identify(backup) by extension 'ros'
[0.507s] Level 1:colcon.colcon_core.package_identification:_identify(backup) by extensions ['cmake', 'python']
[0.507s] Level 1:colcon.colcon_core.package_identification:_identify(backup) by extension 'cmake'
[0.507s] Level 1:colcon.colcon_core.package_identification:_identify(backup) by extension 'python'
[0.507s] Level 1:colcon.colcon_core.package_identification:_identify(backup) by extensions ['python_setup_py']
[0.507s] Level 1:colcon.colcon_core.package_identification:_identify(backup) by extension 'python_setup_py'
[1.308s] ERROR:colcon.colcon_core.package_identification:Exception in package identification extension 'python_setup_py' in 'backup': Command '['/usr/bin/python3', '-c', "import sys;from setuptools.extern.packaging.specifiers import SpecifierSet;from distutils.core import run_setup;dist = run_setup(    'setup.py', script_args=('--dry-run',), stop_after='config');skip_keys = ('cmdclass', 'distclass', 'ext_modules', 'metadata');data = {    key: value for key, value in dist.__dict__.items()     if (        not key.startswith('_') and         not callable(value) and         key not in skip_keys and         key not in dist.display_option_names    )};data['metadata'] = {    k: v for k, v in dist.metadata.__dict__.items()     if k not in ('license_files', 'provides_extras')};sys.stdout.buffer.write(repr(data).encode('utf-8'))"]' returned non-zero exit status 1.
Traceback (most recent call last):
  File "/usr/lib/python3/dist-packages/colcon_core/package_identification/__init__.py", line 142, in _identify
    retval = extension.identify(_reused_descriptor_instance)
  File "/usr/lib/python3/dist-packages/colcon_python_setup_py/package_identification/python_setup_py.py", line 48, in identify
    config = get_setup_information(setup_py)
  File "/usr/lib/python3/dist-packages/colcon_python_setup_py/package_identification/python_setup_py.py", line 241, in get_setup_information
    _setup_information_cache[hashable_env] = _get_setup_information(
  File "/usr/lib/python3/dist-packages/colcon_python_setup_py/package_identification/python_setup_py.py", line 281, in _get_setup_information
    result = subprocess.run(
  File "/usr/lib/python3.8/subprocess.py", line 516, in run
    raise CalledProcessError(retcode, process.args,
subprocess.CalledProcessError: Command '['/usr/bin/python3', '-c', "import sys;from setuptools.extern.packaging.specifiers import SpecifierSet;from distutils.core import run_setup;dist = run_setup(    'setup.py', script_args=('--dry-run',), stop_after='config');skip_keys = ('cmdclass', 'distclass', 'ext_modules', 'metadata');data = {    key: value for key, value in dist.__dict__.items()     if (        not key.startswith('_') and         not callable(value) and         key not in skip_keys and         key not in dist.display_option_names    )};data['metadata'] = {    k: v for k, v in dist.metadata.__dict__.items()     if k not in ('license_files', 'provides_extras')};sys.stdout.buffer.write(repr(data).encode('utf-8'))"]' returned non-zero exit status 1.

[1.312s] Level 1:colcon.colcon_core.package_identification:_identify(build) by extensions ['ignore', 'ignore_ament_install']
[1.312s] Level 1:colcon.colcon_core.package_identification:_identify(build) by extension 'ignore'
[1.312s] Level 1:colcon.colcon_core.package_identification:_identify(build) ignored
[1.312s] Level 1:colcon.colcon_core.package_identification:_identify(install) by extensions ['ignore', 'ignore_ament_install']
[1.313s] Level 1:colcon.colcon_core.package_identification:_identify(install) by extension 'ignore'
[1.313s] Level 1:colcon.colcon_core.package_identification:_identify(install) ignored
[1.313s] Level 1:colcon.colcon_core.package_identification:_identify(log) by extensions ['ignore', 'ignore_ament_install']
[1.315s] Level 1:colcon.colcon_core.package_identification:_identify(log) by extension 'ignore'
[1.315s] Level 1:colcon.colcon_core.package_identification:_identify(log) ignored
[1.315s] Level 1:colcon.colcon_core.package_identification:_identify(move_turtle_pkg) by extensions ['ignore', 'ignore_ament_install']
[1.316s] Level 1:colcon.colcon_core.package_identification:_identify(move_turtle_pkg) by extension 'ignore'
[1.316s] Level 1:colcon.colcon_core.package_identification:_identify(move_turtle_pkg) by extension 'ignore_ament_install'
[1.316s] Level 1:colcon.colcon_core.package_identification:_identify(move_turtle_pkg) by extensions ['colcon_pkg']
[1.316s] Level 1:colcon.colcon_core.package_identification:_identify(move_turtle_pkg) by extension 'colcon_pkg'
[1.316s] Level 1:colcon.colcon_core.package_identification:_identify(move_turtle_pkg) by extensions ['colcon_meta']
[1.316s] Level 1:colcon.colcon_core.package_identification:_identify(move_turtle_pkg) by extension 'colcon_meta'
[1.316s] Level 1:colcon.colcon_core.package_identification:_identify(move_turtle_pkg) by extensions ['ros']
[1.316s] Level 1:colcon.colcon_core.package_identification:_identify(move_turtle_pkg) by extension 'ros'
[1.325s] DEBUG:colcon.colcon_core.package_identification:Package 'move_turtle_pkg' with type 'ros.ament_python' and name 'move_turtle_pkg'
[1.330s] Level 1:colcon.colcon_core.package_identification:_identify(opencv_test) by extensions ['ignore', 'ignore_ament_install']
[1.330s] Level 1:colcon.colcon_core.package_identification:_identify(opencv_test) by extension 'ignore'
[1.330s] Level 1:colcon.colcon_core.package_identification:_identify(opencv_test) by extension 'ignore_ament_install'
[1.330s] Level 1:colcon.colcon_core.package_identification:_identify(opencv_test) by extensions ['colcon_pkg']
[1.330s] Level 1:colcon.colcon_core.package_identification:_identify(opencv_test) by extension 'colcon_pkg'
[1.330s] Level 1:colcon.colcon_core.package_identification:_identify(opencv_test) by extensions ['colcon_meta']
[1.330s] Level 1:colcon.colcon_core.package_identification:_identify(opencv_test) by extension 'colcon_meta'
[1.330s] Level 1:colcon.colcon_core.package_identification:_identify(opencv_test) by extensions ['ros']
[1.330s] Level 1:colcon.colcon_core.package_identification:_identify(opencv_test) by extension 'ros'
[1.331s] Level 1:colcon.colcon_core.package_identification:_identify(opencv_test) by extensions ['cmake', 'python']
[1.331s] Level 1:colcon.colcon_core.package_identification:_identify(opencv_test) by extension 'cmake'
[1.331s] Level 1:colcon.colcon_core.package_identification:_identify(opencv_test) by extension 'python'
[1.331s] Level 1:colcon.colcon_core.package_identification:_identify(opencv_test) by extensions ['python_setup_py']
[1.331s] Level 1:colcon.colcon_core.package_identification:_identify(opencv_test) by extension 'python_setup_py'
[1.331s] Level 1:colcon.colcon_core.package_identification:_identify(opencv_test/img) by extensions ['ignore', 'ignore_ament_install']
[1.331s] Level 1:colcon.colcon_core.package_identification:_identify(opencv_test/img) by extension 'ignore'
[1.331s] Level 1:colcon.colcon_core.package_identification:_identify(opencv_test/img) by extension 'ignore_ament_install'
[1.331s] Level 1:colcon.colcon_core.package_identification:_identify(opencv_test/img) by extensions ['colcon_pkg']
[1.331s] Level 1:colcon.colcon_core.package_identification:_identify(opencv_test/img) by extension 'colcon_pkg'
[1.331s] Level 1:colcon.colcon_core.package_identification:_identify(opencv_test/img) by extensions ['colcon_meta']
[1.331s] Level 1:colcon.colcon_core.package_identification:_identify(opencv_test/img) by extension 'colcon_meta'
[1.332s] Level 1:colcon.colcon_core.package_identification:_identify(opencv_test/img) by extensions ['ros']
[1.332s] Level 1:colcon.colcon_core.package_identification:_identify(opencv_test/img) by extension 'ros'
[1.332s] Level 1:colcon.colcon_core.package_identification:_identify(opencv_test/img) by extensions ['cmake', 'python']
[1.332s] Level 1:colcon.colcon_core.package_identification:_identify(opencv_test/img) by extension 'cmake'
[1.332s] Level 1:colcon.colcon_core.package_identification:_identify(opencv_test/img) by extension 'python'
[1.332s] Level 1:colcon.colcon_core.package_identification:_identify(opencv_test/img) by extensions ['python_setup_py']
[1.332s] Level 1:colcon.colcon_core.package_identification:_identify(opencv_test/img) by extension 'python_setup_py'
[1.332s] Level 1:colcon.colcon_core.package_identification:_identify(src) by extensions ['ignore', 'ignore_ament_install']
[1.332s] Level 1:colcon.colcon_core.package_identification:_identify(src) by extension 'ignore'
[1.332s] Level 1:colcon.colcon_core.package_identification:_identify(src) by extension 'ignore_ament_install'
[1.332s] Level 1:colcon.colcon_core.package_identification:_identify(src) by extensions ['colcon_pkg']
[1.333s] Level 1:colcon.colcon_core.package_identification:_identify(src) by extension 'colcon_pkg'
[1.333s] Level 1:colcon.colcon_core.package_identification:_identify(src) by extensions ['colcon_meta']
[1.333s] Level 1:colcon.colcon_core.package_identification:_identify(src) by extension 'colcon_meta'
[1.333s] Level 1:colcon.colcon_core.package_identification:_identify(src) by extensions ['ros']
[1.333s] Level 1:colcon.colcon_core.package_identification:_identify(src) by extension 'ros'
[1.333s] Level 1:colcon.colcon_core.package_identification:_identify(src) by extensions ['cmake', 'python']
[1.333s] Level 1:colcon.colcon_core.package_identification:_identify(src) by extension 'cmake'
[1.333s] Level 1:colcon.colcon_core.package_identification:_identify(src) by extension 'python'
[1.333s] Level 1:colcon.colcon_core.package_identification:_identify(src) by extensions ['python_setup_py']
[1.336s] Level 1:colcon.colcon_core.package_identification:_identify(src) by extension 'python_setup_py'
[1.337s] Level 1:colcon.colcon_core.package_identification:_identify(src/m_pubsub) by extensions ['ignore', 'ignore_ament_install']
[1.337s] Level 1:colcon.colcon_core.package_identification:_identify(src/m_pubsub) by extension 'ignore'
[1.337s] Level 1:colcon.colcon_core.package_identification:_identify(src/m_pubsub) by extension 'ignore_ament_install'
[1.337s] Level 1:colcon.colcon_core.package_identification:_identify(src/m_pubsub) by extensions ['colcon_pkg']
[1.337s] Level 1:colcon.colcon_core.package_identification:_identify(src/m_pubsub) by extension 'colcon_pkg'
[1.337s] Level 1:colcon.colcon_core.package_identification:_identify(src/m_pubsub) by extensions ['colcon_meta']
[1.340s] Level 1:colcon.colcon_core.package_identification:_identify(src/m_pubsub) by extension 'colcon_meta'
[1.340s] Level 1:colcon.colcon_core.package_identification:_identify(src/m_pubsub) by extensions ['ros']
[1.340s] Level 1:colcon.colcon_core.package_identification:_identify(src/m_pubsub) by extension 'ros'
[1.341s] DEBUG:colcon.colcon_core.package_identification:Package 'src/m_pubsub' with type 'ros.ament_python' and name 'm_pubsub'
[1.341s] Level 1:colcon.colcon_core.package_identification:_identify(src/test_interfaces) by extensions ['ignore', 'ignore_ament_install']
[1.341s] Level 1:colcon.colcon_core.package_identification:_identify(src/test_interfaces) by extension 'ignore'
[1.341s] Level 1:colcon.colcon_core.package_identification:_identify(src/test_interfaces) by extension 'ignore_ament_install'
[1.341s] Level 1:colcon.colcon_core.package_identification:_identify(src/test_interfaces) by extensions ['colcon_pkg']
[1.341s] Level 1:colcon.colcon_core.package_identification:_identify(src/test_interfaces) by extension 'colcon_pkg'
[1.345s] Level 1:colcon.colcon_core.package_identification:_identify(src/test_interfaces) by extensions ['colcon_meta']
[1.345s] Level 1:colcon.colcon_core.package_identification:_identify(src/test_interfaces) by extension 'colcon_meta'
[1.345s] Level 1:colcon.colcon_core.package_identification:_identify(src/test_interfaces) by extensions ['ros']
[1.345s] Level 1:colcon.colcon_core.package_identification:_identify(src/test_interfaces) by extension 'ros'
[1.348s] DEBUG:colcon.colcon_core.package_identification:Package 'src/test_interfaces' with type 'ros.ament_cmake' and name 'test_interfaces'
[1.348s] Level 1:colcon.colcon_core.package_identification:_identify(test_num) by extensions ['ignore', 'ignore_ament_install']
[1.349s] Level 1:colcon.colcon_core.package_identification:_identify(test_num) by extension 'ignore'
[1.349s] Level 1:colcon.colcon_core.package_identification:_identify(test_num) by extension 'ignore_ament_install'
[1.349s] Level 1:colcon.colcon_core.package_identification:_identify(test_num) by extensions ['colcon_pkg']
[1.349s] Level 1:colcon.colcon_core.package_identification:_identify(test_num) by extension 'colcon_pkg'
[1.349s] Level 1:colcon.colcon_core.package_identification:_identify(test_num) by extensions ['colcon_meta']
[1.349s] Level 1:colcon.colcon_core.package_identification:_identify(test_num) by extension 'colcon_meta'
[1.349s] Level 1:colcon.colcon_core.package_identification:_identify(test_num) by extensions ['ros']
[1.349s] Level 1:colcon.colcon_core.package_identification:_identify(test_num) by extension 'ros'
[1.358s] DEBUG:colcon.colcon_core.package_identification:Package 'test_num' with type 'ros.ament_python' and name 'test_num'
[1.362s] Level 1:colcon.colcon_core.package_discovery:discover_packages(recursive) using defaults
[1.362s] Level 1:colcon.colcon_core.package_discovery:discover_packages(ignore) discover
[1.362s] Level 1:colcon.colcon_core.package_discovery:discover_packages(ignore) using defaults
[1.362s] Level 1:colcon.colcon_core.package_discovery:discover_packages(path) discover
[1.362s] Level 1:colcon.colcon_core.package_discovery:discover_packages(path) using defaults
[1.474s] Level 1:colcon.colcon_core.package_discovery:discover_packages(prefix_path) check parameters
[1.474s] Level 1:colcon.colcon_core.package_discovery:discover_packages(prefix_path) discover
[1.494s] DEBUG:colcon.colcon_installed_package_information.package_discovery:Found 4 installed packages in /home/psh/ros_code/install
[1.499s] DEBUG:colcon.colcon_installed_package_information.package_discovery:Found 258 installed packages in /opt/ros/foxy
[1.509s] Level 1:colcon.colcon_core.package_discovery:discover_packages(prefix_path) using defaults
[1.678s] Level 5:colcon.colcon_core.verb:set package 'm_pubsub' build argument 'cmake_args' from command line to 'None'
[1.678s] Level 5:colcon.colcon_core.verb:set package 'm_pubsub' build argument 'cmake_target' from command line to 'None'
[1.678s] Level 5:colcon.colcon_core.verb:set package 'm_pubsub' build argument 'cmake_target_skip_unavailable' from command line to 'False'
[1.678s] Level 5:colcon.colcon_core.verb:set package 'm_pubsub' build argument 'cmake_clean_cache' from command line to 'False'
[1.678s] Level 5:colcon.colcon_core.verb:set package 'm_pubsub' build argument 'cmake_clean_first' from command line to 'False'
[1.679s] Level 5:colcon.colcon_core.verb:set package 'm_pubsub' build argument 'cmake_force_configure' from command line to 'False'
[1.679s] Level 5:colcon.colcon_core.verb:set package 'm_pubsub' build argument 'ament_cmake_args' from command line to 'None'
[1.679s] Level 5:colcon.colcon_core.verb:set package 'm_pubsub' build argument 'catkin_cmake_args' from command line to 'None'
[1.679s] Level 5:colcon.colcon_core.verb:set package 'm_pubsub' build argument 'catkin_skip_building_tests' from command line to 'False'
[1.679s] DEBUG:colcon.colcon_core.verb:Building package 'm_pubsub' with the following arguments: {'ament_cmake_args': None, 'build_base': '/home/psh/ros_code/build/m_pubsub', 'catkin_cmake_args': None, 'catkin_skip_building_tests': False, 'cmake_args': None, 'cmake_clean_cache': False, 'cmake_clean_first': False, 'cmake_force_configure': False, 'cmake_target': None, 'cmake_target_skip_unavailable': False, 'install_base': '/home/psh/ros_code/install/m_pubsub', 'merge_install': False, 'path': '/home/psh/ros_code/src/m_pubsub', 'symlink_install': True, 'test_result_base': None}
[1.682s] Level 5:colcon.colcon_core.verb:set package 'move_turtle_pkg' build argument 'cmake_args' from command line to 'None'
[1.683s] Level 5:colcon.colcon_core.verb:set package 'move_turtle_pkg' build argument 'cmake_target' from command line to 'None'
[1.683s] Level 5:colcon.colcon_core.verb:set package 'move_turtle_pkg' build argument 'cmake_target_skip_unavailable' from command line to 'False'
[1.683s] Level 5:colcon.colcon_core.verb:set package 'move_turtle_pkg' build argument 'cmake_clean_cache' from command line to 'False'
[1.683s] Level 5:colcon.colcon_core.verb:set package 'move_turtle_pkg' build argument 'cmake_clean_first' from command line to 'False'
[1.683s] Level 5:colcon.colcon_core.verb:set package 'move_turtle_pkg' build argument 'cmake_force_configure' from command line to 'False'
[1.683s] Level 5:colcon.colcon_core.verb:set package 'move_turtle_pkg' build argument 'ament_cmake_args' from command line to 'None'
[1.683s] Level 5:colcon.colcon_core.verb:set package 'move_turtle_pkg' build argument 'catkin_cmake_args' from command line to 'None'
[1.683s] Level 5:colcon.colcon_core.verb:set package 'move_turtle_pkg' build argument 'catkin_skip_building_tests' from command line to 'False'
[1.683s] DEBUG:colcon.colcon_core.verb:Building package 'move_turtle_pkg' with the following arguments: {'ament_cmake_args': None, 'build_base': '/home/psh/ros_code/build/move_turtle_pkg', 'catkin_cmake_args': None, 'catkin_skip_building_tests': False, 'cmake_args': None, 'cmake_clean_cache': False, 'cmake_clean_first': False, 'cmake_force_configure': False, 'cmake_target': None, 'cmake_target_skip_unavailable': False, 'install_base': '/home/psh/ros_code/install/move_turtle_pkg', 'merge_install': False, 'path': '/home/psh/ros_code/move_turtle_pkg', 'symlink_install': True, 'test_result_base': None}
[1.687s] Level 5:colcon.colcon_core.verb:set package 'test_interfaces' build argument 'cmake_args' from command line to 'None'
[1.687s] Level 5:colcon.colcon_core.verb:set package 'test_interfaces' build argument 'cmake_target' from command line to 'None'
[1.688s] Level 5:colcon.colcon_core.verb:set package 'test_interfaces' build argument 'cmake_target_skip_unavailable' from command line to 'False'
[1.688s] Level 5:colcon.colcon_core.verb:set package 'test_interfaces' build argument 'cmake_clean_cache' from command line to 'False'
[1.688s] Level 5:colcon.colcon_core.verb:set package 'test_interfaces' build argument 'cmake_clean_first' from command line to 'False'
[1.688s] Level 5:colcon.colcon_core.verb:set package 'test_interfaces' build argument 'cmake_force_configure' from command line to 'False'
[1.688s] Level 5:colcon.colcon_core.verb:set package 'test_interfaces' build argument 'ament_cmake_args' from command line to 'None'
[1.688s] Level 5:colcon.colcon_core.verb:set package 'test_interfaces' build argument 'catkin_cmake_args' from command line to 'None'
[1.688s] Level 5:colcon.colcon_core.verb:set package 'test_interfaces' build argument 'catkin_skip_building_tests' from command line to 'False'
[1.688s] DEBUG:colcon.colcon_core.verb:Building package 'test_interfaces' with the following arguments: {'ament_cmake_args': None, 'build_base': '/home/psh/ros_code/build/test_interfaces', 'catkin_cmake_args': None, 'catkin_skip_building_tests': False, 'cmake_args': None, 'cmake_clean_cache': False, 'cmake_clean_first': False, 'cmake_force_configure': False, 'cmake_target': None, 'cmake_target_skip_unavailable': False, 'install_base': '/home/psh/ros_code/install/test_interfaces', 'merge_install': False, 'path': '/home/psh/ros_code/src/test_interfaces', 'symlink_install': True, 'test_result_base': None}
[1.692s] Level 5:colcon.colcon_core.verb:set package 'test_num' build argument 'cmake_args' from command line to 'None'
[1.692s] Level 5:colcon.colcon_core.verb:set package 'test_num' build argument 'cmake_target' from command line to 'None'
[1.692s] Level 5:colcon.colcon_core.verb:set package 'test_num' build argument 'cmake_target_skip_unavailable' from command line to 'False'
[1.692s] Level 5:colcon.colcon_core.verb:set package 'test_num' build argument 'cmake_clean_cache' from command line to 'False'
[1.692s] Level 5:colcon.colcon_core.verb:set package 'test_num' build argument 'cmake_clean_first' from command line to 'False'
[1.693s] Level 5:colcon.colcon_core.verb:set package 'test_num' build argument 'cmake_force_configure' from command line to 'False'
[1.693s] Level 5:colcon.colcon_core.verb:set package 'test_num' build argument 'ament_cmake_args' from command line to 'None'
[1.693s] Level 5:colcon.colcon_core.verb:set package 'test_num' build argument 'catkin_cmake_args' from command line to 'None'
[1.693s] Level 5:colcon.colcon_core.verb:set package 'test_num' build argument 'catkin_skip_building_tests' from command line to 'False'
[1.693s] DEBUG:colcon.colcon_core.verb:Building package 'test_num' with the following arguments: {'ament_cmake_args': None, 'build_base': '/home/psh/ros_code/build/test_num', 'catkin_cmake_args': None, 'catkin_skip_building_tests': False, 'cmake_args': None, 'cmake_clean_cache': False, 'cmake_clean_first': False, 'cmake_force_configure': False, 'cmake_target': None, 'cmake_target_skip_unavailable': False, 'install_base': '/home/psh/ros_code/install/test_num', 'merge_install': False, 'path': '/home/psh/ros_code/test_num', 'symlink_install': True, 'test_result_base': None}
[1.696s] INFO:colcon.colcon_core.executor:Executing jobs using 'parallel' executor
[1.713s] DEBUG:colcon.colcon_parallel_executor.executor.parallel:run_until_complete
[1.713s] INFO:colcon.colcon_ros.task.ament_python.build:Building ROS package in '/home/psh/ros_code/src/m_pubsub' with build type 'ament_python'
[1.714s] Level 1:colcon.colcon_core.shell:create_environment_hook('m_pubsub', 'ament_prefix_path')
[1.738s] INFO:colcon.colcon_core.plugin_system:Skipping extension 'colcon_core.shell.bat': Not used on non-Windows systems
[1.738s] INFO:colcon.colcon_core.shell:Creating environment hook '/home/psh/ros_code/install/m_pubsub/share/m_pubsub/hook/ament_prefix_path.ps1'
[1.740s] INFO:colcon.colcon_core.shell:Creating environment descriptor '/home/psh/ros_code/install/m_pubsub/share/m_pubsub/hook/ament_prefix_path.dsv'
[1.741s] INFO:colcon.colcon_core.shell:Creating environment hook '/home/psh/ros_code/install/m_pubsub/share/m_pubsub/hook/ament_prefix_path.sh'
[1.759s] INFO:colcon.colcon_core.shell:Skip shell extension 'powershell' for command environment: Not usable outside of PowerShell
[1.760s] DEBUG:colcon.colcon_core.shell:Skip shell extension 'dsv' for command environment
[2.397s] INFO:colcon.colcon_core.task.python.build:Building Python package in '/home/psh/ros_code/src/m_pubsub'
[2.404s] INFO:colcon.colcon_core.shell:Skip shell extension 'powershell' for command environment: Not usable outside of PowerShell
[2.405s] DEBUG:colcon.colcon_core.shell:Skip shell extension 'dsv' for command environment
[3.325s] DEBUG:colcon.colcon_core.event_handler.log_command:Invoking command in '/home/psh/ros_code/build/m_pubsub': PYTHONPATH=/home/psh/ros_code/build/m_pubsub/prefix_override:/home/psh/ros_code/install/m_pubsub/lib/python3.8/site-packages:${PYTHONPATH} /usr/bin/python3 setup.py develop --editable --build-directory /home/psh/ros_code/build/m_pubsub/build --no-deps install_data
[4.430s] Level 1:colcon.colcon_core.shell:create_environment_hook('m_pubsub', 'pythonpath_develop')
[4.431s] DEBUG:colcon.colcon_core.event_handler.log_command:Invoked command in '/home/psh/ros_code/build/m_pubsub' returned '0': PYTHONPATH=/home/psh/ros_code/build/m_pubsub/prefix_override:/home/psh/ros_code/install/m_pubsub/lib/python3.8/site-packages:${PYTHONPATH} /usr/bin/python3 setup.py develop --editable --build-directory /home/psh/ros_code/build/m_pubsub/build --no-deps install_data
[4.438s] INFO:colcon.colcon_core.shell:Creating environment hook '/home/psh/ros_code/build/m_pubsub/share/m_pubsub/hook/pythonpath_develop.ps1'
[4.441s] INFO:colcon.colcon_core.shell:Creating environment descriptor '/home/psh/ros_code/build/m_pubsub/share/m_pubsub/hook/pythonpath_develop.dsv'
[4.442s] INFO:colcon.colcon_core.shell:Creating environment hook '/home/psh/ros_code/build/m_pubsub/share/m_pubsub/hook/pythonpath_develop.sh'
[4.458s] Level 1:colcon.colcon_core.environment:checking '/home/psh/ros_code/install/m_pubsub' for CMake module files
[4.459s] Level 1:colcon.colcon_core.environment:checking '/home/psh/ros_code/install/m_pubsub' for CMake config files
[4.460s] Level 1:colcon.colcon_core.environment:checking '/home/psh/ros_code/install/m_pubsub/lib'
[4.461s] Level 1:colcon.colcon_core.environment:checking '/home/psh/ros_code/install/m_pubsub/bin'
[4.461s] Level 1:colcon.colcon_core.environment:checking '/home/psh/ros_code/install/m_pubsub/lib/pkgconfig/m_pubsub.pc'
[4.467s] Level 1:colcon.colcon_core.environment:checking '/home/psh/ros_code/install/m_pubsub/lib/python3.8/site-packages'
[4.467s] Level 1:colcon.colcon_core.shell:create_environment_hook('m_pubsub', 'pythonpath')
[4.474s] INFO:colcon.colcon_core.shell:Creating environment hook '/home/psh/ros_code/install/m_pubsub/share/m_pubsub/hook/pythonpath.ps1'
[4.475s] INFO:colcon.colcon_core.shell:Creating environment descriptor '/home/psh/ros_code/install/m_pubsub/share/m_pubsub/hook/pythonpath.dsv'
[4.476s] INFO:colcon.colcon_core.shell:Creating environment hook '/home/psh/ros_code/install/m_pubsub/share/m_pubsub/hook/pythonpath.sh'
[4.477s] Level 1:colcon.colcon_core.environment:checking '/home/psh/ros_code/install/m_pubsub/bin'
[4.477s] Level 1:colcon.colcon_core.environment:create_environment_scripts_only(m_pubsub)
[4.484s] INFO:colcon.colcon_core.shell:Creating package script '/home/psh/ros_code/install/m_pubsub/share/m_pubsub/package.ps1'
[4.486s] INFO:colcon.colcon_core.shell:Creating package descriptor '/home/psh/ros_code/install/m_pubsub/share/m_pubsub/package.dsv'
[4.487s] INFO:colcon.colcon_core.shell:Creating package script '/home/psh/ros_code/install/m_pubsub/share/m_pubsub/package.sh'
[4.489s] INFO:colcon.colcon_core.shell:Creating package script '/home/psh/ros_code/install/m_pubsub/share/m_pubsub/package.bash'
[4.491s] INFO:colcon.colcon_core.shell:Creating package script '/home/psh/ros_code/install/m_pubsub/share/m_pubsub/package.zsh'
[4.492s] Level 1:colcon.colcon_core.environment:create_file_with_runtime_dependencies(/home/psh/ros_code/install/m_pubsub/share/colcon-core/packages/m_pubsub)
[4.494s] INFO:colcon.colcon_ros.task.ament_python.build:Building ROS package in '/home/psh/ros_code/move_turtle_pkg' with build type 'ament_python'
[4.495s] Level 1:colcon.colcon_core.shell:create_environment_hook('move_turtle_pkg', 'ament_prefix_path')
[4.501s] INFO:colcon.colcon_core.shell:Creating environment hook '/home/psh/ros_code/install/move_turtle_pkg/share/move_turtle_pkg/hook/ament_prefix_path.ps1'
[4.503s] INFO:colcon.colcon_core.shell:Creating environment descriptor '/home/psh/ros_code/install/move_turtle_pkg/share/move_turtle_pkg/hook/ament_prefix_path.dsv'
[4.504s] INFO:colcon.colcon_core.shell:Creating environment hook '/home/psh/ros_code/install/move_turtle_pkg/share/move_turtle_pkg/hook/ament_prefix_path.sh'
[4.534s] INFO:colcon.colcon_core.shell:Skip shell extension 'powershell' for command environment: Not usable outside of PowerShell
[4.534s] DEBUG:colcon.colcon_core.shell:Skip shell extension 'dsv' for command environment
[5.229s] INFO:colcon.colcon_core.task.python.build:Building Python package in '/home/psh/ros_code/move_turtle_pkg'
[5.236s] INFO:colcon.colcon_core.shell:Skip shell extension 'powershell' for command environment: Not usable outside of PowerShell
[5.236s] DEBUG:colcon.colcon_core.shell:Skip shell extension 'dsv' for command environment
[6.227s] DEBUG:colcon.colcon_core.event_handler.log_command:Invoking command in '/home/psh/ros_code/build/move_turtle_pkg': PYTHONPATH=/home/psh/ros_code/build/move_turtle_pkg/prefix_override:/home/psh/ros_code/install/move_turtle_pkg/lib/python3.8/site-packages:${PYTHONPATH} /usr/bin/python3 setup.py develop --editable --build-directory /home/psh/ros_code/build/move_turtle_pkg/build --no-deps install_data
[7.320s] Level 1:colcon.colcon_core.shell:create_environment_hook('move_turtle_pkg', 'pythonpath_develop')
[7.321s] DEBUG:colcon.colcon_core.event_handler.log_command:Invoked command in '/home/psh/ros_code/build/move_turtle_pkg' returned '0': PYTHONPATH=/home/psh/ros_code/build/move_turtle_pkg/prefix_override:/home/psh/ros_code/install/move_turtle_pkg/lib/python3.8/site-packages:${PYTHONPATH} /usr/bin/python3 setup.py develop --editable --build-directory /home/psh/ros_code/build/move_turtle_pkg/build --no-deps install_data
[7.328s] INFO:colcon.colcon_core.shell:Creating environment hook '/home/psh/ros_code/build/move_turtle_pkg/share/move_turtle_pkg/hook/pythonpath_develop.ps1'
[7.329s] INFO:colcon.colcon_core.shell:Creating environment descriptor '/home/psh/ros_code/build/move_turtle_pkg/share/move_turtle_pkg/hook/pythonpath_develop.dsv'
[7.330s] INFO:colcon.colcon_core.shell:Creating environment hook '/home/psh/ros_code/build/move_turtle_pkg/share/move_turtle_pkg/hook/pythonpath_develop.sh'
[7.340s] Level 1:colcon.colcon_core.environment:checking '/home/psh/ros_code/install/move_turtle_pkg' for CMake module files
[7.341s] Level 1:colcon.colcon_core.environment:checking '/home/psh/ros_code/install/move_turtle_pkg' for CMake config files
[7.342s] Level 1:colcon.colcon_core.environment:checking '/home/psh/ros_code/install/move_turtle_pkg/lib'
[7.342s] Level 1:colcon.colcon_core.environment:checking '/home/psh/ros_code/install/move_turtle_pkg/bin'
[7.343s] Level 1:colcon.colcon_core.environment:checking '/home/psh/ros_code/install/move_turtle_pkg/lib/pkgconfig/move_turtle_pkg.pc'
[7.343s] Level 1:colcon.colcon_core.environment:checking '/home/psh/ros_code/install/move_turtle_pkg/lib/python3.8/site-packages'
[7.343s] Level 1:colcon.colcon_core.shell:create_environment_hook('move_turtle_pkg', 'pythonpath')
[7.349s] INFO:colcon.colcon_core.shell:Creating environment hook '/home/psh/ros_code/install/move_turtle_pkg/share/move_turtle_pkg/hook/pythonpath.ps1'
[7.350s] INFO:colcon.colcon_core.shell:Creating environment descriptor '/home/psh/ros_code/install/move_turtle_pkg/share/move_turtle_pkg/hook/pythonpath.dsv'
[7.351s] INFO:colcon.colcon_core.shell:Creating environment hook '/home/psh/ros_code/install/move_turtle_pkg/share/move_turtle_pkg/hook/pythonpath.sh'
[7.352s] Level 1:colcon.colcon_core.environment:checking '/home/psh/ros_code/install/move_turtle_pkg/bin'
[7.352s] Level 1:colcon.colcon_core.environment:create_environment_scripts_only(move_turtle_pkg)
[7.359s] INFO:colcon.colcon_core.shell:Creating package script '/home/psh/ros_code/install/move_turtle_pkg/share/move_turtle_pkg/package.ps1'
[7.361s] INFO:colcon.colcon_core.shell:Creating package descriptor '/home/psh/ros_code/install/move_turtle_pkg/share/move_turtle_pkg/package.dsv'
[7.362s] INFO:colcon.colcon_core.shell:Creating package script '/home/psh/ros_code/install/move_turtle_pkg/share/move_turtle_pkg/package.sh'
[7.363s] INFO:colcon.colcon_core.shell:Creating package script '/home/psh/ros_code/install/move_turtle_pkg/share/move_turtle_pkg/package.bash'
[7.364s] INFO:colcon.colcon_core.shell:Creating package script '/home/psh/ros_code/install/move_turtle_pkg/share/move_turtle_pkg/package.zsh'
[7.365s] Level 1:colcon.colcon_core.environment:create_file_with_runtime_dependencies(/home/psh/ros_code/install/move_turtle_pkg/share/colcon-core/packages/move_turtle_pkg)
[7.367s] INFO:colcon.colcon_ros.task.ament_cmake.build:Building ROS package in '/home/psh/ros_code/src/test_interfaces' with build type 'ament_cmake'
[7.367s] INFO:colcon.colcon_cmake.task.cmake.build:Building CMake package in '/home/psh/ros_code/src/test_interfaces'
[7.378s] INFO:colcon.colcon_core.shell:Skip shell extension 'powershell' for command environment: Not usable outside of PowerShell
[7.381s] DEBUG:colcon.colcon_core.shell:Skip shell extension 'dsv' for command environment
[7.436s] DEBUG:colcon.colcon_core.event_handler.log_command:Invoking command in '/home/psh/ros_code/build/test_interfaces': CMAKE_PREFIX_PATH=${CMAKE_PREFIX_PATH}:/home/psh/ros_code/install/test_num:/home/psh/ros_code/install/move_turtle_pkg:/home/psh/ros_code/install/m_pubsub:/opt/ros/foxy /usr/bin/cmake --build /home/psh/ros_code/build/test_interfaces -- -j1 -l1
[72.636s] DEBUG:colcon.colcon_core.event_handler.log_command:Invoked command in '/home/psh/ros_code/build/test_interfaces' returned '0': CMAKE_PREFIX_PATH=${CMAKE_PREFIX_PATH}:/home/psh/ros_code/install/test_num:/home/psh/ros_code/install/move_turtle_pkg:/home/psh/ros_code/install/m_pubsub:/opt/ros/foxy /usr/bin/cmake --build /home/psh/ros_code/build/test_interfaces -- -j1 -l1
[73.114s] DEBUG:colcon.colcon_core.event_handler.log_command:Invoking command in '/home/psh/ros_code/build/test_interfaces': CMAKE_PREFIX_PATH=${CMAKE_PREFIX_PATH}:/home/psh/ros_code/install/test_num:/home/psh/ros_code/install/move_turtle_pkg:/home/psh/ros_code/install/m_pubsub:/opt/ros/foxy /usr/bin/cmake --install /home/psh/ros_code/build/test_interfaces
[74.150s] Level 1:colcon.colcon_core.environment:create_environment_scripts_only(test_interfaces)
[74.166s] DEBUG:colcon.colcon_core.event_handler.log_command:Invoked command in '/home/psh/ros_code/build/test_interfaces' returned '0': CMAKE_PREFIX_PATH=${CMAKE_PREFIX_PATH}:/home/psh/ros_code/install/test_num:/home/psh/ros_code/install/move_turtle_pkg:/home/psh/ros_code/install/m_pubsub:/opt/ros/foxy /usr/bin/cmake --install /home/psh/ros_code/build/test_interfaces
[74.172s] Level 1:colcon.colcon_core.environment:checking '/home/psh/ros_code/install/test_interfaces' for CMake module files
[74.177s] Level 1:colcon.colcon_core.environment:checking '/home/psh/ros_code/install/test_interfaces' for CMake config files
[74.179s] Level 1:colcon.colcon_core.shell:create_environment_hook('test_interfaces', 'cmake_prefix_path')
[74.195s] INFO:colcon.colcon_core.shell:Creating environment hook '/home/psh/ros_code/install/test_interfaces/share/test_interfaces/hook/cmake_prefix_path.ps1'
[74.196s] INFO:colcon.colcon_core.shell:Creating environment descriptor '/home/psh/ros_code/install/test_interfaces/share/test_interfaces/hook/cmake_prefix_path.dsv'
[74.197s] INFO:colcon.colcon_core.shell:Creating environment hook '/home/psh/ros_code/install/test_interfaces/share/test_interfaces/hook/cmake_prefix_path.sh'
[74.202s] Level 1:colcon.colcon_core.environment:checking '/home/psh/ros_code/install/test_interfaces/lib'
[74.202s] Level 1:colcon.colcon_core.shell:create_environment_hook('test_interfaces', 'ld_library_path_lib')
[74.212s] INFO:colcon.colcon_core.shell:Creating environment hook '/home/psh/ros_code/install/test_interfaces/share/test_interfaces/hook/ld_library_path_lib.ps1'
[74.217s] INFO:colcon.colcon_core.shell:Creating environment descriptor '/home/psh/ros_code/install/test_interfaces/share/test_interfaces/hook/ld_library_path_lib.dsv'
[74.221s] INFO:colcon.colcon_core.shell:Creating environment hook '/home/psh/ros_code/install/test_interfaces/share/test_interfaces/hook/ld_library_path_lib.sh'
[74.222s] Level 1:colcon.colcon_core.environment:checking '/home/psh/ros_code/install/test_interfaces/bin'
[74.222s] Level 1:colcon.colcon_core.environment:checking '/home/psh/ros_code/install/test_interfaces/lib/pkgconfig/test_interfaces.pc'
[74.223s] Level 1:colcon.colcon_core.environment:checking '/home/psh/ros_code/install/test_interfaces/lib/python3.8/site-packages'
[74.223s] Level 1:colcon.colcon_core.shell:create_environment_hook('test_interfaces', 'pythonpath')
[74.237s] INFO:colcon.colcon_core.shell:Creating environment hook '/home/psh/ros_code/install/test_interfaces/share/test_interfaces/hook/pythonpath.ps1'
[74.238s] INFO:colcon.colcon_core.shell:Creating environment descriptor '/home/psh/ros_code/install/test_interfaces/share/test_interfaces/hook/pythonpath.dsv'
[74.239s] INFO:colcon.colcon_core.shell:Creating environment hook '/home/psh/ros_code/install/test_interfaces/share/test_interfaces/hook/pythonpath.sh'
[74.241s] Level 1:colcon.colcon_core.environment:checking '/home/psh/ros_code/install/test_interfaces/bin'
[74.254s] INFO:colcon.colcon_core.shell:Creating package script '/home/psh/ros_code/install/test_interfaces/share/test_interfaces/package.ps1'
[74.258s] INFO:colcon.colcon_core.shell:Creating package descriptor '/home/psh/ros_code/install/test_interfaces/share/test_interfaces/package.dsv'
[74.259s] INFO:colcon.colcon_core.shell:Creating package script '/home/psh/ros_code/install/test_interfaces/share/test_interfaces/package.sh'
[74.263s] INFO:colcon.colcon_core.shell:Creating package script '/home/psh/ros_code/install/test_interfaces/share/test_interfaces/package.bash'
[74.264s] INFO:colcon.colcon_core.shell:Creating package script '/home/psh/ros_code/install/test_interfaces/share/test_interfaces/package.zsh'
[74.265s] Level 1:colcon.colcon_core.environment:create_file_with_runtime_dependencies(/home/psh/ros_code/install/test_interfaces/share/colcon-core/packages/test_interfaces)
[74.642s] Level 1:colcon.colcon_core.environment:create_environment_scripts_only(test_interfaces)
[74.660s] Level 1:colcon.colcon_core.environment:checking '/home/psh/ros_code/install/test_interfaces' for CMake module files
[74.661s] Level 1:colcon.colcon_core.environment:checking '/home/psh/ros_code/install/test_interfaces' for CMake config files
[74.666s] Level 1:colcon.colcon_core.shell:create_environment_hook('test_interfaces', 'cmake_prefix_path')
[74.681s] INFO:colcon.colcon_core.shell:Creating environment hook '/home/psh/ros_code/install/test_interfaces/share/test_interfaces/hook/cmake_prefix_path.ps1'
[74.682s] INFO:colcon.colcon_core.shell:Creating environment descriptor '/home/psh/ros_code/install/test_interfaces/share/test_interfaces/hook/cmake_prefix_path.dsv'
[74.682s] INFO:colcon.colcon_core.shell:Creating environment hook '/home/psh/ros_code/install/test_interfaces/share/test_interfaces/hook/cmake_prefix_path.sh'
[74.684s] Level 1:colcon.colcon_core.environment:checking '/home/psh/ros_code/install/test_interfaces/lib'
[74.685s] Level 1:colcon.colcon_core.shell:create_environment_hook('test_interfaces', 'ld_library_path_lib')
[74.700s] INFO:colcon.colcon_core.shell:Creating environment hook '/home/psh/ros_code/install/test_interfaces/share/test_interfaces/hook/ld_library_path_lib.ps1'
[74.703s] INFO:colcon.colcon_core.shell:Creating environment descriptor '/home/psh/ros_code/install/test_interfaces/share/test_interfaces/hook/ld_library_path_lib.dsv'
[74.704s] INFO:colcon.colcon_core.shell:Creating environment hook '/home/psh/ros_code/install/test_interfaces/share/test_interfaces/hook/ld_library_path_lib.sh'
[74.707s] Level 1:colcon.colcon_core.environment:checking '/home/psh/ros_code/install/test_interfaces/bin'
[74.707s] Level 1:colcon.colcon_core.environment:checking '/home/psh/ros_code/install/test_interfaces/lib/pkgconfig/test_interfaces.pc'
[74.707s] Level 1:colcon.colcon_core.environment:checking '/home/psh/ros_code/install/test_interfaces/lib/python3.8/site-packages'
[74.707s] Level 1:colcon.colcon_core.shell:create_environment_hook('test_interfaces', 'pythonpath')
[74.719s] INFO:colcon.colcon_core.shell:Creating environment hook '/home/psh/ros_code/install/test_interfaces/share/test_interfaces/hook/pythonpath.ps1'
[74.721s] INFO:colcon.colcon_core.shell:Creating environment descriptor '/home/psh/ros_code/install/test_interfaces/share/test_interfaces/hook/pythonpath.dsv'
[74.723s] INFO:colcon.colcon_core.shell:Creating environment hook '/home/psh/ros_code/install/test_interfaces/share/test_interfaces/hook/pythonpath.sh'
[74.728s] Level 1:colcon.colcon_core.environment:checking '/home/psh/ros_code/install/test_interfaces/bin'
[74.745s] INFO:colcon.colcon_core.shell:Creating package script '/home/psh/ros_code/install/test_interfaces/share/test_interfaces/package.ps1'
[74.746s] INFO:colcon.colcon_core.shell:Creating package descriptor '/home/psh/ros_code/install/test_interfaces/share/test_interfaces/package.dsv'
[74.749s] INFO:colcon.colcon_core.shell:Creating package script '/home/psh/ros_code/install/test_interfaces/share/test_interfaces/package.sh'
[74.750s] INFO:colcon.colcon_core.shell:Creating package script '/home/psh/ros_code/install/test_interfaces/share/test_interfaces/package.bash'
[74.753s] INFO:colcon.colcon_core.shell:Creating package script '/home/psh/ros_code/install/test_interfaces/share/test_interfaces/package.zsh'
[74.755s] Level 1:colcon.colcon_core.environment:create_file_with_runtime_dependencies(/home/psh/ros_code/install/test_interfaces/share/colcon-core/packages/test_interfaces)
[74.756s] INFO:colcon.colcon_ros.task.ament_python.build:Building ROS package in '/home/psh/ros_code/test_num' with build type 'ament_python'
[74.758s] Level 1:colcon.colcon_core.shell:create_environment_hook('test_num', 'ament_prefix_path')
[74.767s] INFO:colcon.colcon_core.shell:Creating environment hook '/home/psh/ros_code/install/test_num/share/test_num/hook/ament_prefix_path.ps1'
[74.771s] INFO:colcon.colcon_core.shell:Creating environment descriptor '/home/psh/ros_code/install/test_num/share/test_num/hook/ament_prefix_path.dsv'
[74.773s] INFO:colcon.colcon_core.shell:Creating environment hook '/home/psh/ros_code/install/test_num/share/test_num/hook/ament_prefix_path.sh'
[74.785s] INFO:colcon.colcon_core.shell:Skip shell extension 'powershell' for command environment: Not usable outside of PowerShell
[74.789s] DEBUG:colcon.colcon_core.shell:Skip shell extension 'dsv' for command environment
[75.949s] INFO:colcon.colcon_core.task.python.build:Building Python package in '/home/psh/ros_code/test_num'
[75.964s] INFO:colcon.colcon_core.shell:Skip shell extension 'powershell' for command environment: Not usable outside of PowerShell
[75.964s] DEBUG:colcon.colcon_core.shell:Skip shell extension 'dsv' for command environment
[77.808s] DEBUG:colcon.colcon_core.event_handler.log_command:Invoking command in '/home/psh/ros_code/build/test_num': PYTHONPATH=/home/psh/ros_code/build/test_num/prefix_override:/home/psh/ros_code/install/test_num/lib/python3.8/site-packages:${PYTHONPATH} /usr/bin/python3 setup.py develop --editable --build-directory /home/psh/ros_code/build/test_num/build --no-deps install_data
[79.910s] Level 1:colcon.colcon_core.shell:create_environment_hook('test_num', 'pythonpath_develop')
[79.923s] DEBUG:colcon.colcon_core.event_handler.log_command:Invoked command in '/home/psh/ros_code/build/test_num' returned '0': PYTHONPATH=/home/psh/ros_code/build/test_num/prefix_override:/home/psh/ros_code/install/test_num/lib/python3.8/site-packages:${PYTHONPATH} /usr/bin/python3 setup.py develop --editable --build-directory /home/psh/ros_code/build/test_num/build --no-deps install_data
[79.928s] INFO:colcon.colcon_core.shell:Creating environment hook '/home/psh/ros_code/build/test_num/share/test_num/hook/pythonpath_develop.ps1'
[79.931s] INFO:colcon.colcon_core.shell:Creating environment descriptor '/home/psh/ros_code/build/test_num/share/test_num/hook/pythonpath_develop.dsv'
[79.933s] INFO:colcon.colcon_core.shell:Creating environment hook '/home/psh/ros_code/build/test_num/share/test_num/hook/pythonpath_develop.sh'
[79.958s] Level 1:colcon.colcon_core.environment:checking '/home/psh/ros_code/install/test_num' for CMake module files
[79.959s] Level 1:colcon.colcon_core.environment:checking '/home/psh/ros_code/install/test_num' for CMake config files
[79.960s] Level 1:colcon.colcon_core.environment:checking '/home/psh/ros_code/install/test_num/lib'
[79.960s] Level 1:colcon.colcon_core.environment:checking '/home/psh/ros_code/install/test_num/bin'
[79.960s] Level 1:colcon.colcon_core.environment:checking '/home/psh/ros_code/install/test_num/lib/pkgconfig/test_num.pc'
[79.961s] Level 1:colcon.colcon_core.environment:checking '/home/psh/ros_code/install/test_num/lib/python3.8/site-packages'
[79.961s] Level 1:colcon.colcon_core.shell:create_environment_hook('test_num', 'pythonpath')
[79.975s] INFO:colcon.colcon_core.shell:Creating environment hook '/home/psh/ros_code/install/test_num/share/test_num/hook/pythonpath.ps1'
[79.982s] INFO:colcon.colcon_core.shell:Creating environment descriptor '/home/psh/ros_code/install/test_num/share/test_num/hook/pythonpath.dsv'
[79.983s] INFO:colcon.colcon_core.shell:Creating environment hook '/home/psh/ros_code/install/test_num/share/test_num/hook/pythonpath.sh'
[79.984s] Level 1:colcon.colcon_core.environment:checking '/home/psh/ros_code/install/test_num/bin'
[79.984s] Level 1:colcon.colcon_core.environment:create_environment_scripts_only(test_num)
[79.996s] INFO:colcon.colcon_core.shell:Creating package script '/home/psh/ros_code/install/test_num/share/test_num/package.ps1'
[80.000s] INFO:colcon.colcon_core.shell:Creating package descriptor '/home/psh/ros_code/install/test_num/share/test_num/package.dsv'
[80.005s] INFO:colcon.colcon_core.shell:Creating package script '/home/psh/ros_code/install/test_num/share/test_num/package.sh'
[80.006s] INFO:colcon.colcon_core.shell:Creating package script '/home/psh/ros_code/install/test_num/share/test_num/package.bash'
[80.007s] INFO:colcon.colcon_core.shell:Creating package script '/home/psh/ros_code/install/test_num/share/test_num/package.zsh'
[80.008s] Level 1:colcon.colcon_core.environment:create_file_with_runtime_dependencies(/home/psh/ros_code/install/test_num/share/colcon-core/packages/test_num)
[80.009s] DEBUG:colcon.colcon_parallel_executor.executor.parallel:closing loop
[80.013s] DEBUG:colcon.colcon_parallel_executor.executor.parallel:loop closed
[80.013s] DEBUG:colcon.colcon_parallel_executor.executor.parallel:run_until_complete finished with '0'
[80.013s] DEBUG:colcon.colcon_core.event_reactor:joining thread
[80.058s] INFO:colcon.colcon_core.plugin_system:Skipping extension 'colcon_notification.desktop_notification.terminal_notifier': Not used on non-Darwin systems
[80.059s] INFO:colcon.colcon_core.plugin_system:Skipping extension 'colcon_notification.desktop_notification.win32': Not used on non-Windows systems
[80.059s] INFO:colcon.colcon_notification.desktop_notification:Sending desktop notification using 'notify2'
[80.255s] DEBUG:colcon.colcon_core.event_reactor:joined thread
[80.266s] INFO:colcon.colcon_core.shell:Creating prefix script '/home/psh/ros_code/install/local_setup.ps1'
[80.271s] INFO:colcon.colcon_core.shell:Creating prefix util module '/home/psh/ros_code/install/_local_setup_util_ps1.py'
[80.279s] INFO:colcon.colcon_core.shell:Creating prefix chain script '/home/psh/ros_code/install/setup.ps1'
[80.289s] INFO:colcon.colcon_core.shell:Creating prefix script '/home/psh/ros_code/install/local_setup.sh'
[80.291s] INFO:colcon.colcon_core.shell:Creating prefix util module '/home/psh/ros_code/install/_local_setup_util_sh.py'
[80.292s] INFO:colcon.colcon_core.shell:Creating prefix chain script '/home/psh/ros_code/install/setup.sh'
[80.301s] INFO:colcon.colcon_core.shell:Creating prefix script '/home/psh/ros_code/install/local_setup.bash'
[80.303s] INFO:colcon.colcon_core.shell:Creating prefix chain script '/home/psh/ros_code/install/setup.bash'
[80.311s] INFO:colcon.colcon_core.shell:Creating prefix script '/home/psh/ros_code/install/local_setup.zsh'
[80.315s] INFO:colcon.colcon_core.shell:Creating prefix chain script '/home/psh/ros_code/install/setup.zsh'
