[1.759s] Invoking command in '/home/psh/ros_code/build/m_pubsub': PYTHONPATH=/home/psh/ros_code/build/m_pubsub/prefix_override:/home/psh/ros_code/install/m_pubsub/lib/python3.8/site-packages:${PYTHONPATH} /usr/bin/python3 setup.py develop --editable --build-directory /home/psh/ros_code/build/m_pubsub/build --no-deps install_data
[2.313s] running develop
[2.602s] running egg_info
[2.603s] writing m_pubsub.egg-info/PKG-INFO
[2.604s] writing dependency_links to m_pubsub.egg-info/dependency_links.txt
[2.605s] writing entry points to m_pubsub.egg-info/entry_points.txt
[2.606s] writing requirements to m_pubsub.egg-info/requires.txt
[2.607s] writing top-level names to m_pubsub.egg-info/top_level.txt
[2.701s] reading manifest file 'm_pubsub.egg-info/SOURCES.txt'
[2.703s] writing manifest file 'm_pubsub.egg-info/SOURCES.txt'
[2.789s] running build_ext
[2.791s] Creating /home/psh/ros_code/install/m_pubsub/lib/python3.8/site-packages/m-pubsub.egg-link (link to .)
[2.795s] Installing met script to /home/psh/ros_code/install/m_pubsub/lib/m_pubsub
[2.797s] Installing mp script to /home/psh/ros_code/install/m_pubsub/lib/m_pubsub
[2.798s] Installing ms script to /home/psh/ros_code/install/m_pubsub/lib/m_pubsub
[2.799s] Installing mt script to /home/psh/ros_code/install/m_pubsub/lib/m_pubsub
[2.799s] Installing tp script to /home/psh/ros_code/install/m_pubsub/lib/m_pubsub
[2.800s] 
[2.800s] Installed /home/psh/ros_code/build/m_pubsub
[2.801s] running install_data
[2.861s] Invoked command in '/home/psh/ros_code/build/m_pubsub' returned '0': PYTHONPATH=/home/psh/ros_code/build/m_pubsub/prefix_override:/home/psh/ros_code/install/m_pubsub/lib/python3.8/site-packages:${PYTHONPATH} /usr/bin/python3 setup.py develop --editable --build-directory /home/psh/ros_code/build/m_pubsub/build --no-deps install_data
