[1.677s] Invoking command in '/home/psh/ros_code/build/m_pubsub': PYTHONPATH=/home/psh/ros_code/build/m_pubsub/prefix_override:/home/psh/ros_code/install/m_pubsub/lib/python3.8/site-packages:${PYTHONPATH} /usr/bin/python3 setup.py develop --editable --build-directory /home/psh/ros_code/build/m_pubsub/build --no-deps install_data
[2.433s] running develop
[2.730s] running egg_info
[2.731s] writing m_pubsub.egg-info/PKG-INFO
[2.732s] writing dependency_links to m_pubsub.egg-info/dependency_links.txt
[2.733s] writing entry points to m_pubsub.egg-info/entry_points.txt
[2.734s] writing requirements to m_pubsub.egg-info/requires.txt
[2.734s] writing top-level names to m_pubsub.egg-info/top_level.txt
[2.827s] reading manifest file 'm_pubsub.egg-info/SOURCES.txt'
[2.829s] writing manifest file 'm_pubsub.egg-info/SOURCES.txt'
[2.925s] running build_ext
[2.927s] Creating /home/psh/ros_code/install/m_pubsub/lib/python3.8/site-packages/m-pubsub.egg-link (link to .)
[2.929s] Installing met script to /home/psh/ros_code/install/m_pubsub/lib/m_pubsub
[2.931s] Installing mp script to /home/psh/ros_code/install/m_pubsub/lib/m_pubsub
[2.932s] Installing ms script to /home/psh/ros_code/install/m_pubsub/lib/m_pubsub
[2.932s] Installing mt script to /home/psh/ros_code/install/m_pubsub/lib/m_pubsub
[2.933s] Installing tp script to /home/psh/ros_code/install/m_pubsub/lib/m_pubsub
[2.934s] 
[2.934s] Installed /home/psh/ros_code/build/m_pubsub
[2.935s] running install_data
[3.039s] Invoked command in '/home/psh/ros_code/build/m_pubsub' returned '0': PYTHONPATH=/home/psh/ros_code/build/m_pubsub/prefix_override:/home/psh/ros_code/install/m_pubsub/lib/python3.8/site-packages:${PYTHONPATH} /usr/bin/python3 setup.py develop --editable --build-directory /home/psh/ros_code/build/m_pubsub/build --no-deps install_data
