[1.618s] Invoking command in '/home/psh/ros_code/build/m_pubsub': PYTHONPATH=/home/psh/ros_code/build/m_pubsub/prefix_override:/home/psh/ros_code/install/m_pubsub/lib/python3.8/site-packages:${PYTHONPATH} /usr/bin/python3 setup.py develop --editable --build-directory /home/psh/ros_code/build/m_pubsub/build --no-deps install_data
[2.130s] running develop
[2.399s] running egg_info
[2.400s] writing m_pubsub.egg-info/PKG-INFO
[2.401s] writing dependency_links to m_pubsub.egg-info/dependency_links.txt
[2.401s] writing entry points to m_pubsub.egg-info/entry_points.txt
[2.402s] writing requirements to m_pubsub.egg-info/requires.txt
[2.403s] writing top-level names to m_pubsub.egg-info/top_level.txt
[2.496s] reading manifest file 'm_pubsub.egg-info/SOURCES.txt'
[2.498s] writing manifest file 'm_pubsub.egg-info/SOURCES.txt'
[2.590s] running build_ext
[2.592s] Creating /home/psh/ros_code/install/m_pubsub/lib/python3.8/site-packages/m-pubsub.egg-link (link to .)
[2.594s] Installing met script to /home/psh/ros_code/install/m_pubsub/lib/m_pubsub
[2.595s] Installing mp script to /home/psh/ros_code/install/m_pubsub/lib/m_pubsub
[2.596s] Installing ms script to /home/psh/ros_code/install/m_pubsub/lib/m_pubsub
[2.597s] Installing mt script to /home/psh/ros_code/install/m_pubsub/lib/m_pubsub
[2.598s] Installing tp script to /home/psh/ros_code/install/m_pubsub/lib/m_pubsub
[2.599s] 
[2.600s] Installed /home/psh/ros_code/build/m_pubsub
[2.600s] running install_data
[2.657s] Invoked command in '/home/psh/ros_code/build/m_pubsub' returned '0': PYTHONPATH=/home/psh/ros_code/build/m_pubsub/prefix_override:/home/psh/ros_code/install/m_pubsub/lib/python3.8/site-packages:${PYTHONPATH} /usr/bin/python3 setup.py develop --editable --build-directory /home/psh/ros_code/build/m_pubsub/build --no-deps install_data
