[1.318s] Invoking command in '/home/psh/ros_code/build/m_pubsub': PYTHONPATH=/home/psh/ros_code/build/m_pubsub/prefix_override:/home/psh/ros_code/install/m_pubsub/lib/python3.8/site-packages:${PYTHONPATH} /usr/bin/python3 setup.py develop --editable --build-directory /home/psh/ros_code/build/m_pubsub/build --no-deps install_data
[1.779s] running develop
[1.997s] running egg_info
[1.997s] writing m_pubsub.egg-info/PKG-INFO
[1.998s] writing dependency_links to m_pubsub.egg-info/dependency_links.txt
[1.999s] writing entry points to m_pubsub.egg-info/entry_points.txt
[2.000s] writing requirements to m_pubsub.egg-info/requires.txt
[2.000s] writing top-level names to m_pubsub.egg-info/top_level.txt
[2.081s] reading manifest file 'm_pubsub.egg-info/SOURCES.txt'
[2.081s] writing manifest file 'm_pubsub.egg-info/SOURCES.txt'
[2.181s] running build_ext
[2.181s] Creating /home/psh/ros_code/install/m_pubsub/lib/python3.8/site-packages/m-pubsub.egg-link (link to .)
[2.189s] Installing met script to /home/psh/ros_code/install/m_pubsub/lib/m_pubsub
[2.189s] Installing mp script to /home/psh/ros_code/install/m_pubsub/lib/m_pubsub
[2.189s] Installing ms script to /home/psh/ros_code/install/m_pubsub/lib/m_pubsub
[2.189s] Installing mt script to /home/psh/ros_code/install/m_pubsub/lib/m_pubsub
[2.189s] Installing tp script to /home/psh/ros_code/install/m_pubsub/lib/m_pubsub
[2.189s] 
[2.189s] Installed /home/psh/ros_code/build/m_pubsub
[2.189s] running install_data
[2.290s] Invoked command in '/home/psh/ros_code/build/m_pubsub' returned '0': PYTHONPATH=/home/psh/ros_code/build/m_pubsub/prefix_override:/home/psh/ros_code/install/m_pubsub/lib/python3.8/site-packages:${PYTHONPATH} /usr/bin/python3 setup.py develop --editable --build-directory /home/psh/ros_code/build/m_pubsub/build --no-deps install_data
