[1.213s] Invoking command in '/home/psh/ros_code/build/m_pubsub': PYTHONPATH=/home/psh/ros_code/build/m_pubsub/prefix_override:/home/psh/ros_code/install/m_pubsub/lib/python3.8/site-packages:${PYTHONPATH} /usr/bin/python3 setup.py develop --editable --build-directory /home/psh/ros_code/build/m_pubsub/build --no-deps install_data
[1.534s] running develop
[1.732s] running egg_info
[1.733s] writing m_pubsub.egg-info/PKG-INFO
[1.733s] writing dependency_links to m_pubsub.egg-info/dependency_links.txt
[1.734s] writing entry points to m_pubsub.egg-info/entry_points.txt
[1.734s] writing requirements to m_pubsub.egg-info/requires.txt
[1.735s] writing top-level names to m_pubsub.egg-info/top_level.txt
[1.777s] reading manifest file 'm_pubsub.egg-info/SOURCES.txt'
[1.778s] writing manifest file 'm_pubsub.egg-info/SOURCES.txt'
[1.825s] running build_ext
[1.825s] Creating /home/psh/ros_code/install/m_pubsub/lib/python3.8/site-packages/m-pubsub.egg-link (link to .)
[1.827s] Installing met script to /home/psh/ros_code/install/m_pubsub/lib/m_pubsub
[1.827s] Installing mp script to /home/psh/ros_code/install/m_pubsub/lib/m_pubsub
[1.828s] Installing ms script to /home/psh/ros_code/install/m_pubsub/lib/m_pubsub
[1.828s] Installing mt script to /home/psh/ros_code/install/m_pubsub/lib/m_pubsub
[1.828s] Installing tp script to /home/psh/ros_code/install/m_pubsub/lib/m_pubsub
[1.829s] 
[1.829s] Installed /home/psh/ros_code/build/m_pubsub
[1.830s] running install_data
[1.896s] Invoked command in '/home/psh/ros_code/build/m_pubsub' returned '0': PYTHONPATH=/home/psh/ros_code/build/m_pubsub/prefix_override:/home/psh/ros_code/install/m_pubsub/lib/python3.8/site-packages:${PYTHONPATH} /usr/bin/python3 setup.py develop --editable --build-directory /home/psh/ros_code/build/m_pubsub/build --no-deps install_data
