[1.273s] Invoking command in '/home/psh/ros_code/build/m_pubsub': PYTHONPATH=/home/psh/ros_code/build/m_pubsub/prefix_override:/home/psh/ros_code/install/m_pubsub/lib/python3.8/site-packages:${PYTHONPATH} /usr/bin/python3 setup.py develop --editable --build-directory /home/psh/ros_code/build/m_pubsub/build --no-deps install_data
[1.601s] running develop
[1.799s] running egg_info
[1.799s] writing m_pubsub.egg-info/PKG-INFO
[1.800s] writing dependency_links to m_pubsub.egg-info/dependency_links.txt
[1.801s] writing entry points to m_pubsub.egg-info/entry_points.txt
[1.802s] writing requirements to m_pubsub.egg-info/requires.txt
[1.802s] writing top-level names to m_pubsub.egg-info/top_level.txt
[1.848s] reading manifest file 'm_pubsub.egg-info/SOURCES.txt'
[1.849s] writing manifest file 'm_pubsub.egg-info/SOURCES.txt'
[1.897s] running build_ext
[1.898s] Creating /home/psh/ros_code/install/m_pubsub/lib/python3.8/site-packages/m-pubsub.egg-link (link to .)
[1.900s] Installing met script to /home/psh/ros_code/install/m_pubsub/lib/m_pubsub
[1.901s] Installing mp script to /home/psh/ros_code/install/m_pubsub/lib/m_pubsub
[1.901s] Installing ms script to /home/psh/ros_code/install/m_pubsub/lib/m_pubsub
[1.902s] Installing mt script to /home/psh/ros_code/install/m_pubsub/lib/m_pubsub
[1.902s] Installing tp script to /home/psh/ros_code/install/m_pubsub/lib/m_pubsub
[1.903s] 
[1.903s] Installed /home/psh/ros_code/build/m_pubsub
[1.904s] running install_data
[1.942s] Invoked command in '/home/psh/ros_code/build/m_pubsub' returned '0': PYTHONPATH=/home/psh/ros_code/build/m_pubsub/prefix_override:/home/psh/ros_code/install/m_pubsub/lib/python3.8/site-packages:${PYTHONPATH} /usr/bin/python3 setup.py develop --editable --build-directory /home/psh/ros_code/build/m_pubsub/build --no-deps install_data
