[1.575s] Invoking command in '/home/psh/ros_code/build/m_pubsub': PYTHONPATH=/home/psh/ros_code/build/m_pubsub/prefix_override:/home/psh/ros_code/install/m_pubsub/lib/python3.8/site-packages:${PYTHONPATH} /usr/bin/python3 setup.py develop --editable --build-directory /home/psh/ros_code/build/m_pubsub/build --no-deps install_data
[2.137s] running develop
[2.414s] running egg_info
[2.415s] writing m_pubsub.egg-info/PKG-INFO
[2.416s] writing dependency_links to m_pubsub.egg-info/dependency_links.txt
[2.417s] writing entry points to m_pubsub.egg-info/entry_points.txt
[2.418s] writing requirements to m_pubsub.egg-info/requires.txt
[2.419s] writing top-level names to m_pubsub.egg-info/top_level.txt
[2.509s] reading manifest file 'm_pubsub.egg-info/SOURCES.txt'
[2.511s] writing manifest file 'm_pubsub.egg-info/SOURCES.txt'
[2.610s] running build_ext
[2.611s] Creating /home/psh/ros_code/install/m_pubsub/lib/python3.8/site-packages/m-pubsub.egg-link (link to .)
[2.614s] Installing met script to /home/psh/ros_code/install/m_pubsub/lib/m_pubsub
[2.615s] Installing mp script to /home/psh/ros_code/install/m_pubsub/lib/m_pubsub
[2.616s] Installing ms script to /home/psh/ros_code/install/m_pubsub/lib/m_pubsub
[2.617s] Installing mt script to /home/psh/ros_code/install/m_pubsub/lib/m_pubsub
[2.618s] Installing tp script to /home/psh/ros_code/install/m_pubsub/lib/m_pubsub
[2.619s] 
[2.620s] Installed /home/psh/ros_code/build/m_pubsub
[2.620s] running install_data
[2.691s] Invoked command in '/home/psh/ros_code/build/m_pubsub' returned '0': PYTHONPATH=/home/psh/ros_code/build/m_pubsub/prefix_override:/home/psh/ros_code/install/m_pubsub/lib/python3.8/site-packages:${PYTHONPATH} /usr/bin/python3 setup.py develop --editable --build-directory /home/psh/ros_code/build/m_pubsub/build --no-deps install_data
